<?xml version="1.0" encoding="UTF-8"?>
<coverage generated="1553748157931" clover="3.2.0">
  <project timestamp="1553748157931" name="All files">
    <metrics statements="307" coveredstatements="204" conditionals="143" coveredconditionals="73" methods="78" coveredmethods="46" elements="528" coveredelements="323" complexity="0" loc="307" ncloc="307" packages="2" files="2" classes="2">
      <package name="build">
        <metrics statements="301" coveredstatements="200" conditionals="143" coveredconditionals="73" methods="74" coveredmethods="44"/>
        <file name="bundle.esm.js" path="/Users/xieyu/Desktop/projects/state-db/build/bundle.esm.js">
          <metrics statements="301" coveredstatements="200" conditionals="143" coveredconditionals="73" methods="74" coveredmethods="44"/>
          <line num="2" count="274" type="cond" truecount="1" falsecount="1"/>
          <line num="3" count="0" type="stmt"/>
          <line num="10" count="274" type="stmt"/>
          <line num="13" count="274" type="stmt"/>
          <line num="16" count="25" type="stmt"/>
          <line num="18" count="43" type="stmt"/>
          <line num="20" count="10" type="stmt"/>
          <line num="22" count="26" type="stmt"/>
          <line num="24" count="7" type="stmt"/>
          <line num="25" count="26" type="stmt"/>
          <line num="26" count="26" type="stmt"/>
          <line num="31" count="17" type="stmt"/>
          <line num="32" count="10" type="cond" truecount="1" falsecount="1"/>
          <line num="33" count="10" type="stmt"/>
          <line num="35" count="10" type="cond" truecount="2" falsecount="2"/>
          <line num="36" count="0" type="stmt"/>
          <line num="38" count="10" type="stmt"/>
          <line num="43" count="17" type="stmt"/>
          <line num="44" count="0" type="stmt"/>
          <line num="46" count="0" type="cond" truecount="0" falsecount="2"/>
          <line num="47" count="0" type="cond" truecount="0" falsecount="2"/>
          <line num="48" count="0" type="stmt"/>
          <line num="50" count="0" type="stmt"/>
          <line num="52" count="0" type="cond" truecount="0" falsecount="2"/>
          <line num="53" count="0" type="stmt"/>
          <line num="59" count="17" type="stmt"/>
          <line num="60" count="39" type="stmt"/>
          <line num="62" count="39" type="cond" truecount="4" falsecount="0"/>
          <line num="63" count="29" type="stmt"/>
          <line num="64" count="29" type="stmt"/>
          <line num="69" count="17" type="stmt"/>
          <line num="78" count="7" type="stmt"/>
          <line num="79" count="7" type="stmt"/>
          <line num="83" count="10" type="stmt"/>
          <line num="84" count="26" type="stmt"/>
          <line num="85" count="104" type="stmt"/>
          <line num="91" count="26" type="stmt"/>
          <line num="92" count="26" type="stmt"/>
          <line num="95" count="10" type="stmt"/>
          <line num="96" count="1" type="stmt"/>
          <line num="97" count="3" type="stmt"/>
          <line num="99" count="1" type="stmt"/>
          <line num="102" count="10" type="stmt"/>
          <line num="103" count="2" type="stmt"/>
          <line num="104" count="6" type="stmt"/>
          <line num="106" count="2" type="stmt"/>
          <line num="109" count="10" type="cond" truecount="0" falsecount="1"/>
          <line num="110" count="0" type="cond" truecount="0" falsecount="2"/>
          <line num="111" count="0" type="stmt"/>
          <line num="112" count="0" type="stmt"/>
          <line num="113" count="0" type="stmt"/>
          <line num="115" count="0" type="cond" truecount="0" falsecount="2"/>
          <line num="116" count="0" type="stmt"/>
          <line num="119" count="0" type="cond" truecount="0" falsecount="2"/>
          <line num="120" count="0" type="stmt"/>
          <line num="123" count="0" type="stmt"/>
          <line num="128" count="10" type="stmt"/>
          <line num="129" count="19" type="stmt"/>
          <line num="130" count="19" type="stmt"/>
          <line num="132" count="19" type="cond" truecount="2" falsecount="0"/>
          <line num="133" count="2" type="stmt"/>
          <line num="134" count="17" type="cond" truecount="2" falsecount="3"/>
          <line num="135" count="17" type="stmt"/>
          <line num="139" count="10" type="stmt"/>
          <line num="140" count="18" type="stmt"/>
          <line num="141" count="18" type="stmt"/>
          <line num="142" count="18" type="stmt"/>
          <line num="145" count="10" type="stmt"/>
          <line num="146" count="0" type="stmt"/>
          <line num="149" count="10" type="cond" truecount="0" falsecount="1"/>
          <line num="150" count="12" type="stmt"/>
          <line num="152" count="12" type="stmt"/>
          <line num="153" count="12" type="stmt"/>
          <line num="154" count="29" type="cond" truecount="1" falsecount="1"/>
          <line num="155" count="29" type="stmt"/>
          <line num="158" count="12" type="stmt"/>
          <line num="160" count="12" type="stmt"/>
          <line num="161" count="12" type="stmt"/>
          <line num="164" count="10" type="stmt"/>
          <line num="165" count="18" type="stmt"/>
          <line num="166" count="18" type="cond" truecount="2" falsecount="0"/>
          <line num="168" count="18" type="cond" truecount="2" falsecount="0"/>
          <line num="169" count="15" type="stmt"/>
          <line num="171" count="15" type="cond" truecount="2" falsecount="0"/>
          <line num="172" count="8" type="stmt"/>
          <line num="173" count="8" type="cond" truecount="2" falsecount="0"/>
          <line num="175" count="7" type="stmt"/>
          <line num="176" count="25" type="cond" truecount="2" falsecount="0"/>
          <line num="178" count="8" type="stmt"/>
          <line num="179" count="3" type="cond" truecount="1" falsecount="1"/>
          <line num="183" count="4" type="stmt"/>
          <line num="184" count="4" type="cond" truecount="1" falsecount="1"/>
          <line num="189" count="10" type="stmt"/>
          <line num="190" count="13" type="stmt"/>
          <line num="192" count="13" type="cond" truecount="2" falsecount="0"/>
          <line num="193" count="9" type="stmt"/>
          <line num="195" count="9" type="stmt"/>
          <line num="197" count="9" type="cond" truecount="2" falsecount="0"/>
          <line num="198" count="2" type="stmt"/>
          <line num="200" count="7" type="stmt"/>
          <line num="205" count="7" type="stmt"/>
          <line num="206" count="7" type="stmt"/>
          <line num="208" count="4" type="cond" truecount="1" falsecount="1"/>
          <line num="209" count="4" type="stmt"/>
          <line num="211" count="4" type="stmt"/>
          <line num="212" count="4" type="stmt"/>
          <line num="213" count="9" type="stmt"/>
          <line num="215" count="9" type="cond" truecount="2" falsecount="0"/>
          <line num="216" count="8" type="stmt"/>
          <line num="217" count="8" type="stmt"/>
          <line num="221" count="4" type="cond" truecount="1" falsecount="1"/>
          <line num="222" count="4" type="stmt"/>
          <line num="228" count="0" type="stmt"/>
          <line num="231" count="0" type="stmt"/>
          <line num="234" count="13" type="stmt"/>
          <line num="237" count="10" type="stmt"/>
          <line num="238" count="2" type="stmt"/>
          <line num="239" count="2" type="stmt"/>
          <line num="241" count="2" type="stmt"/>
          <line num="243" count="2" type="cond" truecount="1" falsecount="1"/>
          <line num="244" count="4" type="stmt"/>
          <line num="245" count="2" type="stmt"/>
          <line num="248" count="2" type="stmt"/>
          <line num="250" count="0" type="stmt"/>
          <line num="254" count="10" type="stmt"/>
          <line num="255" count="1" type="stmt"/>
          <line num="256" count="1" type="stmt"/>
          <line num="258" count="1" type="stmt"/>
          <line num="260" count="1" type="stmt"/>
          <line num="261" count="6" type="stmt"/>
          <line num="263" count="1" type="stmt"/>
          <line num="266" count="1" type="stmt"/>
          <line num="269" count="10" type="stmt"/>
          <line num="270" count="1" type="cond" truecount="3" falsecount="1"/>
          <line num="271" count="0" type="stmt"/>
          <line num="272" count="0" type="stmt"/>
          <line num="275" count="1" type="stmt"/>
          <line num="276" count="1" type="stmt"/>
          <line num="278" count="1" type="stmt"/>
          <line num="280" count="5" type="stmt"/>
          <line num="281" count="1" type="stmt"/>
          <line num="284" count="1" type="stmt"/>
          <line num="287" count="10" type="stmt"/>
          <line num="288" count="2" type="stmt"/>
          <line num="289" count="2" type="stmt"/>
          <line num="290" count="2" type="stmt"/>
          <line num="292" count="2" type="stmt"/>
          <line num="293" count="3" type="stmt"/>
          <line num="294" count="3" type="stmt"/>
          <line num="295" count="3" type="cond" truecount="2" falsecount="0"/>
          <line num="299" count="2" type="stmt"/>
          <line num="300" count="2" type="stmt"/>
          <line num="302" count="0" type="stmt"/>
          <line num="305" count="0" type="stmt"/>
          <line num="308" count="10" type="stmt"/>
          <line num="309" count="0" type="stmt"/>
          <line num="310" count="0" type="stmt"/>
          <line num="313" count="10" type="stmt"/>
          <line num="314" count="0" type="stmt"/>
          <line num="315" count="0" type="stmt"/>
          <line num="318" count="10" type="cond" truecount="2" falsecount="0"/>
          <line num="320" count="10" type="cond" truecount="2" falsecount="0"/>
          <line num="328" count="10" type="cond" truecount="2" falsecount="0"/>
          <line num="329" count="10" type="stmt"/>
          <line num="330" count="10" type="stmt"/>
          <line num="331" count="10" type="stmt"/>
          <line num="332" count="10" type="stmt"/>
          <line num="333" count="10" type="cond" truecount="1" falsecount="1"/>
          <line num="335" count="10" type="stmt"/>
          <line num="337" count="35" type="stmt"/>
          <line num="339" count="10" type="cond" truecount="2" falsecount="0"/>
          <line num="340" count="2" type="stmt"/>
          <line num="341" count="12" type="stmt"/>
          <line num="342" count="29" type="cond" truecount="4" falsecount="0"/>
          <line num="343" count="1" type="stmt"/>
          <line num="346" count="28" type="cond" truecount="4" falsecount="0"/>
          <line num="347" count="26" type="cond" truecount="2" falsecount="0"/>
          <line num="348" count="2" type="stmt"/>
          <line num="353" count="9" type="stmt"/>
          <line num="357" count="10" type="cond" truecount="1" falsecount="1"/>
          <line num="358" count="0" type="stmt"/>
          <line num="359" count="10" type="cond" truecount="2" falsecount="0"/>
          <line num="360" count="1" type="cond" truecount="1" falsecount="1"/>
          <line num="362" count="1" type="cond" truecount="1" falsecount="1"/>
          <line num="363" count="1" type="stmt"/>
          <line num="364" count="4" type="stmt"/>
          <line num="365" count="4" type="stmt"/>
          <line num="367" count="4" type="cond" truecount="1" falsecount="1"/>
          <line num="368" count="4" type="cond" truecount="1" falsecount="1"/>
          <line num="369" count="4" type="stmt"/>
          <line num="371" count="0" type="stmt"/>
          <line num="374" count="0" type="stmt"/>
          <line num="381" count="10" type="stmt"/>
          <line num="382" count="29" type="cond" truecount="1" falsecount="1"/>
          <line num="383" count="29" type="stmt"/>
          <line num="384" count="0" type="cond" truecount="0" falsecount="2"/>
          <line num="385" count="0" type="stmt"/>
          <line num="388" count="0" type="cond" truecount="0" falsecount="2"/>
          <line num="389" count="0" type="stmt"/>
          <line num="390" count="0" type="cond" truecount="0" falsecount="2"/>
          <line num="391" count="0" type="stmt"/>
          <line num="395" count="10" type="stmt"/>
          <line num="400" count="10" type="stmt"/>
          <line num="401" count="29" type="stmt"/>
          <line num="404" count="10" type="cond" truecount="1" falsecount="1"/>
          <line num="405" count="10" type="stmt"/>
          <line num="406" count="0" type="cond" truecount="0" falsecount="2"/>
          <line num="407" count="0" type="stmt"/>
          <line num="410" count="10" type="stmt"/>
          <line num="421" count="8" type="stmt"/>
          <line num="422" count="8" type="stmt"/>
          <line num="427" count="8" type="stmt"/>
          <line num="429" count="8" type="cond" truecount="2" falsecount="0"/>
          <line num="430" count="3" type="stmt"/>
          <line num="432" count="5" type="stmt"/>
          <line num="433" count="5" type="stmt"/>
          <line num="443" count="7" type="stmt"/>
          <line num="444" count="7" type="stmt"/>
          <line num="445" count="0" type="stmt"/>
          <line num="446" count="0" type="stmt"/>
          <line num="447" count="0" type="stmt"/>
          <line num="448" count="0" type="stmt"/>
          <line num="453" count="7" type="stmt"/>
          <line num="454" count="0" type="stmt"/>
          <line num="455" count="0" type="stmt"/>
          <line num="458" count="0" type="stmt"/>
          <line num="460" count="0" type="stmt"/>
          <line num="462" count="0" type="stmt"/>
          <line num="463" count="0" type="cond" truecount="0" falsecount="2"/>
          <line num="465" count="0" type="cond" truecount="0" falsecount="2"/>
          <line num="468" count="0" type="stmt"/>
          <line num="469" count="0" type="cond" truecount="0" falsecount="2"/>
          <line num="470" count="0" type="stmt"/>
          <line num="471" count="0" type="stmt"/>
          <line num="475" count="0" type="stmt"/>
          <line num="476" count="0" type="stmt"/>
          <line num="478" count="0" type="stmt"/>
          <line num="479" count="0" type="cond" truecount="0" falsecount="2"/>
          <line num="480" count="0" type="stmt"/>
          <line num="481" count="0" type="stmt"/>
          <line num="483" count="0" type="cond" truecount="0" falsecount="2"/>
          <line num="485" count="0" type="cond" truecount="0" falsecount="2"/>
          <line num="486" count="0" type="stmt"/>
          <line num="487" count="0" type="stmt"/>
          <line num="494" count="0" type="cond" truecount="0" falsecount="2"/>
          <line num="495" count="0" type="stmt"/>
          <line num="500" count="0" type="stmt"/>
          <line num="507" count="7" type="stmt"/>
          <line num="508" count="0" type="stmt"/>
          <line num="509" count="0" type="stmt"/>
          <line num="512" count="0" type="stmt"/>
          <line num="516" count="0" type="stmt"/>
          <line num="518" count="0" type="cond" truecount="0" falsecount="2"/>
          <line num="519" count="0" type="stmt"/>
          <line num="520" count="0" type="cond" truecount="0" falsecount="2"/>
          <line num="522" count="0" type="cond" truecount="0" falsecount="2"/>
          <line num="523" count="0" type="stmt"/>
          <line num="524" count="0" type="stmt"/>
          <line num="532" count="0" type="stmt"/>
          <line num="533" count="0" type="stmt"/>
          <line num="534" count="0" type="stmt"/>
          <line num="535" count="0" type="stmt"/>
          <line num="542" count="0" type="stmt"/>
          <line num="545" count="0" type="stmt"/>
          <line num="546" count="0" type="stmt"/>
          <line num="552" count="7" type="stmt"/>
          <line num="553" count="10" type="cond" truecount="1" falsecount="1"/>
          <line num="554" count="0" type="stmt"/>
          <line num="555" count="0" type="stmt"/>
          <line num="558" count="10" type="cond" truecount="1" falsecount="1"/>
          <line num="559" count="0" type="stmt"/>
          <line num="560" count="0" type="stmt"/>
          <line num="563" count="10" type="cond" truecount="1" falsecount="1"/>
          <line num="564" count="0" type="stmt"/>
          <line num="565" count="0" type="stmt"/>
          <line num="568" count="10" type="stmt"/>
          <line num="569" count="10" type="stmt"/>
          <line num="570" count="10" type="stmt"/>
          <line num="571" count="10" type="stmt"/>
          <line num="574" count="10" type="stmt"/>
          <line num="577" count="7" type="stmt"/>
          <line num="578" count="7" type="stmt"/>
          <line num="580" count="7" type="cond" truecount="1" falsecount="1"/>
          <line num="581" count="0" type="stmt"/>
          <line num="583" count="7" type="stmt"/>
          <line num="587" count="7" type="stmt"/>
          <line num="588" count="0" type="stmt"/>
          <line num="591" count="7" type="stmt"/>
          <line num="592" count="0" type="stmt"/>
          <line num="593" count="0" type="stmt"/>
          <line num="599" count="7" type="stmt"/>
          <line num="600" count="0" type="stmt"/>
          <line num="601" count="0" type="stmt"/>
          <line num="604" count="0" type="stmt"/>
          <line num="609" count="7" type="stmt"/>
          <line num="610" count="0" type="stmt"/>
          <line num="613" count="7" type="stmt"/>
          <line num="614" count="0" type="stmt"/>
          <line num="617" count="7" type="stmt"/>
          <line num="618" count="7" type="stmt"/>
          <line num="619" count="7" type="stmt"/>
        </file>
      </package>
      <package name="test">
        <metrics statements="6" coveredstatements="4" conditionals="0" coveredconditionals="0" methods="4" coveredmethods="2"/>
        <file name="init.js" path="/Users/xieyu/Desktop/projects/state-db/test/init.js">
          <metrics statements="6" coveredstatements="4" conditionals="0" coveredconditionals="0" methods="4" coveredmethods="2"/>
          <line num="2" count="7" type="stmt"/>
          <line num="3" count="2" type="stmt"/>
          <line num="4" count="0" type="stmt"/>
          <line num="5" count="19" type="stmt"/>
          <line num="6" count="0" type="stmt"/>
          <line num="9" count="7" type="stmt"/>
        </file>
      </package>
    </metrics>
  </project>
</coverage>
