<?xml version="1.0" encoding="UTF-8"?>
<coverage generated="1560137917513" clover="3.2.0">
  <project timestamp="1560137917513" name="All files">
    <metrics statements="348" coveredstatements="223" conditionals="163" coveredconditionals="74" methods="87" coveredmethods="53" elements="598" coveredelements="350" complexity="0" loc="348" ncloc="348" packages="2" files="2" classes="2">
      <package name="build">
        <metrics statements="342" coveredstatements="219" conditionals="163" coveredconditionals="74" methods="83" coveredmethods="51"/>
        <file name="bundle.esm.js" path="/Users/xieyu/Desktop/projects/state-db/build/bundle.esm.js">
          <metrics statements="342" coveredstatements="219" conditionals="163" coveredconditionals="74" methods="83" coveredmethods="51"/>
          <line num="2" count="380" type="cond" truecount="1" falsecount="1"/>
          <line num="3" count="0" type="stmt"/>
          <line num="10" count="380" type="stmt"/>
          <line num="13" count="380" type="stmt"/>
          <line num="16" count="29" type="stmt"/>
          <line num="18" count="49" type="stmt"/>
          <line num="20" count="12" type="stmt"/>
          <line num="22" count="28" type="stmt"/>
          <line num="24" count="8" type="stmt"/>
          <line num="25" count="26" type="stmt"/>
          <line num="26" count="26" type="stmt"/>
          <line num="31" count="20" type="stmt"/>
          <line num="32" count="12" type="cond" truecount="1" falsecount="1"/>
          <line num="33" count="12" type="stmt"/>
          <line num="35" count="12" type="cond" truecount="2" falsecount="2"/>
          <line num="36" count="0" type="stmt"/>
          <line num="38" count="12" type="stmt"/>
          <line num="43" count="20" type="stmt"/>
          <line num="44" count="0" type="stmt"/>
          <line num="46" count="0" type="cond" truecount="0" falsecount="2"/>
          <line num="47" count="0" type="cond" truecount="0" falsecount="2"/>
          <line num="48" count="0" type="stmt"/>
          <line num="50" count="0" type="stmt"/>
          <line num="52" count="0" type="cond" truecount="0" falsecount="2"/>
          <line num="53" count="0" type="stmt"/>
          <line num="59" count="20" type="stmt"/>
          <line num="60" count="45" type="stmt"/>
          <line num="62" count="45" type="cond" truecount="4" falsecount="0"/>
          <line num="63" count="33" type="stmt"/>
          <line num="64" count="33" type="stmt"/>
          <line num="69" count="20" type="stmt"/>
          <line num="78" count="8" type="stmt"/>
          <line num="79" count="8" type="stmt"/>
          <line num="83" count="12" type="stmt"/>
          <line num="84" count="26" type="stmt"/>
          <line num="85" count="26" type="stmt"/>
          <line num="86" count="26" type="stmt"/>
          <line num="89" count="12" type="stmt"/>
          <line num="90" count="26" type="stmt"/>
          <line num="91" count="104" type="stmt"/>
          <line num="97" count="26" type="stmt"/>
          <line num="98" count="26" type="stmt"/>
          <line num="101" count="12" type="stmt"/>
          <line num="102" count="1" type="stmt"/>
          <line num="103" count="3" type="stmt"/>
          <line num="105" count="1" type="stmt"/>
          <line num="108" count="12" type="stmt"/>
          <line num="109" count="2" type="stmt"/>
          <line num="110" count="6" type="stmt"/>
          <line num="112" count="2" type="stmt"/>
          <line num="115" count="12" type="stmt"/>
          <line num="116" count="6" type="stmt"/>
          <line num="117" count="23" type="stmt"/>
          <line num="119" count="6" type="stmt"/>
          <line num="122" count="12" type="stmt"/>
          <line num="123" count="1" type="stmt"/>
          <line num="124" count="3" type="stmt"/>
          <line num="126" count="1" type="stmt"/>
          <line num="129" count="12" type="stmt"/>
          <line num="130" count="3" type="stmt"/>
          <line num="131" count="11" type="cond" truecount="1" falsecount="1"/>
          <line num="132" count="11" type="stmt"/>
          <line num="135" count="0" type="cond" truecount="0" falsecount="2"/>
          <line num="136" count="0" type="stmt"/>
          <line num="139" count="0" type="cond" truecount="0" falsecount="2"/>
          <line num="140" count="0" type="stmt"/>
          <line num="143" count="0" type="cond" truecount="0" falsecount="2"/>
          <line num="144" count="0" type="stmt"/>
          <line num="147" count="0" type="cond" truecount="0" falsecount="2"/>
          <line num="148" count="0" type="stmt"/>
          <line num="151" count="0" type="cond" truecount="0" falsecount="2"/>
          <line num="152" count="0" type="stmt"/>
          <line num="155" count="0" type="cond" truecount="0" falsecount="2"/>
          <line num="156" count="0" type="stmt"/>
          <line num="159" count="0" type="cond" truecount="0" falsecount="2"/>
          <line num="160" count="0" type="stmt"/>
          <line num="163" count="3" type="stmt"/>
          <line num="166" count="12" type="cond" truecount="0" falsecount="1"/>
          <line num="167" count="0" type="cond" truecount="0" falsecount="2"/>
          <line num="168" count="0" type="stmt"/>
          <line num="169" count="0" type="stmt"/>
          <line num="170" count="0" type="stmt"/>
          <line num="172" count="0" type="cond" truecount="0" falsecount="2"/>
          <line num="173" count="0" type="stmt"/>
          <line num="176" count="0" type="cond" truecount="0" falsecount="2"/>
          <line num="177" count="0" type="stmt"/>
          <line num="180" count="0" type="stmt"/>
          <line num="185" count="12" type="stmt"/>
          <line num="186" count="25" type="stmt"/>
          <line num="187" count="25" type="stmt"/>
          <line num="189" count="25" type="cond" truecount="2" falsecount="0"/>
          <line num="190" count="2" type="stmt"/>
          <line num="191" count="23" type="cond" truecount="2" falsecount="3"/>
          <line num="192" count="23" type="stmt"/>
          <line num="196" count="12" type="stmt"/>
          <line num="197" count="18" type="stmt"/>
          <line num="198" count="18" type="stmt"/>
          <line num="199" count="18" type="stmt"/>
          <line num="202" count="12" type="stmt"/>
          <line num="203" count="0" type="stmt"/>
          <line num="206" count="12" type="cond" truecount="0" falsecount="1"/>
          <line num="207" count="14" type="stmt"/>
          <line num="209" count="14" type="stmt"/>
          <line num="210" count="14" type="stmt"/>
          <line num="211" count="36" type="cond" truecount="1" falsecount="1"/>
          <line num="212" count="36" type="stmt"/>
          <line num="216" count="14" type="stmt"/>
          <line num="219" count="14" type="stmt"/>
          <line num="220" count="14" type="stmt"/>
          <line num="223" count="12" type="stmt"/>
          <line num="224" count="18" type="stmt"/>
          <line num="225" count="18" type="cond" truecount="2" falsecount="0"/>
          <line num="227" count="18" type="cond" truecount="2" falsecount="0"/>
          <line num="228" count="15" type="stmt"/>
          <line num="230" count="15" type="cond" truecount="2" falsecount="0"/>
          <line num="231" count="8" type="stmt"/>
          <line num="232" count="8" type="cond" truecount="2" falsecount="0"/>
          <line num="234" count="7" type="stmt"/>
          <line num="235" count="25" type="cond" truecount="2" falsecount="0"/>
          <line num="237" count="8" type="stmt"/>
          <line num="238" count="3" type="cond" truecount="1" falsecount="1"/>
          <line num="242" count="4" type="stmt"/>
          <line num="243" count="4" type="cond" truecount="1" falsecount="1"/>
          <line num="248" count="12" type="stmt"/>
          <line num="249" count="13" type="stmt"/>
          <line num="251" count="13" type="cond" truecount="2" falsecount="0"/>
          <line num="252" count="9" type="stmt"/>
          <line num="254" count="9" type="stmt"/>
          <line num="256" count="9" type="cond" truecount="2" falsecount="0"/>
          <line num="257" count="2" type="stmt"/>
          <line num="259" count="7" type="stmt"/>
          <line num="264" count="7" type="stmt"/>
          <line num="265" count="7" type="stmt"/>
          <line num="267" count="4" type="cond" truecount="1" falsecount="1"/>
          <line num="268" count="4" type="stmt"/>
          <line num="270" count="4" type="stmt"/>
          <line num="271" count="4" type="stmt"/>
          <line num="272" count="9" type="stmt"/>
          <line num="274" count="9" type="cond" truecount="2" falsecount="0"/>
          <line num="275" count="8" type="stmt"/>
          <line num="276" count="8" type="stmt"/>
          <line num="280" count="4" type="cond" truecount="1" falsecount="1"/>
          <line num="281" count="4" type="stmt"/>
          <line num="287" count="0" type="stmt"/>
          <line num="290" count="0" type="stmt"/>
          <line num="293" count="13" type="stmt"/>
          <line num="296" count="12" type="stmt"/>
          <line num="297" count="4" type="stmt"/>
          <line num="298" count="4" type="stmt"/>
          <line num="300" count="4" type="stmt"/>
          <line num="302" count="4" type="cond" truecount="1" falsecount="1"/>
          <line num="303" count="6" type="stmt"/>
          <line num="305" count="4" type="stmt"/>
          <line num="309" count="4" type="stmt"/>
          <line num="311" count="0" type="stmt"/>
          <line num="315" count="12" type="stmt"/>
          <line num="316" count="1" type="stmt"/>
          <line num="317" count="1" type="stmt"/>
          <line num="319" count="1" type="stmt"/>
          <line num="321" count="1" type="stmt"/>
          <line num="322" count="6" type="stmt"/>
          <line num="325" count="1" type="stmt"/>
          <line num="329" count="1" type="stmt"/>
          <line num="332" count="12" type="stmt"/>
          <line num="333" count="1" type="cond" truecount="3" falsecount="1"/>
          <line num="334" count="0" type="stmt"/>
          <line num="335" count="0" type="stmt"/>
          <line num="338" count="1" type="stmt"/>
          <line num="339" count="1" type="stmt"/>
          <line num="341" count="1" type="stmt"/>
          <line num="343" count="5" type="stmt"/>
          <line num="345" count="1" type="stmt"/>
          <line num="349" count="1" type="stmt"/>
          <line num="352" count="12" type="stmt"/>
          <line num="353" count="2" type="stmt"/>
          <line num="354" count="2" type="stmt"/>
          <line num="355" count="2" type="stmt"/>
          <line num="357" count="2" type="stmt"/>
          <line num="358" count="3" type="stmt"/>
          <line num="359" count="3" type="stmt"/>
          <line num="360" count="3" type="cond" truecount="2" falsecount="0"/>
          <line num="364" count="2" type="stmt"/>
          <line num="368" count="2" type="stmt"/>
          <line num="370" count="0" type="stmt"/>
          <line num="373" count="0" type="stmt"/>
          <line num="376" count="12" type="stmt"/>
          <line num="377" count="0" type="stmt"/>
          <line num="378" count="0" type="stmt"/>
          <line num="381" count="12" type="stmt"/>
          <line num="382" count="0" type="stmt"/>
          <line num="383" count="0" type="stmt"/>
          <line num="386" count="12" type="cond" truecount="2" falsecount="0"/>
          <line num="388" count="12" type="cond" truecount="2" falsecount="0"/>
          <line num="396" count="12" type="cond" truecount="2" falsecount="0"/>
          <line num="397" count="12" type="stmt"/>
          <line num="398" count="12" type="stmt"/>
          <line num="399" count="12" type="stmt"/>
          <line num="400" count="12" type="stmt"/>
          <line num="401" count="12" type="cond" truecount="1" falsecount="1"/>
          <line num="402" count="12" type="stmt"/>
          <line num="404" count="12" type="stmt"/>
          <line num="406" count="42" type="stmt"/>
          <line num="408" count="12" type="cond" truecount="2" falsecount="0"/>
          <line num="409" count="2" type="stmt"/>
          <line num="410" count="12" type="stmt"/>
          <line num="411" count="29" type="cond" truecount="4" falsecount="0"/>
          <line num="412" count="1" type="stmt"/>
          <line num="415" count="28" type="cond" truecount="4" falsecount="0"/>
          <line num="416" count="26" type="cond" truecount="2" falsecount="0"/>
          <line num="417" count="2" type="stmt"/>
          <line num="422" count="9" type="stmt"/>
          <line num="426" count="12" type="cond" truecount="1" falsecount="1"/>
          <line num="427" count="0" type="stmt"/>
          <line num="428" count="12" type="cond" truecount="2" falsecount="0"/>
          <line num="429" count="1" type="cond" truecount="1" falsecount="1"/>
          <line num="431" count="1" type="cond" truecount="1" falsecount="1"/>
          <line num="432" count="1" type="stmt"/>
          <line num="433" count="4" type="stmt"/>
          <line num="434" count="4" type="stmt"/>
          <line num="436" count="4" type="cond" truecount="1" falsecount="1"/>
          <line num="437" count="4" type="cond" truecount="1" falsecount="1"/>
          <line num="438" count="4" type="stmt"/>
          <line num="440" count="0" type="stmt"/>
          <line num="443" count="0" type="stmt"/>
          <line num="450" count="12" type="stmt"/>
          <line num="451" count="33" type="cond" truecount="1" falsecount="1"/>
          <line num="452" count="33" type="stmt"/>
          <line num="453" count="0" type="cond" truecount="0" falsecount="2"/>
          <line num="454" count="0" type="stmt"/>
          <line num="457" count="0" type="cond" truecount="0" falsecount="2"/>
          <line num="458" count="0" type="stmt"/>
          <line num="459" count="0" type="cond" truecount="0" falsecount="2"/>
          <line num="460" count="0" type="stmt"/>
          <line num="464" count="12" type="stmt"/>
          <line num="469" count="12" type="stmt"/>
          <line num="470" count="33" type="stmt"/>
          <line num="473" count="12" type="cond" truecount="1" falsecount="1"/>
          <line num="474" count="12" type="stmt"/>
          <line num="475" count="0" type="cond" truecount="0" falsecount="2"/>
          <line num="476" count="0" type="stmt"/>
          <line num="479" count="12" type="stmt"/>
          <line num="486" count="8" type="stmt"/>
          <line num="487" count="8" type="stmt"/>
          <line num="492" count="8" type="stmt"/>
          <line num="494" count="8" type="cond" truecount="2" falsecount="0"/>
          <line num="495" count="3" type="stmt"/>
          <line num="497" count="5" type="stmt"/>
          <line num="498" count="5" type="stmt"/>
          <line num="508" count="8" type="stmt"/>
          <line num="509" count="8" type="stmt"/>
          <line num="510" count="0" type="stmt"/>
          <line num="511" count="0" type="stmt"/>
          <line num="512" count="0" type="stmt"/>
          <line num="513" count="0" type="stmt"/>
          <line num="519" count="8" type="stmt"/>
          <line num="520" count="0" type="stmt"/>
          <line num="521" count="0" type="stmt"/>
          <line num="524" count="0" type="stmt"/>
          <line num="526" count="0" type="stmt"/>
          <line num="528" count="0" type="stmt"/>
          <line num="529" count="0" type="cond" truecount="0" falsecount="2"/>
          <line num="531" count="0" type="cond" truecount="0" falsecount="2"/>
          <line num="534" count="0" type="stmt"/>
          <line num="535" count="0" type="cond" truecount="0" falsecount="2"/>
          <line num="536" count="0" type="stmt"/>
          <line num="537" count="0" type="stmt"/>
          <line num="541" count="0" type="stmt"/>
          <line num="542" count="0" type="stmt"/>
          <line num="544" count="0" type="stmt"/>
          <line num="545" count="0" type="cond" truecount="0" falsecount="2"/>
          <line num="546" count="0" type="stmt"/>
          <line num="547" count="0" type="stmt"/>
          <line num="549" count="0" type="cond" truecount="0" falsecount="2"/>
          <line num="551" count="0" type="cond" truecount="0" falsecount="2"/>
          <line num="552" count="0" type="stmt"/>
          <line num="553" count="0" type="stmt"/>
          <line num="560" count="0" type="cond" truecount="0" falsecount="2"/>
          <line num="561" count="0" type="stmt"/>
          <line num="566" count="0" type="stmt"/>
          <line num="573" count="8" type="stmt"/>
          <line num="574" count="0" type="stmt"/>
          <line num="575" count="0" type="stmt"/>
          <line num="576" count="0" type="stmt"/>
          <line num="580" count="0" type="cond" truecount="0" falsecount="2"/>
          <line num="581" count="0" type="cond" truecount="0" falsecount="2"/>
          <line num="582" count="0" type="stmt"/>
          <line num="583" count="0" type="stmt"/>
          <line num="584" count="0" type="stmt"/>
          <line num="585" count="0" type="stmt"/>
          <line num="589" count="0" type="stmt"/>
          <line num="594" count="0" type="stmt"/>
          <line num="595" count="0" type="stmt"/>
          <line num="597" count="0" type="cond" truecount="0" falsecount="2"/>
          <line num="598" count="0" type="stmt"/>
          <line num="599" count="0" type="cond" truecount="0" falsecount="2"/>
          <line num="601" count="0" type="cond" truecount="0" falsecount="2"/>
          <line num="602" count="0" type="stmt"/>
          <line num="603" count="0" type="stmt"/>
          <line num="611" count="0" type="stmt"/>
          <line num="612" count="0" type="stmt"/>
          <line num="613" count="0" type="stmt"/>
          <line num="614" count="0" type="stmt"/>
          <line num="621" count="0" type="stmt"/>
          <line num="624" count="0" type="stmt"/>
          <line num="625" count="0" type="stmt"/>
          <line num="631" count="8" type="stmt"/>
          <line num="632" count="12" type="cond" truecount="1" falsecount="1"/>
          <line num="633" count="0" type="stmt"/>
          <line num="634" count="0" type="stmt"/>
          <line num="637" count="12" type="cond" truecount="1" falsecount="1"/>
          <line num="638" count="0" type="stmt"/>
          <line num="639" count="0" type="stmt"/>
          <line num="642" count="12" type="cond" truecount="1" falsecount="1"/>
          <line num="643" count="0" type="stmt"/>
          <line num="644" count="0" type="stmt"/>
          <line num="647" count="12" type="stmt"/>
          <line num="648" count="12" type="stmt"/>
          <line num="649" count="12" type="stmt"/>
          <line num="650" count="12" type="stmt"/>
          <line num="653" count="12" type="stmt"/>
          <line num="656" count="8" type="stmt"/>
          <line num="657" count="8" type="stmt"/>
          <line num="659" count="8" type="cond" truecount="1" falsecount="1"/>
          <line num="660" count="0" type="stmt"/>
          <line num="662" count="8" type="stmt"/>
          <line num="666" count="8" type="stmt"/>
          <line num="667" count="0" type="stmt"/>
          <line num="670" count="8" type="stmt"/>
          <line num="671" count="0" type="stmt"/>
          <line num="672" count="0" type="stmt"/>
          <line num="678" count="8" type="stmt"/>
          <line num="679" count="0" type="stmt"/>
          <line num="680" count="0" type="stmt"/>
          <line num="683" count="0" type="stmt"/>
          <line num="688" count="8" type="stmt"/>
          <line num="694" count="8" type="stmt"/>
          <line num="695" count="0" type="stmt"/>
          <line num="698" count="8" type="stmt"/>
          <line num="699" count="0" type="stmt"/>
          <line num="702" count="8" type="stmt"/>
          <line num="703" count="8" type="stmt"/>
          <line num="704" count="8" type="stmt"/>
        </file>
      </package>
      <package name="test">
        <metrics statements="6" coveredstatements="4" conditionals="0" coveredconditionals="0" methods="4" coveredmethods="2"/>
        <file name="init.js" path="/Users/xieyu/Desktop/projects/state-db/test/init.js">
          <metrics statements="6" coveredstatements="4" conditionals="0" coveredconditionals="0" methods="4" coveredmethods="2"/>
          <line num="2" count="8" type="stmt"/>
          <line num="3" count="2" type="stmt"/>
          <line num="4" count="0" type="stmt"/>
          <line num="5" count="21" type="stmt"/>
          <line num="6" count="0" type="stmt"/>
          <line num="9" count="8" type="stmt"/>
        </file>
      </package>
    </metrics>
  </project>
</coverage>
