{"/Users/xieyu/Desktop/projects/state-db/build/bundle.esm.js": {"path":"/Users/xieyu/Desktop/projects/state-db/build/bundle.esm.js","statementMap":{"0":{"start":{"line":2,"column":2},"end":{"line":11,"column":3}},"1":{"start":{"line":3,"column":4},"end":{"line":8,"column":7}},"2":{"start":{"line":10,"column":4},"end":{"line":10,"column":21}},"3":{"start":{"line":13,"column":2},"end":{"line":13,"column":13}},"4":{"start":{"line":16,"column":16},"end":{"line":16,"column":75}},"5":{"start":{"line":16,"column":21},"end":{"line":16,"column":75}},"6":{"start":{"line":18,"column":14},"end":{"line":18,"column":74}},"7":{"start":{"line":18,"column":19},"end":{"line":18,"column":74}},"8":{"start":{"line":20,"column":19},"end":{"line":20,"column":81}},"9":{"start":{"line":20,"column":24},"end":{"line":20,"column":81}},"10":{"start":{"line":22,"column":17},"end":{"line":22,"column":77}},"11":{"start":{"line":22,"column":22},"end":{"line":22,"column":77}},"12":{"start":{"line":24,"column":16},"end":{"line":27,"column":1}},"13":{"start":{"line":25,"column":16},"end":{"line":25,"column":49}},"14":{"start":{"line":26,"column":2},"end":{"line":26,"column":58}},"15":{"start":{"line":31,"column":4},"end":{"line":41,"column":7}},"16":{"start":{"line":32,"column":6},"end":{"line":40,"column":7}},"17":{"start":{"line":33,"column":24},"end":{"line":33,"column":49}},"18":{"start":{"line":35,"column":8},"end":{"line":39,"column":9}},"19":{"start":{"line":36,"column":10},"end":{"line":36,"column":29}},"20":{"start":{"line":38,"column":10},"end":{"line":38,"column":43}},"21":{"start":{"line":43,"column":4},"end":{"line":57,"column":7}},"22":{"start":{"line":44,"column":22},"end":{"line":44,"column":47}},"23":{"start":{"line":46,"column":6},"end":{"line":56,"column":7}},"24":{"start":{"line":47,"column":8},"end":{"line":55,"column":9}},"25":{"start":{"line":48,"column":10},"end":{"line":48,"column":27}},"26":{"start":{"line":50,"column":22},"end":{"line":50,"column":43}},"27":{"start":{"line":52,"column":10},"end":{"line":54,"column":11}},"28":{"start":{"line":53,"column":12},"end":{"line":53,"column":39}},"29":{"start":{"line":59,"column":4},"end":{"line":67,"column":7}},"30":{"start":{"line":60,"column":21},"end":{"line":60,"column":46}},"31":{"start":{"line":62,"column":6},"end":{"line":66,"column":7}},"32":{"start":{"line":63,"column":8},"end":{"line":65,"column":9}},"33":{"start":{"line":64,"column":10},"end":{"line":64,"column":28}},"34":{"start":{"line":69,"column":4},"end":{"line":69,"column":22}},"35":{"start":{"line":78,"column":14},"end":{"line":78,"column":29}},"36":{"start":{"line":79,"column":12},"end":{"line":79,"column":25}},"37":{"start":{"line":83,"column":4},"end":{"line":93,"column":7}},"38":{"start":{"line":84,"column":6},"end":{"line":86,"column":9}},"39":{"start":{"line":85,"column":8},"end":{"line":85,"column":27}},"40":{"start":{"line":91,"column":6},"end":{"line":91,"column":39}},"41":{"start":{"line":92,"column":6},"end":{"line":92,"column":18}},"42":{"start":{"line":95,"column":4},"end":{"line":100,"column":7}},"43":{"start":{"line":96,"column":6},"end":{"line":98,"column":9}},"44":{"start":{"line":97,"column":8},"end":{"line":97,"column":25}},"45":{"start":{"line":99,"column":6},"end":{"line":99,"column":18}},"46":{"start":{"line":102,"column":4},"end":{"line":107,"column":7}},"47":{"start":{"line":103,"column":6},"end":{"line":105,"column":9}},"48":{"start":{"line":104,"column":8},"end":{"line":104,"column":50}},"49":{"start":{"line":106,"column":6},"end":{"line":106,"column":18}},"50":{"start":{"line":109,"column":4},"end":{"line":126,"column":7}},"51":{"start":{"line":110,"column":6},"end":{"line":125,"column":7}},"52":{"start":{"line":111,"column":8},"end":{"line":124,"column":11}},"53":{"start":{"line":112,"column":24},"end":{"line":112,"column":33}},"54":{"start":{"line":113,"column":24},"end":{"line":113,"column":33}},"55":{"start":{"line":115,"column":10},"end":{"line":117,"column":11}},"56":{"start":{"line":116,"column":12},"end":{"line":116,"column":22}},"57":{"start":{"line":119,"column":10},"end":{"line":121,"column":11}},"58":{"start":{"line":120,"column":12},"end":{"line":120,"column":21}},"59":{"start":{"line":123,"column":10},"end":{"line":123,"column":19}},"60":{"start":{"line":128,"column":4},"end":{"line":137,"column":7}},"61":{"start":{"line":129,"column":19},"end":{"line":129,"column":28}},"62":{"start":{"line":130,"column":6},"end":{"line":130,"column":30}},"63":{"start":{"line":132,"column":6},"end":{"line":136,"column":7}},"64":{"start":{"line":133,"column":8},"end":{"line":133,"column":50}},"65":{"start":{"line":134,"column":13},"end":{"line":136,"column":7}},"66":{"start":{"line":135,"column":8},"end":{"line":135,"column":22}},"67":{"start":{"line":139,"column":4},"end":{"line":143,"column":7}},"68":{"start":{"line":140,"column":19},"end":{"line":140,"column":28}},"69":{"start":{"line":141,"column":6},"end":{"line":141,"column":30}},"70":{"start":{"line":142,"column":6},"end":{"line":142,"column":27}},"71":{"start":{"line":145,"column":4},"end":{"line":147,"column":7}},"72":{"start":{"line":146,"column":6},"end":{"line":146,"column":32}},"73":{"start":{"line":149,"column":4},"end":{"line":162,"column":7}},"74":{"start":{"line":150,"column":18},"end":{"line":150,"column":39}},"75":{"start":{"line":152,"column":6},"end":{"line":152,"column":29}},"76":{"start":{"line":153,"column":6},"end":{"line":157,"column":9}},"77":{"start":{"line":154,"column":8},"end":{"line":156,"column":9}},"78":{"start":{"line":155,"column":10},"end":{"line":155,"column":33}},"79":{"start":{"line":158,"column":6},"end":{"line":158,"column":39}},"80":{"start":{"line":160,"column":6},"end":{"line":160,"column":88}},"81":{"start":{"line":161,"column":6},"end":{"line":161,"column":18}},"82":{"start":{"line":164,"column":4},"end":{"line":187,"column":7}},"83":{"start":{"line":165,"column":19},"end":{"line":165,"column":30}},"84":{"start":{"line":166,"column":24},"end":{"line":166,"column":46}},"85":{"start":{"line":168,"column":6},"end":{"line":186,"column":7}},"86":{"start":{"line":169,"column":8},"end":{"line":169,"column":33}},"87":{"start":{"line":171,"column":8},"end":{"line":185,"column":9}},"88":{"start":{"line":172,"column":10},"end":{"line":172,"column":26}},"89":{"start":{"line":173,"column":10},"end":{"line":173,"column":41}},"90":{"start":{"line":175,"column":10},"end":{"line":181,"column":11}},"91":{"start":{"line":176,"column":12},"end":{"line":180,"column":13}},"92":{"start":{"line":178,"column":14},"end":{"line":178,"column":73}},"93":{"start":{"line":178,"column":47},"end":{"line":178,"column":71}},"94":{"start":{"line":179,"column":14},"end":{"line":179,"column":45}},"95":{"start":{"line":183,"column":10},"end":{"line":183,"column":26}},"96":{"start":{"line":184,"column":10},"end":{"line":184,"column":41}},"97":{"start":{"line":189,"column":4},"end":{"line":235,"column":7}},"98":{"start":{"line":190,"column":19},"end":{"line":190,"column":21}},"99":{"start":{"line":192,"column":6},"end":{"line":232,"column":7}},"100":{"start":{"line":193,"column":19},"end":{"line":193,"column":41}},"101":{"start":{"line":195,"column":17},"end":{"line":195,"column":40}},"102":{"start":{"line":197,"column":8},"end":{"line":207,"column":9}},"103":{"start":{"line":198,"column":10},"end":{"line":198,"column":73}},"104":{"start":{"line":200,"column":10},"end":{"line":204,"column":13}},"105":{"start":{"line":205,"column":10},"end":{"line":205,"column":93}},"106":{"start":{"line":206,"column":10},"end":{"line":206,"column":24}},"107":{"start":{"line":208,"column":13},"end":{"line":232,"column":7}},"108":{"start":{"line":209,"column":20},"end":{"line":209,"column":42}},"109":{"start":{"line":211,"column":26},"end":{"line":211,"column":27}},"110":{"start":{"line":212,"column":8},"end":{"line":219,"column":11}},"111":{"start":{"line":213,"column":19},"end":{"line":213,"column":42}},"112":{"start":{"line":215,"column":10},"end":{"line":218,"column":11}},"113":{"start":{"line":216,"column":12},"end":{"line":216,"column":29}},"114":{"start":{"line":217,"column":12},"end":{"line":217,"column":26}},"115":{"start":{"line":221,"column":8},"end":{"line":229,"column":9}},"116":{"start":{"line":222,"column":10},"end":{"line":226,"column":13}},"117":{"start":{"line":228,"column":10},"end":{"line":228,"column":77}},"118":{"start":{"line":231,"column":8},"end":{"line":231,"column":78}},"119":{"start":{"line":234,"column":6},"end":{"line":234,"column":18}},"120":{"start":{"line":237,"column":4},"end":{"line":252,"column":7}},"121":{"start":{"line":238,"column":19},"end":{"line":238,"column":28}},"122":{"start":{"line":239,"column":6},"end":{"line":239,"column":30}},"123":{"start":{"line":241,"column":16},"end":{"line":241,"column":37}},"124":{"start":{"line":243,"column":6},"end":{"line":251,"column":7}},"125":{"start":{"line":244,"column":8},"end":{"line":244,"column":67}},"126":{"start":{"line":244,"column":40},"end":{"line":244,"column":65}},"127":{"start":{"line":245,"column":8},"end":{"line":247,"column":11}},"128":{"start":{"line":248,"column":8},"end":{"line":248,"column":32}},"129":{"start":{"line":250,"column":8},"end":{"line":250,"column":41}},"130":{"start":{"line":254,"column":4},"end":{"line":267,"column":7}},"131":{"start":{"line":255,"column":19},"end":{"line":255,"column":28}},"132":{"start":{"line":256,"column":6},"end":{"line":256,"column":30}},"133":{"start":{"line":258,"column":16},"end":{"line":258,"column":37}},"134":{"start":{"line":260,"column":6},"end":{"line":262,"column":9}},"135":{"start":{"line":261,"column":8},"end":{"line":261,"column":62}},"136":{"start":{"line":261,"column":40},"end":{"line":261,"column":60}},"137":{"start":{"line":263,"column":6},"end":{"line":265,"column":9}},"138":{"start":{"line":266,"column":6},"end":{"line":266,"column":30}},"139":{"start":{"line":269,"column":4},"end":{"line":285,"column":7}},"140":{"start":{"line":270,"column":6},"end":{"line":273,"column":7}},"141":{"start":{"line":271,"column":8},"end":{"line":271,"column":114}},"142":{"start":{"line":272,"column":8},"end":{"line":272,"column":15}},"143":{"start":{"line":275,"column":19},"end":{"line":275,"column":28}},"144":{"start":{"line":276,"column":6},"end":{"line":276,"column":30}},"145":{"start":{"line":278,"column":16},"end":{"line":278,"column":37}},"146":{"start":{"line":280,"column":6},"end":{"line":280,"column":92}},"147":{"start":{"line":280,"column":29},"end":{"line":280,"column":90}},"148":{"start":{"line":280,"column":66},"end":{"line":280,"column":88}},"149":{"start":{"line":281,"column":6},"end":{"line":283,"column":9}},"150":{"start":{"line":284,"column":6},"end":{"line":284,"column":35}},"151":{"start":{"line":287,"column":4},"end":{"line":306,"column":7}},"152":{"start":{"line":288,"column":6},"end":{"line":303,"column":7}},"153":{"start":{"line":289,"column":21},"end":{"line":289,"column":41}},"154":{"start":{"line":290,"column":8},"end":{"line":290,"column":32}},"155":{"start":{"line":292,"column":8},"end":{"line":297,"column":9}},"156":{"start":{"line":293,"column":10},"end":{"line":296,"column":29}},"157":{"start":{"line":294,"column":24},"end":{"line":294,"column":48}},"158":{"start":{"line":295,"column":12},"end":{"line":295,"column":49}},"159":{"start":{"line":299,"column":8},"end":{"line":299,"column":41}},"160":{"start":{"line":300,"column":8},"end":{"line":300,"column":32}},"161":{"start":{"line":302,"column":8},"end":{"line":302,"column":23}},"162":{"start":{"line":305,"column":6},"end":{"line":305,"column":18}},"163":{"start":{"line":308,"column":4},"end":{"line":311,"column":7}},"164":{"start":{"line":309,"column":6},"end":{"line":309,"column":38}},"165":{"start":{"line":310,"column":6},"end":{"line":310,"column":18}},"166":{"start":{"line":313,"column":4},"end":{"line":316,"column":7}},"167":{"start":{"line":314,"column":6},"end":{"line":314,"column":39}},"168":{"start":{"line":315,"column":6},"end":{"line":315,"column":18}},"169":{"start":{"line":318,"column":4},"end":{"line":318,"column":39}},"170":{"start":{"line":320,"column":4},"end":{"line":320,"column":49}},"171":{"start":{"line":328,"column":4},"end":{"line":328,"column":44}},"172":{"start":{"line":329,"column":4},"end":{"line":329,"column":22}},"173":{"start":{"line":330,"column":4},"end":{"line":330,"column":25}},"174":{"start":{"line":331,"column":4},"end":{"line":331,"column":21}},"175":{"start":{"line":332,"column":4},"end":{"line":332,"column":26}},"176":{"start":{"line":333,"column":4},"end":{"line":333,"column":36}},"177":{"start":{"line":335,"column":4},"end":{"line":335,"column":34}},"178":{"start":{"line":337,"column":4},"end":{"line":337,"column":34}},"179":{"start":{"line":337,"column":29},"end":{"line":337,"column":33}},"180":{"start":{"line":339,"column":4},"end":{"line":355,"column":5}},"181":{"start":{"line":340,"column":6},"end":{"line":354,"column":8}},"182":{"start":{"line":341,"column":8},"end":{"line":351,"column":9}},"183":{"start":{"line":342,"column":10},"end":{"line":344,"column":11}},"184":{"start":{"line":343,"column":12},"end":{"line":343,"column":25}},"185":{"start":{"line":346,"column":10},"end":{"line":350,"column":11}},"186":{"start":{"line":347,"column":12},"end":{"line":349,"column":13}},"187":{"start":{"line":348,"column":14},"end":{"line":348,"column":27}},"188":{"start":{"line":353,"column":8},"end":{"line":353,"column":20}},"189":{"start":{"line":357,"column":4},"end":{"line":378,"column":5}},"190":{"start":{"line":358,"column":6},"end":{"line":358,"column":40}},"191":{"start":{"line":359,"column":11},"end":{"line":378,"column":5}},"192":{"start":{"line":360,"column":6},"end":{"line":360,"column":54}},"193":{"start":{"line":362,"column":6},"end":{"line":377,"column":7}},"194":{"start":{"line":363,"column":8},"end":{"line":376,"column":10}},"195":{"start":{"line":364,"column":21},"end":{"line":364,"column":32}},"196":{"start":{"line":365,"column":27},"end":{"line":365,"column":42}},"197":{"start":{"line":367,"column":10},"end":{"line":375,"column":11}},"198":{"start":{"line":368,"column":12},"end":{"line":372,"column":13}},"199":{"start":{"line":369,"column":14},"end":{"line":369,"column":71}},"200":{"start":{"line":371,"column":14},"end":{"line":371,"column":35}},"201":{"start":{"line":374,"column":12},"end":{"line":374,"column":37}},"202":{"start":{"line":381,"column":4},"end":{"line":393,"column":6}},"203":{"start":{"line":382,"column":6},"end":{"line":386,"column":7}},"204":{"start":{"line":383,"column":8},"end":{"line":383,"column":47}},"205":{"start":{"line":384,"column":13},"end":{"line":386,"column":7}},"206":{"start":{"line":385,"column":8},"end":{"line":385,"column":19}},"207":{"start":{"line":388,"column":6},"end":{"line":392,"column":7}},"208":{"start":{"line":389,"column":8},"end":{"line":389,"column":30}},"209":{"start":{"line":390,"column":13},"end":{"line":392,"column":7}},"210":{"start":{"line":391,"column":8},"end":{"line":391,"column":38}},"211":{"start":{"line":395,"column":4},"end":{"line":395,"column":35}},"212":{"start":{"line":400,"column":4},"end":{"line":402,"column":7}},"213":{"start":{"line":401,"column":6},"end":{"line":401,"column":27}},"214":{"start":{"line":404,"column":4},"end":{"line":408,"column":5}},"215":{"start":{"line":405,"column":6},"end":{"line":405,"column":32}},"216":{"start":{"line":406,"column":11},"end":{"line":408,"column":5}},"217":{"start":{"line":407,"column":6},"end":{"line":407,"column":34}},"218":{"start":{"line":410,"column":4},"end":{"line":410,"column":28}},"219":{"start":{"line":421,"column":17},"end":{"line":421,"column":26}},"220":{"start":{"line":422,"column":4},"end":{"line":422,"column":28}},"221":{"start":{"line":427,"column":23},"end":{"line":427,"column":57}},"222":{"start":{"line":429,"column":4},"end":{"line":434,"column":5}},"223":{"start":{"line":430,"column":6},"end":{"line":430,"column":24}},"224":{"start":{"line":432,"column":6},"end":{"line":432,"column":50}},"225":{"start":{"line":433,"column":6},"end":{"line":433,"column":48}},"226":{"start":{"line":443,"column":15},"end":{"line":443,"column":31}},"227":{"start":{"line":444,"column":20},"end":{"line":449,"column":1}},"228":{"start":{"line":445,"column":30},"end":{"line":445,"column":58}},"229":{"start":{"line":446,"column":28},"end":{"line":446,"column":50}},"230":{"start":{"line":447,"column":40},"end":{"line":447,"column":75}},"231":{"start":{"line":448,"column":40},"end":{"line":448,"column":76}},"232":{"start":{"line":453,"column":4},"end":{"line":505,"column":7}},"233":{"start":{"line":454,"column":17},"end":{"line":454,"column":21}},"234":{"start":{"line":455,"column":6},"end":{"line":504,"column":8}},"235":{"start":{"line":458,"column":8},"end":{"line":503,"column":17}},"236":{"start":{"line":460,"column":12},"end":{"line":460,"column":25}},"237":{"start":{"line":462,"column":12},"end":{"line":466,"column":15}},"238":{"start":{"line":463,"column":14},"end":{"line":463,"column":69}},"239":{"start":{"line":465,"column":14},"end":{"line":465,"column":47}},"240":{"start":{"line":468,"column":12},"end":{"line":473,"column":15}},"241":{"start":{"line":469,"column":14},"end":{"line":469,"column":73}},"242":{"start":{"line":470,"column":14},"end":{"line":472,"column":17}},"243":{"start":{"line":471,"column":16},"end":{"line":471,"column":47}},"244":{"start":{"line":475,"column":12},"end":{"line":475,"column":29}},"245":{"start":{"line":476,"column":12},"end":{"line":476,"column":29}},"246":{"start":{"line":478,"column":12},"end":{"line":498,"column":14}},"247":{"start":{"line":479,"column":14},"end":{"line":497,"column":15}},"248":{"start":{"line":480,"column":16},"end":{"line":492,"column":19}},"249":{"start":{"line":481,"column":27},"end":{"line":481,"column":50}},"250":{"start":{"line":481,"column":33},"end":{"line":481,"column":50}},"251":{"start":{"line":483,"column":30},"end":{"line":483,"column":85}},"252":{"start":{"line":485,"column":18},"end":{"line":491,"column":19}},"253":{"start":{"line":486,"column":20},"end":{"line":486,"column":37}},"254":{"start":{"line":487,"column":20},"end":{"line":490,"column":23}},"255":{"start":{"line":494,"column":16},"end":{"line":496,"column":17}},"256":{"start":{"line":495,"column":18},"end":{"line":495,"column":37}},"257":{"start":{"line":500,"column":12},"end":{"line":500,"column":29}},"258":{"start":{"line":507,"column":4},"end":{"line":550,"column":7}},"259":{"start":{"line":508,"column":17},"end":{"line":508,"column":21}},"260":{"start":{"line":509,"column":6},"end":{"line":549,"column":8}},"261":{"start":{"line":512,"column":12},"end":{"line":512,"column":32}},"262":{"start":{"line":516,"column":10},"end":{"line":516,"column":27}},"263":{"start":{"line":518,"column":10},"end":{"line":540,"column":11}},"264":{"start":{"line":519,"column":12},"end":{"line":529,"column":15}},"265":{"start":{"line":520,"column":26},"end":{"line":520,"column":81}},"266":{"start":{"line":522,"column":14},"end":{"line":528,"column":15}},"267":{"start":{"line":523,"column":16},"end":{"line":523,"column":55}},"268":{"start":{"line":524,"column":16},"end":{"line":527,"column":19}},"269":{"start":{"line":532,"column":12},"end":{"line":539,"column":13}},"270":{"start":{"line":533,"column":26},"end":{"line":533,"column":41}},"271":{"start":{"line":534,"column":14},"end":{"line":534,"column":53}},"272":{"start":{"line":535,"column":14},"end":{"line":538,"column":17}},"273":{"start":{"line":542,"column":10},"end":{"line":542,"column":48}},"274":{"start":{"line":545,"column":10},"end":{"line":547,"column":13}},"275":{"start":{"line":546,"column":12},"end":{"line":546,"column":43}},"276":{"start":{"line":552,"column":4},"end":{"line":575,"column":7}},"277":{"start":{"line":553,"column":6},"end":{"line":556,"column":7}},"278":{"start":{"line":554,"column":8},"end":{"line":554,"column":70}},"279":{"start":{"line":555,"column":8},"end":{"line":555,"column":15}},"280":{"start":{"line":558,"column":6},"end":{"line":561,"column":7}},"281":{"start":{"line":559,"column":8},"end":{"line":559,"column":57}},"282":{"start":{"line":560,"column":8},"end":{"line":560,"column":15}},"283":{"start":{"line":563,"column":6},"end":{"line":566,"column":7}},"284":{"start":{"line":564,"column":8},"end":{"line":564,"column":64}},"285":{"start":{"line":565,"column":8},"end":{"line":565,"column":15}},"286":{"start":{"line":568,"column":6},"end":{"line":568,"column":30}},"287":{"start":{"line":569,"column":20},"end":{"line":569,"column":35}},"288":{"start":{"line":570,"column":6},"end":{"line":570,"column":38}},"289":{"start":{"line":571,"column":6},"end":{"line":573,"column":10}},"290":{"start":{"line":574,"column":6},"end":{"line":574,"column":19}},"291":{"start":{"line":577,"column":4},"end":{"line":585,"column":7}},"292":{"start":{"line":578,"column":20},"end":{"line":578,"column":38}},"293":{"start":{"line":580,"column":6},"end":{"line":584,"column":7}},"294":{"start":{"line":581,"column":8},"end":{"line":581,"column":56}},"295":{"start":{"line":583,"column":8},"end":{"line":583,"column":21}},"296":{"start":{"line":587,"column":4},"end":{"line":589,"column":7}},"297":{"start":{"line":588,"column":6},"end":{"line":588,"column":26}},"298":{"start":{"line":591,"column":4},"end":{"line":597,"column":7}},"299":{"start":{"line":592,"column":6},"end":{"line":592,"column":32}},"300":{"start":{"line":593,"column":6},"end":{"line":596,"column":9}},"301":{"start":{"line":599,"column":4},"end":{"line":607,"column":7}},"302":{"start":{"line":600,"column":6},"end":{"line":602,"column":7}},"303":{"start":{"line":601,"column":8},"end":{"line":601,"column":31}},"304":{"start":{"line":604,"column":6},"end":{"line":606,"column":9}},"305":{"start":{"line":609,"column":4},"end":{"line":611,"column":7}},"306":{"start":{"line":610,"column":6},"end":{"line":610,"column":39}},"307":{"start":{"line":613,"column":4},"end":{"line":615,"column":7}},"308":{"start":{"line":614,"column":6},"end":{"line":614,"column":40}},"309":{"start":{"line":617,"column":4},"end":{"line":617,"column":22}},"310":{"start":{"line":618,"column":4},"end":{"line":618,"column":50}},"311":{"start":{"line":619,"column":4},"end":{"line":619,"column":35}}},"fnMap":{"0":{"name":"_defineProperty","decl":{"start":{"line":1,"column":9},"end":{"line":1,"column":24}},"loc":{"start":{"line":1,"column":42},"end":{"line":14,"column":1}},"line":1},"1":{"name":"(anonymous_1)","decl":{"start":{"line":16,"column":16},"end":{"line":16,"column":17}},"loc":{"start":{"line":16,"column":21},"end":{"line":16,"column":75}},"line":16},"2":{"name":"(anonymous_2)","decl":{"start":{"line":18,"column":14},"end":{"line":18,"column":15}},"loc":{"start":{"line":18,"column":19},"end":{"line":18,"column":74}},"line":18},"3":{"name":"(anonymous_3)","decl":{"start":{"line":20,"column":19},"end":{"line":20,"column":20}},"loc":{"start":{"line":20,"column":24},"end":{"line":20,"column":81}},"line":20},"4":{"name":"(anonymous_4)","decl":{"start":{"line":22,"column":17},"end":{"line":22,"column":18}},"loc":{"start":{"line":22,"column":22},"end":{"line":22,"column":77}},"line":22},"5":{"name":"(anonymous_5)","decl":{"start":{"line":24,"column":16},"end":{"line":24,"column":17}},"loc":{"start":{"line":24,"column":21},"end":{"line":27,"column":1}},"line":24},"6":{"name":"(anonymous_6)","decl":{"start":{"line":30,"column":2},"end":{"line":30,"column":3}},"loc":{"start":{"line":30,"column":16},"end":{"line":70,"column":3}},"line":30},"7":{"name":"(anonymous_7)","decl":{"start":{"line":31,"column":32},"end":{"line":31,"column":33}},"loc":{"start":{"line":31,"column":46},"end":{"line":41,"column":5}},"line":31},"8":{"name":"(anonymous_8)","decl":{"start":{"line":43,"column":33},"end":{"line":43,"column":34}},"loc":{"start":{"line":43,"column":47},"end":{"line":57,"column":5}},"line":43},"9":{"name":"(anonymous_9)","decl":{"start":{"line":59,"column":37},"end":{"line":59,"column":38}},"loc":{"start":{"line":59,"column":55},"end":{"line":67,"column":5}},"line":59},"10":{"name":"(anonymous_10)","decl":{"start":{"line":82,"column":2},"end":{"line":82,"column":3}},"loc":{"start":{"line":82,"column":25},"end":{"line":411,"column":3}},"line":82},"11":{"name":"(anonymous_11)","decl":{"start":{"line":83,"column":35},"end":{"line":83,"column":36}},"loc":{"start":{"line":83,"column":44},"end":{"line":93,"column":5}},"line":83},"12":{"name":"(anonymous_12)","decl":{"start":{"line":84,"column":37},"end":{"line":84,"column":38}},"loc":{"start":{"line":84,"column":54},"end":{"line":86,"column":7}},"line":84},"13":{"name":"(anonymous_13)","decl":{"start":{"line":95,"column":35},"end":{"line":95,"column":36}},"loc":{"start":{"line":95,"column":40},"end":{"line":100,"column":5}},"line":95},"14":{"name":"(anonymous_14)","decl":{"start":{"line":96,"column":37},"end":{"line":96,"column":38}},"loc":{"start":{"line":96,"column":54},"end":{"line":98,"column":7}},"line":96},"15":{"name":"(anonymous_15)","decl":{"start":{"line":102,"column":34},"end":{"line":102,"column":35}},"loc":{"start":{"line":102,"column":39},"end":{"line":107,"column":5}},"line":102},"16":{"name":"(anonymous_16)","decl":{"start":{"line":103,"column":37},"end":{"line":103,"column":38}},"loc":{"start":{"line":103,"column":54},"end":{"line":105,"column":7}},"line":103},"17":{"name":"(anonymous_17)","decl":{"start":{"line":109,"column":37},"end":{"line":109,"column":38}},"loc":{"start":{"line":109,"column":62},"end":{"line":126,"column":5}},"line":109},"18":{"name":"(anonymous_18)","decl":{"start":{"line":111,"column":23},"end":{"line":111,"column":24}},"loc":{"start":{"line":111,"column":33},"end":{"line":124,"column":9}},"line":111},"19":{"name":"(anonymous_19)","decl":{"start":{"line":128,"column":39},"end":{"line":128,"column":40}},"loc":{"start":{"line":128,"column":47},"end":{"line":137,"column":5}},"line":128},"20":{"name":"(anonymous_20)","decl":{"start":{"line":139,"column":35},"end":{"line":139,"column":36}},"loc":{"start":{"line":139,"column":41},"end":{"line":143,"column":5}},"line":139},"21":{"name":"(anonymous_21)","decl":{"start":{"line":145,"column":38},"end":{"line":145,"column":39}},"loc":{"start":{"line":145,"column":44},"end":{"line":147,"column":5}},"line":145},"22":{"name":"(anonymous_22)","decl":{"start":{"line":149,"column":34},"end":{"line":149,"column":35}},"loc":{"start":{"line":149,"column":48},"end":{"line":162,"column":5}},"line":149},"23":{"name":"(anonymous_23)","decl":{"start":{"line":153,"column":20},"end":{"line":153,"column":21}},"loc":{"start":{"line":153,"column":28},"end":{"line":157,"column":7}},"line":153},"24":{"name":"(anonymous_24)","decl":{"start":{"line":164,"column":37},"end":{"line":164,"column":38}},"loc":{"start":{"line":164,"column":52},"end":{"line":187,"column":5}},"line":164},"25":{"name":"(anonymous_25)","decl":{"start":{"line":178,"column":40},"end":{"line":178,"column":41}},"loc":{"start":{"line":178,"column":47},"end":{"line":178,"column":71}},"line":178},"26":{"name":"(anonymous_26)","decl":{"start":{"line":189,"column":36},"end":{"line":189,"column":37}},"loc":{"start":{"line":189,"column":51},"end":{"line":235,"column":5}},"line":189},"27":{"name":"(anonymous_27)","decl":{"start":{"line":212,"column":22},"end":{"line":212,"column":23}},"loc":{"start":{"line":212,"column":30},"end":{"line":219,"column":9}},"line":212},"28":{"name":"(anonymous_28)","decl":{"start":{"line":237,"column":36},"end":{"line":237,"column":37}},"loc":{"start":{"line":237,"column":43},"end":{"line":252,"column":5}},"line":237},"29":{"name":"(anonymous_29)","decl":{"start":{"line":244,"column":33},"end":{"line":244,"column":34}},"loc":{"start":{"line":244,"column":40},"end":{"line":244,"column":65}},"line":244},"30":{"name":"(anonymous_30)","decl":{"start":{"line":254,"column":39},"end":{"line":254,"column":40}},"loc":{"start":{"line":254,"column":46},"end":{"line":267,"column":5}},"line":254},"31":{"name":"(anonymous_31)","decl":{"start":{"line":260,"column":21},"end":{"line":260,"column":22}},"loc":{"start":{"line":260,"column":29},"end":{"line":262,"column":7}},"line":260},"32":{"name":"(anonymous_32)","decl":{"start":{"line":261,"column":33},"end":{"line":261,"column":34}},"loc":{"start":{"line":261,"column":40},"end":{"line":261,"column":60}},"line":261},"33":{"name":"(anonymous_33)","decl":{"start":{"line":269,"column":41},"end":{"line":269,"column":42}},"loc":{"start":{"line":269,"column":55},"end":{"line":285,"column":5}},"line":269},"34":{"name":"(anonymous_34)","decl":{"start":{"line":280,"column":21},"end":{"line":280,"column":22}},"loc":{"start":{"line":280,"column":29},"end":{"line":280,"column":90}},"line":280},"35":{"name":"(anonymous_35)","decl":{"start":{"line":280,"column":58},"end":{"line":280,"column":59}},"loc":{"start":{"line":280,"column":66},"end":{"line":280,"column":88}},"line":280},"36":{"name":"(anonymous_36)","decl":{"start":{"line":287,"column":36},"end":{"line":287,"column":37}},"loc":{"start":{"line":287,"column":42},"end":{"line":306,"column":5}},"line":287},"37":{"name":"(anonymous_37)","decl":{"start":{"line":293,"column":11},"end":{"line":293,"column":12}},"loc":{"start":{"line":293,"column":31},"end":{"line":296,"column":11}},"line":293},"38":{"name":"(anonymous_38)","decl":{"start":{"line":308,"column":36},"end":{"line":308,"column":37}},"loc":{"start":{"line":308,"column":42},"end":{"line":311,"column":5}},"line":308},"39":{"name":"(anonymous_39)","decl":{"start":{"line":313,"column":38},"end":{"line":313,"column":39}},"loc":{"start":{"line":313,"column":44},"end":{"line":316,"column":5}},"line":313},"40":{"name":"(anonymous_40)","decl":{"start":{"line":335,"column":25},"end":{"line":335,"column":26}},"loc":{"start":{"line":335,"column":31},"end":{"line":335,"column":33}},"line":335},"41":{"name":"(anonymous_41)","decl":{"start":{"line":337,"column":23},"end":{"line":337,"column":24}},"loc":{"start":{"line":337,"column":29},"end":{"line":337,"column":33}},"line":337},"42":{"name":"(anonymous_42)","decl":{"start":{"line":340,"column":25},"end":{"line":340,"column":26}},"loc":{"start":{"line":340,"column":33},"end":{"line":354,"column":7}},"line":340},"43":{"name":"(anonymous_43)","decl":{"start":{"line":363,"column":29},"end":{"line":363,"column":30}},"loc":{"start":{"line":363,"column":46},"end":{"line":376,"column":9}},"line":363},"44":{"name":"(anonymous_44)","decl":{"start":{"line":381,"column":23},"end":{"line":381,"column":24}},"loc":{"start":{"line":381,"column":30},"end":{"line":393,"column":5}},"line":381},"45":{"name":"(anonymous_45)","decl":{"start":{"line":400,"column":32},"end":{"line":400,"column":33}},"loc":{"start":{"line":400,"column":38},"end":{"line":402,"column":5}},"line":400},"46":{"name":"(anonymous_46)","decl":{"start":{"line":420,"column":2},"end":{"line":420,"column":3}},"loc":{"start":{"line":420,"column":15},"end":{"line":435,"column":3}},"line":420},"47":{"name":"(anonymous_47)","decl":{"start":{"line":445,"column":11},"end":{"line":445,"column":12}},"loc":{"start":{"line":445,"column":30},"end":{"line":445,"column":58}},"line":445},"48":{"name":"(anonymous_48)","decl":{"start":{"line":446,"column":13},"end":{"line":446,"column":14}},"loc":{"start":{"line":446,"column":28},"end":{"line":446,"column":50}},"line":446},"49":{"name":"(anonymous_49)","decl":{"start":{"line":447,"column":12},"end":{"line":447,"column":13}},"loc":{"start":{"line":447,"column":40},"end":{"line":447,"column":75}},"line":447},"50":{"name":"(anonymous_50)","decl":{"start":{"line":448,"column":11},"end":{"line":448,"column":12}},"loc":{"start":{"line":448,"column":40},"end":{"line":448,"column":76}},"line":448},"51":{"name":"(anonymous_51)","decl":{"start":{"line":452,"column":2},"end":{"line":452,"column":3}},"loc":{"start":{"line":452,"column":26},"end":{"line":620,"column":3}},"line":452},"52":{"name":"(anonymous_52)","decl":{"start":{"line":453,"column":44},"end":{"line":453,"column":45}},"loc":{"start":{"line":453,"column":57},"end":{"line":505,"column":5}},"line":453},"53":{"name":"(anonymous_53)","decl":{"start":{"line":455,"column":13},"end":{"line":455,"column":14}},"loc":{"start":{"line":455,"column":23},"end":{"line":504,"column":7}},"line":455},"54":{"name":"(anonymous_54)","decl":{"start":{"line":459,"column":10},"end":{"line":459,"column":11}},"loc":{"start":{"line":459,"column":29},"end":{"line":501,"column":11}},"line":459},"55":{"name":"(anonymous_55)","decl":{"start":{"line":462,"column":56},"end":{"line":462,"column":57}},"loc":{"start":{"line":462,"column":62},"end":{"line":466,"column":13}},"line":462},"56":{"name":"(anonymous_56)","decl":{"start":{"line":468,"column":58},"end":{"line":468,"column":59}},"loc":{"start":{"line":468,"column":64},"end":{"line":473,"column":13}},"line":468},"57":{"name":"(anonymous_57)","decl":{"start":{"line":470,"column":34},"end":{"line":470,"column":35}},"loc":{"start":{"line":470,"column":43},"end":{"line":472,"column":15}},"line":470},"58":{"name":"(anonymous_58)","decl":{"start":{"line":478,"column":29},"end":{"line":478,"column":30}},"loc":{"start":{"line":478,"column":35},"end":{"line":498,"column":13}},"line":478},"59":{"name":"(anonymous_59)","decl":{"start":{"line":480,"column":34},"end":{"line":480,"column":35}},"loc":{"start":{"line":480,"column":47},"end":{"line":492,"column":17}},"line":480},"60":{"name":"(anonymous_60)","decl":{"start":{"line":481,"column":27},"end":{"line":481,"column":28}},"loc":{"start":{"line":481,"column":33},"end":{"line":481,"column":50}},"line":481},"61":{"name":"(anonymous_61)","decl":{"start":{"line":507,"column":42},"end":{"line":507,"column":43}},"loc":{"start":{"line":507,"column":55},"end":{"line":550,"column":5}},"line":507},"62":{"name":"(anonymous_62)","decl":{"start":{"line":511,"column":31},"end":{"line":511,"column":32}},"loc":{"start":{"line":511,"column":43},"end":{"line":513,"column":11}},"line":511},"63":{"name":"(anonymous_63)","decl":{"start":{"line":515,"column":17},"end":{"line":515,"column":18}},"loc":{"start":{"line":515,"column":29},"end":{"line":543,"column":9}},"line":515},"64":{"name":"(anonymous_64)","decl":{"start":{"line":519,"column":25},"end":{"line":519,"column":26}},"loc":{"start":{"line":519,"column":38},"end":{"line":529,"column":13}},"line":519},"65":{"name":"(anonymous_65)","decl":{"start":{"line":544,"column":23},"end":{"line":544,"column":24}},"loc":{"start":{"line":544,"column":35},"end":{"line":548,"column":9}},"line":544},"66":{"name":"(anonymous_66)","decl":{"start":{"line":545,"column":30},"end":{"line":545,"column":31}},"loc":{"start":{"line":545,"column":39},"end":{"line":547,"column":11}},"line":545},"67":{"name":"(anonymous_67)","decl":{"start":{"line":552,"column":41},"end":{"line":552,"column":42}},"loc":{"start":{"line":552,"column":49},"end":{"line":575,"column":5}},"line":552},"68":{"name":"(anonymous_68)","decl":{"start":{"line":577,"column":35},"end":{"line":577,"column":36}},"loc":{"start":{"line":577,"column":43},"end":{"line":585,"column":5}},"line":577},"69":{"name":"(anonymous_69)","decl":{"start":{"line":587,"column":39},"end":{"line":587,"column":40}},"loc":{"start":{"line":587,"column":45},"end":{"line":589,"column":5}},"line":587},"70":{"name":"(anonymous_70)","decl":{"start":{"line":591,"column":34},"end":{"line":591,"column":35}},"loc":{"start":{"line":591,"column":42},"end":{"line":597,"column":5}},"line":591},"71":{"name":"(anonymous_71)","decl":{"start":{"line":599,"column":35},"end":{"line":599,"column":36}},"loc":{"start":{"line":599,"column":41},"end":{"line":607,"column":5}},"line":599},"72":{"name":"(anonymous_72)","decl":{"start":{"line":609,"column":36},"end":{"line":609,"column":37}},"loc":{"start":{"line":609,"column":42},"end":{"line":611,"column":5}},"line":609},"73":{"name":"(anonymous_73)","decl":{"start":{"line":613,"column":38},"end":{"line":613,"column":39}},"loc":{"start":{"line":613,"column":44},"end":{"line":615,"column":5}},"line":613}},"branchMap":{"0":{"loc":{"start":{"line":2,"column":2},"end":{"line":11,"column":3}},"type":"if","locations":[{"start":{"line":2,"column":2},"end":{"line":11,"column":3}},{"start":{"line":2,"column":2},"end":{"line":11,"column":3}}],"line":2},"1":{"loc":{"start":{"line":32,"column":6},"end":{"line":40,"column":7}},"type":"if","locations":[{"start":{"line":32,"column":6},"end":{"line":40,"column":7}},{"start":{"line":32,"column":6},"end":{"line":40,"column":7}}],"line":32},"2":{"loc":{"start":{"line":35,"column":8},"end":{"line":39,"column":9}},"type":"if","locations":[{"start":{"line":35,"column":8},"end":{"line":39,"column":9}},{"start":{"line":35,"column":8},"end":{"line":39,"column":9}}],"line":35},"3":{"loc":{"start":{"line":35,"column":12},"end":{"line":35,"column":57}},"type":"binary-expr","locations":[{"start":{"line":35,"column":12},"end":{"line":35,"column":30}},{"start":{"line":35,"column":34},"end":{"line":35,"column":57}}],"line":35},"4":{"loc":{"start":{"line":46,"column":6},"end":{"line":56,"column":7}},"type":"if","locations":[{"start":{"line":46,"column":6},"end":{"line":56,"column":7}},{"start":{"line":46,"column":6},"end":{"line":56,"column":7}}],"line":46},"5":{"loc":{"start":{"line":47,"column":8},"end":{"line":55,"column":9}},"type":"if","locations":[{"start":{"line":47,"column":8},"end":{"line":55,"column":9}},{"start":{"line":47,"column":8},"end":{"line":55,"column":9}}],"line":47},"6":{"loc":{"start":{"line":52,"column":10},"end":{"line":54,"column":11}},"type":"if","locations":[{"start":{"line":52,"column":10},"end":{"line":54,"column":11}},{"start":{"line":52,"column":10},"end":{"line":54,"column":11}}],"line":52},"7":{"loc":{"start":{"line":62,"column":6},"end":{"line":66,"column":7}},"type":"if","locations":[{"start":{"line":62,"column":6},"end":{"line":66,"column":7}},{"start":{"line":62,"column":6},"end":{"line":66,"column":7}}],"line":62},"8":{"loc":{"start":{"line":62,"column":10},"end":{"line":62,"column":33}},"type":"binary-expr","locations":[{"start":{"line":62,"column":10},"end":{"line":62,"column":16}},{"start":{"line":62,"column":20},"end":{"line":62,"column":33}}],"line":62},"9":{"loc":{"start":{"line":82,"column":14},"end":{"line":82,"column":23}},"type":"default-arg","locations":[{"start":{"line":82,"column":21},"end":{"line":82,"column":23}}],"line":82},"10":{"loc":{"start":{"line":109,"column":38},"end":{"line":109,"column":57}},"type":"default-arg","locations":[{"start":{"line":109,"column":47},"end":{"line":109,"column":57}}],"line":109},"11":{"loc":{"start":{"line":110,"column":6},"end":{"line":125,"column":7}},"type":"if","locations":[{"start":{"line":110,"column":6},"end":{"line":125,"column":7}},{"start":{"line":110,"column":6},"end":{"line":125,"column":7}}],"line":110},"12":{"loc":{"start":{"line":115,"column":10},"end":{"line":117,"column":11}},"type":"if","locations":[{"start":{"line":115,"column":10},"end":{"line":117,"column":11}},{"start":{"line":115,"column":10},"end":{"line":117,"column":11}}],"line":115},"13":{"loc":{"start":{"line":119,"column":10},"end":{"line":121,"column":11}},"type":"if","locations":[{"start":{"line":119,"column":10},"end":{"line":121,"column":11}},{"start":{"line":119,"column":10},"end":{"line":121,"column":11}}],"line":119},"14":{"loc":{"start":{"line":132,"column":6},"end":{"line":136,"column":7}},"type":"if","locations":[{"start":{"line":132,"column":6},"end":{"line":136,"column":7}},{"start":{"line":132,"column":6},"end":{"line":136,"column":7}}],"line":132},"15":{"loc":{"start":{"line":134,"column":13},"end":{"line":136,"column":7}},"type":"if","locations":[{"start":{"line":134,"column":13},"end":{"line":136,"column":7}},{"start":{"line":134,"column":13},"end":{"line":136,"column":7}}],"line":134},"16":{"loc":{"start":{"line":134,"column":17},"end":{"line":134,"column":62}},"type":"binary-expr","locations":[{"start":{"line":134,"column":17},"end":{"line":134,"column":22}},{"start":{"line":134,"column":26},"end":{"line":134,"column":43}},{"start":{"line":134,"column":47},"end":{"line":134,"column":62}}],"line":134},"17":{"loc":{"start":{"line":149,"column":35},"end":{"line":149,"column":43}},"type":"default-arg","locations":[{"start":{"line":149,"column":41},"end":{"line":149,"column":43}}],"line":149},"18":{"loc":{"start":{"line":154,"column":8},"end":{"line":156,"column":9}},"type":"if","locations":[{"start":{"line":154,"column":8},"end":{"line":156,"column":9}},{"start":{"line":154,"column":8},"end":{"line":156,"column":9}}],"line":154},"19":{"loc":{"start":{"line":166,"column":24},"end":{"line":166,"column":46}},"type":"binary-expr","locations":[{"start":{"line":166,"column":24},"end":{"line":166,"column":27}},{"start":{"line":166,"column":31},"end":{"line":166,"column":46}}],"line":166},"20":{"loc":{"start":{"line":168,"column":6},"end":{"line":186,"column":7}},"type":"if","locations":[{"start":{"line":168,"column":6},"end":{"line":186,"column":7}},{"start":{"line":168,"column":6},"end":{"line":186,"column":7}}],"line":168},"21":{"loc":{"start":{"line":171,"column":8},"end":{"line":185,"column":9}},"type":"if","locations":[{"start":{"line":171,"column":8},"end":{"line":185,"column":9}},{"start":{"line":171,"column":8},"end":{"line":185,"column":9}}],"line":171},"22":{"loc":{"start":{"line":173,"column":17},"end":{"line":173,"column":40}},"type":"binary-expr","locations":[{"start":{"line":173,"column":17},"end":{"line":173,"column":32}},{"start":{"line":173,"column":36},"end":{"line":173,"column":40}}],"line":173},"23":{"loc":{"start":{"line":176,"column":12},"end":{"line":180,"column":13}},"type":"if","locations":[{"start":{"line":176,"column":12},"end":{"line":180,"column":13}},{"start":{"line":176,"column":12},"end":{"line":180,"column":13}}],"line":176},"24":{"loc":{"start":{"line":179,"column":21},"end":{"line":179,"column":44}},"type":"binary-expr","locations":[{"start":{"line":179,"column":21},"end":{"line":179,"column":36}},{"start":{"line":179,"column":40},"end":{"line":179,"column":44}}],"line":179},"25":{"loc":{"start":{"line":184,"column":17},"end":{"line":184,"column":40}},"type":"binary-expr","locations":[{"start":{"line":184,"column":17},"end":{"line":184,"column":32}},{"start":{"line":184,"column":36},"end":{"line":184,"column":40}}],"line":184},"26":{"loc":{"start":{"line":192,"column":6},"end":{"line":232,"column":7}},"type":"if","locations":[{"start":{"line":192,"column":6},"end":{"line":232,"column":7}},{"start":{"line":192,"column":6},"end":{"line":232,"column":7}}],"line":192},"27":{"loc":{"start":{"line":197,"column":8},"end":{"line":207,"column":9}},"type":"if","locations":[{"start":{"line":197,"column":8},"end":{"line":207,"column":9}},{"start":{"line":197,"column":8},"end":{"line":207,"column":9}}],"line":197},"28":{"loc":{"start":{"line":208,"column":13},"end":{"line":232,"column":7}},"type":"if","locations":[{"start":{"line":208,"column":13},"end":{"line":232,"column":7}},{"start":{"line":208,"column":13},"end":{"line":232,"column":7}}],"line":208},"29":{"loc":{"start":{"line":215,"column":10},"end":{"line":218,"column":11}},"type":"if","locations":[{"start":{"line":215,"column":10},"end":{"line":218,"column":11}},{"start":{"line":215,"column":10},"end":{"line":218,"column":11}}],"line":215},"30":{"loc":{"start":{"line":221,"column":8},"end":{"line":229,"column":9}},"type":"if","locations":[{"start":{"line":221,"column":8},"end":{"line":229,"column":9}},{"start":{"line":221,"column":8},"end":{"line":229,"column":9}}],"line":221},"31":{"loc":{"start":{"line":243,"column":6},"end":{"line":251,"column":7}},"type":"if","locations":[{"start":{"line":243,"column":6},"end":{"line":251,"column":7}},{"start":{"line":243,"column":6},"end":{"line":251,"column":7}}],"line":243},"32":{"loc":{"start":{"line":270,"column":6},"end":{"line":273,"column":7}},"type":"if","locations":[{"start":{"line":270,"column":6},"end":{"line":273,"column":7}},{"start":{"line":270,"column":6},"end":{"line":273,"column":7}}],"line":270},"33":{"loc":{"start":{"line":270,"column":10},"end":{"line":270,"column":41}},"type":"binary-expr","locations":[{"start":{"line":270,"column":10},"end":{"line":270,"column":23}},{"start":{"line":270,"column":27},"end":{"line":270,"column":41}}],"line":270},"34":{"loc":{"start":{"line":295,"column":12},"end":{"line":295,"column":48}},"type":"binary-expr","locations":[{"start":{"line":295,"column":12},"end":{"line":295,"column":22}},{"start":{"line":295,"column":26},"end":{"line":295,"column":48}}],"line":295},"35":{"loc":{"start":{"line":318,"column":18},"end":{"line":318,"column":38}},"type":"binary-expr","locations":[{"start":{"line":318,"column":18},"end":{"line":318,"column":29}},{"start":{"line":318,"column":33},"end":{"line":318,"column":38}}],"line":318},"36":{"loc":{"start":{"line":320,"column":22},"end":{"line":320,"column":48}},"type":"binary-expr","locations":[{"start":{"line":320,"column":22},"end":{"line":320,"column":37}},{"start":{"line":320,"column":41},"end":{"line":320,"column":48}}],"line":320},"37":{"loc":{"start":{"line":328,"column":20},"end":{"line":328,"column":43}},"type":"binary-expr","locations":[{"start":{"line":328,"column":20},"end":{"line":328,"column":33}},{"start":{"line":328,"column":37},"end":{"line":328,"column":43}}],"line":328},"38":{"loc":{"start":{"line":333,"column":18},"end":{"line":333,"column":35}},"type":"binary-expr","locations":[{"start":{"line":333,"column":18},"end":{"line":333,"column":29}},{"start":{"line":333,"column":33},"end":{"line":333,"column":35}}],"line":333},"39":{"loc":{"start":{"line":339,"column":4},"end":{"line":355,"column":5}},"type":"if","locations":[{"start":{"line":339,"column":4},"end":{"line":355,"column":5}},{"start":{"line":339,"column":4},"end":{"line":355,"column":5}}],"line":339},"40":{"loc":{"start":{"line":342,"column":10},"end":{"line":344,"column":11}},"type":"if","locations":[{"start":{"line":342,"column":10},"end":{"line":344,"column":11}},{"start":{"line":342,"column":10},"end":{"line":344,"column":11}}],"line":342},"41":{"loc":{"start":{"line":342,"column":14},"end":{"line":342,"column":62}},"type":"binary-expr","locations":[{"start":{"line":342,"column":14},"end":{"line":342,"column":37}},{"start":{"line":342,"column":41},"end":{"line":342,"column":62}}],"line":342},"42":{"loc":{"start":{"line":346,"column":10},"end":{"line":350,"column":11}},"type":"if","locations":[{"start":{"line":346,"column":10},"end":{"line":350,"column":11}},{"start":{"line":346,"column":10},"end":{"line":350,"column":11}}],"line":346},"43":{"loc":{"start":{"line":346,"column":14},"end":{"line":346,"column":58}},"type":"binary-expr","locations":[{"start":{"line":346,"column":14},"end":{"line":346,"column":33}},{"start":{"line":346,"column":37},"end":{"line":346,"column":58}}],"line":346},"44":{"loc":{"start":{"line":347,"column":12},"end":{"line":349,"column":13}},"type":"if","locations":[{"start":{"line":347,"column":12},"end":{"line":349,"column":13}},{"start":{"line":347,"column":12},"end":{"line":349,"column":13}}],"line":347},"45":{"loc":{"start":{"line":357,"column":4},"end":{"line":378,"column":5}},"type":"if","locations":[{"start":{"line":357,"column":4},"end":{"line":378,"column":5}},{"start":{"line":357,"column":4},"end":{"line":378,"column":5}}],"line":357},"46":{"loc":{"start":{"line":359,"column":11},"end":{"line":378,"column":5}},"type":"if","locations":[{"start":{"line":359,"column":11},"end":{"line":378,"column":5}},{"start":{"line":359,"column":11},"end":{"line":378,"column":5}}],"line":359},"47":{"loc":{"start":{"line":360,"column":24},"end":{"line":360,"column":53}},"type":"binary-expr","locations":[{"start":{"line":360,"column":24},"end":{"line":360,"column":44}},{"start":{"line":360,"column":48},"end":{"line":360,"column":53}}],"line":360},"48":{"loc":{"start":{"line":362,"column":6},"end":{"line":377,"column":7}},"type":"if","locations":[{"start":{"line":362,"column":6},"end":{"line":377,"column":7}},{"start":{"line":362,"column":6},"end":{"line":377,"column":7}}],"line":362},"49":{"loc":{"start":{"line":367,"column":10},"end":{"line":375,"column":11}},"type":"if","locations":[{"start":{"line":367,"column":10},"end":{"line":375,"column":11}},{"start":{"line":367,"column":10},"end":{"line":375,"column":11}}],"line":367},"50":{"loc":{"start":{"line":368,"column":12},"end":{"line":372,"column":13}},"type":"if","locations":[{"start":{"line":368,"column":12},"end":{"line":372,"column":13}},{"start":{"line":368,"column":12},"end":{"line":372,"column":13}}],"line":368},"51":{"loc":{"start":{"line":382,"column":6},"end":{"line":386,"column":7}},"type":"if","locations":[{"start":{"line":382,"column":6},"end":{"line":386,"column":7}},{"start":{"line":382,"column":6},"end":{"line":386,"column":7}}],"line":382},"52":{"loc":{"start":{"line":384,"column":13},"end":{"line":386,"column":7}},"type":"if","locations":[{"start":{"line":384,"column":13},"end":{"line":386,"column":7}},{"start":{"line":384,"column":13},"end":{"line":386,"column":7}}],"line":384},"53":{"loc":{"start":{"line":388,"column":6},"end":{"line":392,"column":7}},"type":"if","locations":[{"start":{"line":388,"column":6},"end":{"line":392,"column":7}},{"start":{"line":388,"column":6},"end":{"line":392,"column":7}}],"line":388},"54":{"loc":{"start":{"line":390,"column":13},"end":{"line":392,"column":7}},"type":"if","locations":[{"start":{"line":390,"column":13},"end":{"line":392,"column":7}},{"start":{"line":390,"column":13},"end":{"line":392,"column":7}}],"line":390},"55":{"loc":{"start":{"line":404,"column":4},"end":{"line":408,"column":5}},"type":"if","locations":[{"start":{"line":404,"column":4},"end":{"line":408,"column":5}},{"start":{"line":404,"column":4},"end":{"line":408,"column":5}}],"line":404},"56":{"loc":{"start":{"line":406,"column":11},"end":{"line":408,"column":5}},"type":"if","locations":[{"start":{"line":406,"column":11},"end":{"line":408,"column":5}},{"start":{"line":406,"column":11},"end":{"line":408,"column":5}}],"line":406},"57":{"loc":{"start":{"line":429,"column":4},"end":{"line":434,"column":5}},"type":"if","locations":[{"start":{"line":429,"column":4},"end":{"line":434,"column":5}},{"start":{"line":429,"column":4},"end":{"line":434,"column":5}}],"line":429},"58":{"loc":{"start":{"line":452,"column":14},"end":{"line":452,"column":24}},"type":"default-arg","locations":[{"start":{"line":452,"column":22},"end":{"line":452,"column":24}}],"line":452},"59":{"loc":{"start":{"line":463,"column":14},"end":{"line":463,"column":68}},"type":"binary-expr","locations":[{"start":{"line":463,"column":14},"end":{"line":463,"column":38}},{"start":{"line":463,"column":42},"end":{"line":463,"column":68}}],"line":463},"60":{"loc":{"start":{"line":465,"column":14},"end":{"line":465,"column":46}},"type":"binary-expr","locations":[{"start":{"line":465,"column":14},"end":{"line":465,"column":26}},{"start":{"line":465,"column":30},"end":{"line":465,"column":46}}],"line":465},"61":{"loc":{"start":{"line":469,"column":14},"end":{"line":469,"column":72}},"type":"binary-expr","locations":[{"start":{"line":469,"column":14},"end":{"line":469,"column":40}},{"start":{"line":469,"column":44},"end":{"line":469,"column":72}}],"line":469},"62":{"loc":{"start":{"line":479,"column":14},"end":{"line":497,"column":15}},"type":"if","locations":[{"start":{"line":479,"column":14},"end":{"line":497,"column":15}},{"start":{"line":479,"column":14},"end":{"line":497,"column":15}}],"line":479},"63":{"loc":{"start":{"line":483,"column":30},"end":{"line":483,"column":85}},"type":"cond-expr","locations":[{"start":{"line":483,"column":52},"end":{"line":483,"column":73}},{"start":{"line":483,"column":76},"end":{"line":483,"column":85}}],"line":483},"64":{"loc":{"start":{"line":485,"column":18},"end":{"line":491,"column":19}},"type":"if","locations":[{"start":{"line":485,"column":18},"end":{"line":491,"column":19}},{"start":{"line":485,"column":18},"end":{"line":491,"column":19}}],"line":485},"65":{"loc":{"start":{"line":494,"column":16},"end":{"line":496,"column":17}},"type":"if","locations":[{"start":{"line":494,"column":16},"end":{"line":496,"column":17}},{"start":{"line":494,"column":16},"end":{"line":496,"column":17}}],"line":494},"66":{"loc":{"start":{"line":518,"column":10},"end":{"line":540,"column":11}},"type":"if","locations":[{"start":{"line":518,"column":10},"end":{"line":540,"column":11}},{"start":{"line":518,"column":10},"end":{"line":540,"column":11}}],"line":518},"67":{"loc":{"start":{"line":520,"column":26},"end":{"line":520,"column":81}},"type":"cond-expr","locations":[{"start":{"line":520,"column":48},"end":{"line":520,"column":69}},{"start":{"line":520,"column":72},"end":{"line":520,"column":81}}],"line":520},"68":{"loc":{"start":{"line":522,"column":14},"end":{"line":528,"column":15}},"type":"if","locations":[{"start":{"line":522,"column":14},"end":{"line":528,"column":15}},{"start":{"line":522,"column":14},"end":{"line":528,"column":15}}],"line":522},"69":{"loc":{"start":{"line":553,"column":6},"end":{"line":556,"column":7}},"type":"if","locations":[{"start":{"line":553,"column":6},"end":{"line":556,"column":7}},{"start":{"line":553,"column":6},"end":{"line":556,"column":7}}],"line":553},"70":{"loc":{"start":{"line":558,"column":6},"end":{"line":561,"column":7}},"type":"if","locations":[{"start":{"line":558,"column":6},"end":{"line":561,"column":7}},{"start":{"line":558,"column":6},"end":{"line":561,"column":7}}],"line":558},"71":{"loc":{"start":{"line":563,"column":6},"end":{"line":566,"column":7}},"type":"if","locations":[{"start":{"line":563,"column":6},"end":{"line":566,"column":7}},{"start":{"line":563,"column":6},"end":{"line":566,"column":7}}],"line":563},"72":{"loc":{"start":{"line":580,"column":6},"end":{"line":584,"column":7}},"type":"if","locations":[{"start":{"line":580,"column":6},"end":{"line":584,"column":7}},{"start":{"line":580,"column":6},"end":{"line":584,"column":7}}],"line":580}},"s":{"0":274,"1":0,"2":274,"3":274,"4":7,"5":25,"6":7,"7":43,"8":7,"9":10,"10":7,"11":26,"12":7,"13":26,"14":26,"15":17,"16":10,"17":10,"18":10,"19":0,"20":10,"21":17,"22":0,"23":0,"24":0,"25":0,"26":0,"27":0,"28":0,"29":17,"30":39,"31":39,"32":29,"33":29,"34":17,"35":7,"36":7,"37":10,"38":26,"39":104,"40":26,"41":26,"42":10,"43":1,"44":3,"45":1,"46":10,"47":2,"48":6,"49":2,"50":10,"51":0,"52":0,"53":0,"54":0,"55":0,"56":0,"57":0,"58":0,"59":0,"60":10,"61":19,"62":19,"63":19,"64":2,"65":17,"66":17,"67":10,"68":18,"69":18,"70":18,"71":10,"72":0,"73":10,"74":12,"75":12,"76":12,"77":29,"78":29,"79":12,"80":12,"81":12,"82":10,"83":18,"84":18,"85":18,"86":15,"87":15,"88":8,"89":8,"90":7,"91":25,"92":3,"93":8,"94":3,"95":4,"96":4,"97":10,"98":13,"99":13,"100":9,"101":9,"102":9,"103":2,"104":7,"105":7,"106":7,"107":4,"108":4,"109":4,"110":4,"111":9,"112":9,"113":8,"114":8,"115":4,"116":4,"117":0,"118":0,"119":13,"120":10,"121":2,"122":2,"123":2,"124":2,"125":2,"126":4,"127":2,"128":2,"129":0,"130":10,"131":1,"132":1,"133":1,"134":1,"135":3,"136":6,"137":1,"138":1,"139":10,"140":1,"141":0,"142":0,"143":1,"144":1,"145":1,"146":1,"147":3,"148":5,"149":1,"150":1,"151":10,"152":2,"153":2,"154":2,"155":2,"156":3,"157":3,"158":3,"159":2,"160":2,"161":0,"162":0,"163":10,"164":0,"165":0,"166":10,"167":0,"168":0,"169":10,"170":10,"171":10,"172":10,"173":10,"174":10,"175":10,"176":10,"177":10,"178":10,"179":35,"180":10,"181":2,"182":12,"183":29,"184":1,"185":28,"186":26,"187":2,"188":9,"189":10,"190":0,"191":10,"192":1,"193":1,"194":1,"195":4,"196":4,"197":4,"198":4,"199":4,"200":0,"201":0,"202":10,"203":29,"204":29,"205":0,"206":0,"207":0,"208":0,"209":0,"210":0,"211":10,"212":10,"213":29,"214":10,"215":10,"216":0,"217":0,"218":10,"219":8,"220":8,"221":8,"222":8,"223":3,"224":5,"225":5,"226":7,"227":7,"228":0,"229":0,"230":0,"231":0,"232":7,"233":0,"234":0,"235":0,"236":0,"237":0,"238":0,"239":0,"240":0,"241":0,"242":0,"243":0,"244":0,"245":0,"246":0,"247":0,"248":0,"249":0,"250":0,"251":0,"252":0,"253":0,"254":0,"255":0,"256":0,"257":0,"258":7,"259":0,"260":0,"261":0,"262":0,"263":0,"264":0,"265":0,"266":0,"267":0,"268":0,"269":0,"270":0,"271":0,"272":0,"273":0,"274":0,"275":0,"276":7,"277":10,"278":0,"279":0,"280":10,"281":0,"282":0,"283":10,"284":0,"285":0,"286":10,"287":10,"288":10,"289":10,"290":10,"291":7,"292":7,"293":7,"294":0,"295":7,"296":7,"297":0,"298":7,"299":0,"300":0,"301":7,"302":0,"303":0,"304":0,"305":7,"306":0,"307":7,"308":0,"309":7,"310":7,"311":7},"f":{"0":274,"1":25,"2":43,"3":10,"4":26,"5":26,"6":17,"7":10,"8":0,"9":39,"10":10,"11":26,"12":104,"13":1,"14":3,"15":2,"16":6,"17":0,"18":0,"19":19,"20":18,"21":0,"22":12,"23":29,"24":18,"25":8,"26":13,"27":9,"28":2,"29":4,"30":1,"31":3,"32":6,"33":1,"34":3,"35":5,"36":2,"37":3,"38":0,"39":0,"40":11,"41":35,"42":12,"43":4,"44":29,"45":29,"46":8,"47":0,"48":0,"49":0,"50":0,"51":7,"52":0,"53":0,"54":0,"55":0,"56":0,"57":0,"58":0,"59":0,"60":0,"61":0,"62":0,"63":0,"64":0,"65":0,"66":0,"67":10,"68":7,"69":0,"70":0,"71":0,"72":0,"73":0},"b":{"0":[0,274],"1":[10,0],"2":[0,10],"3":[10,0],"4":[0,0],"5":[0,0],"6":[0,0],"7":[29,10],"8":[39,29],"9":[0],"10":[0],"11":[0,0],"12":[0,0],"13":[0,0],"14":[2,17],"15":[17,0],"16":[17,0,0],"17":[0],"18":[29,0],"19":[18,15],"20":[15,3],"21":[8,7],"22":[8,8],"23":[3,22],"24":[3,0],"25":[4,0],"26":[9,4],"27":[2,7],"28":[4,0],"29":[8,1],"30":[4,0],"31":[2,0],"32":[0,1],"33":[1,1],"34":[3,3],"35":[10,8],"36":[10,10],"37":[10,10],"38":[10,0],"39":[2,8],"40":[1,28],"41":[29,25],"42":[26,2],"43":[28,28],"44":[2,24],"45":[0,10],"46":[1,9],"47":[1,0],"48":[1,0],"49":[4,0],"50":[4,0],"51":[29,0],"52":[0,0],"53":[0,0],"54":[0,0],"55":[10,0],"56":[0,0],"57":[3,5],"58":[0],"59":[0,0],"60":[0,0],"61":[0,0],"62":[0,0],"63":[0,0],"64":[0,0],"65":[0,0],"66":[0,0],"67":[0,0],"68":[0,0],"69":[0,10],"70":[0,10],"71":[0,10],"72":[0,7]},"_coverageSchema":"332fd63041d2c1bcb487cc26dd0d5f7d97098a6c","hash":"ccbd1de3f92c0002e392a7405b6cd0b66ec6dc9a"}
,"/Users/xieyu/Desktop/projects/state-db/test/init.js": {"path":"/Users/xieyu/Desktop/projects/state-db/test/init.js","statementMap":{"0":{"start":{"line":2,"column":11},"end":{"line":7,"column":2}},"1":{"start":{"line":3,"column":33},"end":{"line":3,"column":38}},"2":{"start":{"line":4,"column":25},"end":{"line":4,"column":30}},"3":{"start":{"line":5,"column":43},"end":{"line":5,"column":48}},"4":{"start":{"line":6,"column":43},"end":{"line":6,"column":48}},"5":{"start":{"line":9,"column":0},"end":{"line":16,"column":3}}},"fnMap":{"0":{"name":"(anonymous_0)","decl":{"start":{"line":3,"column":14},"end":{"line":3,"column":15}},"loc":{"start":{"line":3,"column":33},"end":{"line":3,"column":38}},"line":3},"1":{"name":"(anonymous_1)","decl":{"start":{"line":4,"column":16},"end":{"line":4,"column":17}},"loc":{"start":{"line":4,"column":25},"end":{"line":4,"column":30}},"line":4},"2":{"name":"(anonymous_2)","decl":{"start":{"line":5,"column":15},"end":{"line":5,"column":16}},"loc":{"start":{"line":5,"column":43},"end":{"line":5,"column":48}},"line":5},"3":{"name":"(anonymous_3)","decl":{"start":{"line":6,"column":14},"end":{"line":6,"column":15}},"loc":{"start":{"line":6,"column":43},"end":{"line":6,"column":48}},"line":6}},"branchMap":{},"s":{"0":7,"1":2,"2":0,"3":19,"4":0,"5":7},"f":{"0":2,"1":0,"2":19,"3":0},"b":{},"_coverageSchema":"332fd63041d2c1bcb487cc26dd0d5f7d97098a6c","hash":"bc97aaefc394a9d10623fa18598ca9a7433e5027"}
}
