{"/Users/xieyu/Desktop/projects/state-db/build/bundle.esm.js": {"path":"/Users/xieyu/Desktop/projects/state-db/build/bundle.esm.js","statementMap":{"0":{"start":{"line":2,"column":2},"end":{"line":11,"column":3}},"1":{"start":{"line":3,"column":4},"end":{"line":8,"column":7}},"2":{"start":{"line":10,"column":4},"end":{"line":10,"column":21}},"3":{"start":{"line":13,"column":2},"end":{"line":13,"column":13}},"4":{"start":{"line":16,"column":16},"end":{"line":16,"column":75}},"5":{"start":{"line":16,"column":21},"end":{"line":16,"column":75}},"6":{"start":{"line":18,"column":14},"end":{"line":18,"column":74}},"7":{"start":{"line":18,"column":19},"end":{"line":18,"column":74}},"8":{"start":{"line":20,"column":19},"end":{"line":20,"column":81}},"9":{"start":{"line":20,"column":24},"end":{"line":20,"column":81}},"10":{"start":{"line":22,"column":17},"end":{"line":22,"column":77}},"11":{"start":{"line":22,"column":22},"end":{"line":22,"column":77}},"12":{"start":{"line":24,"column":16},"end":{"line":27,"column":1}},"13":{"start":{"line":25,"column":16},"end":{"line":25,"column":49}},"14":{"start":{"line":26,"column":2},"end":{"line":26,"column":58}},"15":{"start":{"line":31,"column":4},"end":{"line":41,"column":7}},"16":{"start":{"line":32,"column":6},"end":{"line":40,"column":7}},"17":{"start":{"line":33,"column":24},"end":{"line":33,"column":49}},"18":{"start":{"line":35,"column":8},"end":{"line":39,"column":9}},"19":{"start":{"line":36,"column":10},"end":{"line":36,"column":29}},"20":{"start":{"line":38,"column":10},"end":{"line":38,"column":43}},"21":{"start":{"line":43,"column":4},"end":{"line":57,"column":7}},"22":{"start":{"line":44,"column":22},"end":{"line":44,"column":47}},"23":{"start":{"line":46,"column":6},"end":{"line":56,"column":7}},"24":{"start":{"line":47,"column":8},"end":{"line":55,"column":9}},"25":{"start":{"line":48,"column":10},"end":{"line":48,"column":27}},"26":{"start":{"line":50,"column":22},"end":{"line":50,"column":43}},"27":{"start":{"line":52,"column":10},"end":{"line":54,"column":11}},"28":{"start":{"line":53,"column":12},"end":{"line":53,"column":39}},"29":{"start":{"line":59,"column":4},"end":{"line":67,"column":7}},"30":{"start":{"line":60,"column":21},"end":{"line":60,"column":46}},"31":{"start":{"line":62,"column":6},"end":{"line":66,"column":7}},"32":{"start":{"line":63,"column":8},"end":{"line":65,"column":9}},"33":{"start":{"line":64,"column":10},"end":{"line":64,"column":28}},"34":{"start":{"line":69,"column":4},"end":{"line":69,"column":22}},"35":{"start":{"line":78,"column":14},"end":{"line":78,"column":29}},"36":{"start":{"line":79,"column":12},"end":{"line":79,"column":25}},"37":{"start":{"line":83,"column":4},"end":{"line":87,"column":7}},"38":{"start":{"line":84,"column":6},"end":{"line":84,"column":21}},"39":{"start":{"line":85,"column":6},"end":{"line":85,"column":30}},"40":{"start":{"line":86,"column":6},"end":{"line":86,"column":48}},"41":{"start":{"line":89,"column":4},"end":{"line":99,"column":7}},"42":{"start":{"line":90,"column":6},"end":{"line":92,"column":9}},"43":{"start":{"line":91,"column":8},"end":{"line":91,"column":27}},"44":{"start":{"line":97,"column":6},"end":{"line":97,"column":39}},"45":{"start":{"line":98,"column":6},"end":{"line":98,"column":18}},"46":{"start":{"line":101,"column":4},"end":{"line":106,"column":7}},"47":{"start":{"line":102,"column":6},"end":{"line":104,"column":9}},"48":{"start":{"line":103,"column":8},"end":{"line":103,"column":25}},"49":{"start":{"line":105,"column":6},"end":{"line":105,"column":18}},"50":{"start":{"line":108,"column":4},"end":{"line":113,"column":7}},"51":{"start":{"line":109,"column":6},"end":{"line":111,"column":9}},"52":{"start":{"line":110,"column":8},"end":{"line":110,"column":50}},"53":{"start":{"line":112,"column":6},"end":{"line":112,"column":18}},"54":{"start":{"line":115,"column":4},"end":{"line":120,"column":7}},"55":{"start":{"line":116,"column":6},"end":{"line":118,"column":9}},"56":{"start":{"line":117,"column":8},"end":{"line":117,"column":29}},"57":{"start":{"line":119,"column":6},"end":{"line":119,"column":18}},"58":{"start":{"line":122,"column":4},"end":{"line":127,"column":7}},"59":{"start":{"line":123,"column":6},"end":{"line":125,"column":9}},"60":{"start":{"line":124,"column":8},"end":{"line":124,"column":41}},"61":{"start":{"line":126,"column":6},"end":{"line":126,"column":18}},"62":{"start":{"line":129,"column":4},"end":{"line":164,"column":7}},"63":{"start":{"line":130,"column":6},"end":{"line":162,"column":9}},"64":{"start":{"line":131,"column":8},"end":{"line":133,"column":9}},"65":{"start":{"line":132,"column":10},"end":{"line":132,"column":31}},"66":{"start":{"line":135,"column":8},"end":{"line":137,"column":9}},"67":{"start":{"line":136,"column":10},"end":{"line":136,"column":31}},"68":{"start":{"line":139,"column":8},"end":{"line":141,"column":9}},"69":{"start":{"line":140,"column":10},"end":{"line":140,"column":30}},"70":{"start":{"line":143,"column":8},"end":{"line":145,"column":9}},"71":{"start":{"line":144,"column":10},"end":{"line":144,"column":30}},"72":{"start":{"line":147,"column":8},"end":{"line":149,"column":9}},"73":{"start":{"line":148,"column":10},"end":{"line":148,"column":29}},"74":{"start":{"line":151,"column":8},"end":{"line":153,"column":9}},"75":{"start":{"line":152,"column":10},"end":{"line":152,"column":29}},"76":{"start":{"line":155,"column":8},"end":{"line":157,"column":9}},"77":{"start":{"line":156,"column":10},"end":{"line":156,"column":31}},"78":{"start":{"line":159,"column":8},"end":{"line":161,"column":9}},"79":{"start":{"line":160,"column":10},"end":{"line":160,"column":30}},"80":{"start":{"line":163,"column":6},"end":{"line":163,"column":18}},"81":{"start":{"line":166,"column":4},"end":{"line":183,"column":7}},"82":{"start":{"line":167,"column":6},"end":{"line":182,"column":7}},"83":{"start":{"line":168,"column":8},"end":{"line":181,"column":11}},"84":{"start":{"line":169,"column":24},"end":{"line":169,"column":33}},"85":{"start":{"line":170,"column":24},"end":{"line":170,"column":33}},"86":{"start":{"line":172,"column":10},"end":{"line":174,"column":11}},"87":{"start":{"line":173,"column":12},"end":{"line":173,"column":22}},"88":{"start":{"line":176,"column":10},"end":{"line":178,"column":11}},"89":{"start":{"line":177,"column":12},"end":{"line":177,"column":21}},"90":{"start":{"line":180,"column":10},"end":{"line":180,"column":19}},"91":{"start":{"line":185,"column":4},"end":{"line":194,"column":7}},"92":{"start":{"line":186,"column":19},"end":{"line":186,"column":28}},"93":{"start":{"line":187,"column":6},"end":{"line":187,"column":30}},"94":{"start":{"line":189,"column":6},"end":{"line":193,"column":7}},"95":{"start":{"line":190,"column":8},"end":{"line":190,"column":50}},"96":{"start":{"line":191,"column":13},"end":{"line":193,"column":7}},"97":{"start":{"line":192,"column":8},"end":{"line":192,"column":22}},"98":{"start":{"line":196,"column":4},"end":{"line":200,"column":7}},"99":{"start":{"line":197,"column":19},"end":{"line":197,"column":28}},"100":{"start":{"line":198,"column":6},"end":{"line":198,"column":30}},"101":{"start":{"line":199,"column":6},"end":{"line":199,"column":27}},"102":{"start":{"line":202,"column":4},"end":{"line":204,"column":7}},"103":{"start":{"line":203,"column":6},"end":{"line":203,"column":32}},"104":{"start":{"line":206,"column":4},"end":{"line":221,"column":7}},"105":{"start":{"line":207,"column":18},"end":{"line":207,"column":39}},"106":{"start":{"line":209,"column":6},"end":{"line":209,"column":29}},"107":{"start":{"line":210,"column":6},"end":{"line":214,"column":9}},"108":{"start":{"line":211,"column":8},"end":{"line":213,"column":9}},"109":{"start":{"line":212,"column":10},"end":{"line":212,"column":33}},"110":{"start":{"line":216,"column":6},"end":{"line":216,"column":29}},"111":{"start":{"line":219,"column":6},"end":{"line":219,"column":88}},"112":{"start":{"line":220,"column":6},"end":{"line":220,"column":18}},"113":{"start":{"line":223,"column":4},"end":{"line":246,"column":7}},"114":{"start":{"line":224,"column":19},"end":{"line":224,"column":30}},"115":{"start":{"line":225,"column":24},"end":{"line":225,"column":46}},"116":{"start":{"line":227,"column":6},"end":{"line":245,"column":7}},"117":{"start":{"line":228,"column":8},"end":{"line":228,"column":33}},"118":{"start":{"line":230,"column":8},"end":{"line":244,"column":9}},"119":{"start":{"line":231,"column":10},"end":{"line":231,"column":26}},"120":{"start":{"line":232,"column":10},"end":{"line":232,"column":41}},"121":{"start":{"line":234,"column":10},"end":{"line":240,"column":11}},"122":{"start":{"line":235,"column":12},"end":{"line":239,"column":13}},"123":{"start":{"line":237,"column":14},"end":{"line":237,"column":73}},"124":{"start":{"line":237,"column":47},"end":{"line":237,"column":71}},"125":{"start":{"line":238,"column":14},"end":{"line":238,"column":45}},"126":{"start":{"line":242,"column":10},"end":{"line":242,"column":26}},"127":{"start":{"line":243,"column":10},"end":{"line":243,"column":41}},"128":{"start":{"line":248,"column":4},"end":{"line":294,"column":7}},"129":{"start":{"line":249,"column":19},"end":{"line":249,"column":21}},"130":{"start":{"line":251,"column":6},"end":{"line":291,"column":7}},"131":{"start":{"line":252,"column":19},"end":{"line":252,"column":41}},"132":{"start":{"line":254,"column":17},"end":{"line":254,"column":40}},"133":{"start":{"line":256,"column":8},"end":{"line":266,"column":9}},"134":{"start":{"line":257,"column":10},"end":{"line":257,"column":73}},"135":{"start":{"line":259,"column":10},"end":{"line":263,"column":13}},"136":{"start":{"line":264,"column":10},"end":{"line":264,"column":93}},"137":{"start":{"line":265,"column":10},"end":{"line":265,"column":24}},"138":{"start":{"line":267,"column":13},"end":{"line":291,"column":7}},"139":{"start":{"line":268,"column":20},"end":{"line":268,"column":42}},"140":{"start":{"line":270,"column":26},"end":{"line":270,"column":27}},"141":{"start":{"line":271,"column":8},"end":{"line":278,"column":11}},"142":{"start":{"line":272,"column":19},"end":{"line":272,"column":42}},"143":{"start":{"line":274,"column":10},"end":{"line":277,"column":11}},"144":{"start":{"line":275,"column":12},"end":{"line":275,"column":29}},"145":{"start":{"line":276,"column":12},"end":{"line":276,"column":26}},"146":{"start":{"line":280,"column":8},"end":{"line":288,"column":9}},"147":{"start":{"line":281,"column":10},"end":{"line":285,"column":13}},"148":{"start":{"line":287,"column":10},"end":{"line":287,"column":77}},"149":{"start":{"line":290,"column":8},"end":{"line":290,"column":78}},"150":{"start":{"line":293,"column":6},"end":{"line":293,"column":18}},"151":{"start":{"line":296,"column":4},"end":{"line":313,"column":7}},"152":{"start":{"line":297,"column":19},"end":{"line":297,"column":28}},"153":{"start":{"line":298,"column":6},"end":{"line":298,"column":30}},"154":{"start":{"line":300,"column":16},"end":{"line":300,"column":37}},"155":{"start":{"line":302,"column":6},"end":{"line":312,"column":7}},"156":{"start":{"line":303,"column":8},"end":{"line":303,"column":67}},"157":{"start":{"line":303,"column":40},"end":{"line":303,"column":65}},"158":{"start":{"line":305,"column":8},"end":{"line":307,"column":11}},"159":{"start":{"line":309,"column":8},"end":{"line":309,"column":32}},"160":{"start":{"line":311,"column":8},"end":{"line":311,"column":41}},"161":{"start":{"line":315,"column":4},"end":{"line":330,"column":7}},"162":{"start":{"line":316,"column":19},"end":{"line":316,"column":28}},"163":{"start":{"line":317,"column":6},"end":{"line":317,"column":30}},"164":{"start":{"line":319,"column":16},"end":{"line":319,"column":37}},"165":{"start":{"line":321,"column":6},"end":{"line":323,"column":9}},"166":{"start":{"line":322,"column":8},"end":{"line":322,"column":62}},"167":{"start":{"line":322,"column":40},"end":{"line":322,"column":60}},"168":{"start":{"line":325,"column":6},"end":{"line":327,"column":9}},"169":{"start":{"line":329,"column":6},"end":{"line":329,"column":30}},"170":{"start":{"line":332,"column":4},"end":{"line":350,"column":7}},"171":{"start":{"line":333,"column":6},"end":{"line":336,"column":7}},"172":{"start":{"line":334,"column":8},"end":{"line":334,"column":114}},"173":{"start":{"line":335,"column":8},"end":{"line":335,"column":15}},"174":{"start":{"line":338,"column":19},"end":{"line":338,"column":28}},"175":{"start":{"line":339,"column":6},"end":{"line":339,"column":30}},"176":{"start":{"line":341,"column":16},"end":{"line":341,"column":37}},"177":{"start":{"line":343,"column":6},"end":{"line":343,"column":92}},"178":{"start":{"line":343,"column":29},"end":{"line":343,"column":90}},"179":{"start":{"line":343,"column":66},"end":{"line":343,"column":88}},"180":{"start":{"line":345,"column":6},"end":{"line":347,"column":9}},"181":{"start":{"line":349,"column":6},"end":{"line":349,"column":35}},"182":{"start":{"line":352,"column":4},"end":{"line":374,"column":7}},"183":{"start":{"line":353,"column":6},"end":{"line":371,"column":7}},"184":{"start":{"line":354,"column":21},"end":{"line":354,"column":41}},"185":{"start":{"line":355,"column":8},"end":{"line":355,"column":32}},"186":{"start":{"line":357,"column":8},"end":{"line":362,"column":9}},"187":{"start":{"line":358,"column":10},"end":{"line":361,"column":29}},"188":{"start":{"line":359,"column":24},"end":{"line":359,"column":48}},"189":{"start":{"line":360,"column":12},"end":{"line":360,"column":49}},"190":{"start":{"line":364,"column":8},"end":{"line":366,"column":11}},"191":{"start":{"line":368,"column":8},"end":{"line":368,"column":32}},"192":{"start":{"line":370,"column":8},"end":{"line":370,"column":23}},"193":{"start":{"line":373,"column":6},"end":{"line":373,"column":18}},"194":{"start":{"line":376,"column":4},"end":{"line":379,"column":7}},"195":{"start":{"line":377,"column":6},"end":{"line":377,"column":38}},"196":{"start":{"line":378,"column":6},"end":{"line":378,"column":18}},"197":{"start":{"line":381,"column":4},"end":{"line":384,"column":7}},"198":{"start":{"line":382,"column":6},"end":{"line":382,"column":39}},"199":{"start":{"line":383,"column":6},"end":{"line":383,"column":18}},"200":{"start":{"line":386,"column":4},"end":{"line":386,"column":39}},"201":{"start":{"line":388,"column":4},"end":{"line":388,"column":49}},"202":{"start":{"line":396,"column":4},"end":{"line":396,"column":44}},"203":{"start":{"line":397,"column":4},"end":{"line":397,"column":22}},"204":{"start":{"line":398,"column":4},"end":{"line":398,"column":25}},"205":{"start":{"line":399,"column":4},"end":{"line":399,"column":21}},"206":{"start":{"line":400,"column":4},"end":{"line":400,"column":26}},"207":{"start":{"line":401,"column":4},"end":{"line":401,"column":36}},"208":{"start":{"line":402,"column":4},"end":{"line":402,"column":21}},"209":{"start":{"line":404,"column":4},"end":{"line":404,"column":34}},"210":{"start":{"line":406,"column":4},"end":{"line":406,"column":34}},"211":{"start":{"line":406,"column":29},"end":{"line":406,"column":33}},"212":{"start":{"line":408,"column":4},"end":{"line":424,"column":5}},"213":{"start":{"line":409,"column":6},"end":{"line":423,"column":8}},"214":{"start":{"line":410,"column":8},"end":{"line":420,"column":9}},"215":{"start":{"line":411,"column":10},"end":{"line":413,"column":11}},"216":{"start":{"line":412,"column":12},"end":{"line":412,"column":25}},"217":{"start":{"line":415,"column":10},"end":{"line":419,"column":11}},"218":{"start":{"line":416,"column":12},"end":{"line":418,"column":13}},"219":{"start":{"line":417,"column":14},"end":{"line":417,"column":27}},"220":{"start":{"line":422,"column":8},"end":{"line":422,"column":20}},"221":{"start":{"line":426,"column":4},"end":{"line":447,"column":5}},"222":{"start":{"line":427,"column":6},"end":{"line":427,"column":40}},"223":{"start":{"line":428,"column":11},"end":{"line":447,"column":5}},"224":{"start":{"line":429,"column":6},"end":{"line":429,"column":54}},"225":{"start":{"line":431,"column":6},"end":{"line":446,"column":7}},"226":{"start":{"line":432,"column":8},"end":{"line":445,"column":10}},"227":{"start":{"line":433,"column":21},"end":{"line":433,"column":32}},"228":{"start":{"line":434,"column":27},"end":{"line":434,"column":42}},"229":{"start":{"line":436,"column":10},"end":{"line":444,"column":11}},"230":{"start":{"line":437,"column":12},"end":{"line":441,"column":13}},"231":{"start":{"line":438,"column":14},"end":{"line":438,"column":71}},"232":{"start":{"line":440,"column":14},"end":{"line":440,"column":35}},"233":{"start":{"line":443,"column":12},"end":{"line":443,"column":37}},"234":{"start":{"line":450,"column":4},"end":{"line":462,"column":6}},"235":{"start":{"line":451,"column":6},"end":{"line":455,"column":7}},"236":{"start":{"line":452,"column":8},"end":{"line":452,"column":47}},"237":{"start":{"line":453,"column":13},"end":{"line":455,"column":7}},"238":{"start":{"line":454,"column":8},"end":{"line":454,"column":19}},"239":{"start":{"line":457,"column":6},"end":{"line":461,"column":7}},"240":{"start":{"line":458,"column":8},"end":{"line":458,"column":30}},"241":{"start":{"line":459,"column":13},"end":{"line":461,"column":7}},"242":{"start":{"line":460,"column":8},"end":{"line":460,"column":38}},"243":{"start":{"line":464,"column":4},"end":{"line":464,"column":35}},"244":{"start":{"line":469,"column":4},"end":{"line":471,"column":7}},"245":{"start":{"line":470,"column":6},"end":{"line":470,"column":27}},"246":{"start":{"line":473,"column":4},"end":{"line":477,"column":5}},"247":{"start":{"line":474,"column":6},"end":{"line":474,"column":32}},"248":{"start":{"line":475,"column":11},"end":{"line":477,"column":5}},"249":{"start":{"line":476,"column":6},"end":{"line":476,"column":34}},"250":{"start":{"line":479,"column":4},"end":{"line":479,"column":28}},"251":{"start":{"line":486,"column":17},"end":{"line":486,"column":26}},"252":{"start":{"line":487,"column":4},"end":{"line":487,"column":28}},"253":{"start":{"line":492,"column":23},"end":{"line":492,"column":57}},"254":{"start":{"line":494,"column":4},"end":{"line":499,"column":5}},"255":{"start":{"line":495,"column":6},"end":{"line":495,"column":24}},"256":{"start":{"line":497,"column":6},"end":{"line":497,"column":50}},"257":{"start":{"line":498,"column":6},"end":{"line":498,"column":48}},"258":{"start":{"line":508,"column":15},"end":{"line":508,"column":31}},"259":{"start":{"line":509,"column":20},"end":{"line":515,"column":1}},"260":{"start":{"line":510,"column":30},"end":{"line":510,"column":58}},"261":{"start":{"line":511,"column":28},"end":{"line":511,"column":50}},"262":{"start":{"line":512,"column":40},"end":{"line":512,"column":75}},"263":{"start":{"line":513,"column":40},"end":{"line":513,"column":76}},"264":{"start":{"line":519,"column":4},"end":{"line":571,"column":7}},"265":{"start":{"line":520,"column":17},"end":{"line":520,"column":21}},"266":{"start":{"line":521,"column":6},"end":{"line":570,"column":8}},"267":{"start":{"line":524,"column":8},"end":{"line":569,"column":17}},"268":{"start":{"line":526,"column":12},"end":{"line":526,"column":25}},"269":{"start":{"line":528,"column":12},"end":{"line":532,"column":15}},"270":{"start":{"line":529,"column":14},"end":{"line":529,"column":69}},"271":{"start":{"line":531,"column":14},"end":{"line":531,"column":47}},"272":{"start":{"line":534,"column":12},"end":{"line":539,"column":15}},"273":{"start":{"line":535,"column":14},"end":{"line":535,"column":73}},"274":{"start":{"line":536,"column":14},"end":{"line":538,"column":17}},"275":{"start":{"line":537,"column":16},"end":{"line":537,"column":47}},"276":{"start":{"line":541,"column":12},"end":{"line":541,"column":29}},"277":{"start":{"line":542,"column":12},"end":{"line":542,"column":29}},"278":{"start":{"line":544,"column":12},"end":{"line":564,"column":14}},"279":{"start":{"line":545,"column":14},"end":{"line":563,"column":15}},"280":{"start":{"line":546,"column":16},"end":{"line":558,"column":19}},"281":{"start":{"line":547,"column":27},"end":{"line":547,"column":50}},"282":{"start":{"line":547,"column":33},"end":{"line":547,"column":50}},"283":{"start":{"line":549,"column":30},"end":{"line":549,"column":85}},"284":{"start":{"line":551,"column":18},"end":{"line":557,"column":19}},"285":{"start":{"line":552,"column":20},"end":{"line":552,"column":37}},"286":{"start":{"line":553,"column":20},"end":{"line":556,"column":23}},"287":{"start":{"line":560,"column":16},"end":{"line":562,"column":17}},"288":{"start":{"line":561,"column":18},"end":{"line":561,"column":37}},"289":{"start":{"line":566,"column":12},"end":{"line":566,"column":29}},"290":{"start":{"line":573,"column":4},"end":{"line":629,"column":7}},"291":{"start":{"line":574,"column":17},"end":{"line":574,"column":21}},"292":{"start":{"line":575,"column":20},"end":{"line":575,"column":46}},"293":{"start":{"line":576,"column":6},"end":{"line":628,"column":8}},"294":{"start":{"line":580,"column":12},"end":{"line":590,"column":13}},"295":{"start":{"line":581,"column":14},"end":{"line":587,"column":15}},"296":{"start":{"line":582,"column":16},"end":{"line":582,"column":36}},"297":{"start":{"line":583,"column":16},"end":{"line":586,"column":28}},"298":{"start":{"line":584,"column":18},"end":{"line":584,"column":38}},"299":{"start":{"line":585,"column":18},"end":{"line":585,"column":38}},"300":{"start":{"line":589,"column":14},"end":{"line":589,"column":34}},"301":{"start":{"line":594,"column":10},"end":{"line":594,"column":27}},"302":{"start":{"line":595,"column":10},"end":{"line":595,"column":30}},"303":{"start":{"line":597,"column":10},"end":{"line":619,"column":11}},"304":{"start":{"line":598,"column":12},"end":{"line":608,"column":15}},"305":{"start":{"line":599,"column":26},"end":{"line":599,"column":81}},"306":{"start":{"line":601,"column":14},"end":{"line":607,"column":15}},"307":{"start":{"line":602,"column":16},"end":{"line":602,"column":55}},"308":{"start":{"line":603,"column":16},"end":{"line":606,"column":19}},"309":{"start":{"line":611,"column":12},"end":{"line":618,"column":13}},"310":{"start":{"line":612,"column":26},"end":{"line":612,"column":41}},"311":{"start":{"line":613,"column":14},"end":{"line":613,"column":53}},"312":{"start":{"line":614,"column":14},"end":{"line":617,"column":17}},"313":{"start":{"line":621,"column":10},"end":{"line":621,"column":48}},"314":{"start":{"line":624,"column":10},"end":{"line":626,"column":13}},"315":{"start":{"line":625,"column":12},"end":{"line":625,"column":43}},"316":{"start":{"line":631,"column":4},"end":{"line":654,"column":7}},"317":{"start":{"line":632,"column":6},"end":{"line":635,"column":7}},"318":{"start":{"line":633,"column":8},"end":{"line":633,"column":70}},"319":{"start":{"line":634,"column":8},"end":{"line":634,"column":15}},"320":{"start":{"line":637,"column":6},"end":{"line":640,"column":7}},"321":{"start":{"line":638,"column":8},"end":{"line":638,"column":57}},"322":{"start":{"line":639,"column":8},"end":{"line":639,"column":15}},"323":{"start":{"line":642,"column":6},"end":{"line":645,"column":7}},"324":{"start":{"line":643,"column":8},"end":{"line":643,"column":64}},"325":{"start":{"line":644,"column":8},"end":{"line":644,"column":15}},"326":{"start":{"line":647,"column":6},"end":{"line":647,"column":30}},"327":{"start":{"line":648,"column":20},"end":{"line":648,"column":35}},"328":{"start":{"line":649,"column":6},"end":{"line":649,"column":38}},"329":{"start":{"line":650,"column":6},"end":{"line":652,"column":10}},"330":{"start":{"line":653,"column":6},"end":{"line":653,"column":19}},"331":{"start":{"line":656,"column":4},"end":{"line":664,"column":7}},"332":{"start":{"line":657,"column":20},"end":{"line":657,"column":38}},"333":{"start":{"line":659,"column":6},"end":{"line":663,"column":7}},"334":{"start":{"line":660,"column":8},"end":{"line":660,"column":56}},"335":{"start":{"line":662,"column":8},"end":{"line":662,"column":21}},"336":{"start":{"line":666,"column":4},"end":{"line":668,"column":7}},"337":{"start":{"line":667,"column":6},"end":{"line":667,"column":26}},"338":{"start":{"line":670,"column":4},"end":{"line":676,"column":7}},"339":{"start":{"line":671,"column":6},"end":{"line":671,"column":32}},"340":{"start":{"line":672,"column":6},"end":{"line":675,"column":9}},"341":{"start":{"line":678,"column":4},"end":{"line":686,"column":7}},"342":{"start":{"line":679,"column":6},"end":{"line":681,"column":7}},"343":{"start":{"line":680,"column":8},"end":{"line":680,"column":31}},"344":{"start":{"line":683,"column":6},"end":{"line":685,"column":9}},"345":{"start":{"line":688,"column":4},"end":{"line":692,"column":7}},"346":{"start":{"line":694,"column":4},"end":{"line":696,"column":7}},"347":{"start":{"line":695,"column":6},"end":{"line":695,"column":39}},"348":{"start":{"line":698,"column":4},"end":{"line":700,"column":7}},"349":{"start":{"line":699,"column":6},"end":{"line":699,"column":40}},"350":{"start":{"line":702,"column":4},"end":{"line":702,"column":22}},"351":{"start":{"line":703,"column":4},"end":{"line":703,"column":50}},"352":{"start":{"line":704,"column":4},"end":{"line":704,"column":35}}},"fnMap":{"0":{"name":"_defineProperty","decl":{"start":{"line":1,"column":9},"end":{"line":1,"column":24}},"loc":{"start":{"line":1,"column":42},"end":{"line":14,"column":1}},"line":1},"1":{"name":"(anonymous_1)","decl":{"start":{"line":16,"column":16},"end":{"line":16,"column":17}},"loc":{"start":{"line":16,"column":21},"end":{"line":16,"column":75}},"line":16},"2":{"name":"(anonymous_2)","decl":{"start":{"line":18,"column":14},"end":{"line":18,"column":15}},"loc":{"start":{"line":18,"column":19},"end":{"line":18,"column":74}},"line":18},"3":{"name":"(anonymous_3)","decl":{"start":{"line":20,"column":19},"end":{"line":20,"column":20}},"loc":{"start":{"line":20,"column":24},"end":{"line":20,"column":81}},"line":20},"4":{"name":"(anonymous_4)","decl":{"start":{"line":22,"column":17},"end":{"line":22,"column":18}},"loc":{"start":{"line":22,"column":22},"end":{"line":22,"column":77}},"line":22},"5":{"name":"(anonymous_5)","decl":{"start":{"line":24,"column":16},"end":{"line":24,"column":17}},"loc":{"start":{"line":24,"column":21},"end":{"line":27,"column":1}},"line":24},"6":{"name":"(anonymous_6)","decl":{"start":{"line":30,"column":2},"end":{"line":30,"column":3}},"loc":{"start":{"line":30,"column":16},"end":{"line":70,"column":3}},"line":30},"7":{"name":"(anonymous_7)","decl":{"start":{"line":31,"column":32},"end":{"line":31,"column":33}},"loc":{"start":{"line":31,"column":46},"end":{"line":41,"column":5}},"line":31},"8":{"name":"(anonymous_8)","decl":{"start":{"line":43,"column":33},"end":{"line":43,"column":34}},"loc":{"start":{"line":43,"column":47},"end":{"line":57,"column":5}},"line":43},"9":{"name":"(anonymous_9)","decl":{"start":{"line":59,"column":37},"end":{"line":59,"column":38}},"loc":{"start":{"line":59,"column":55},"end":{"line":67,"column":5}},"line":59},"10":{"name":"(anonymous_10)","decl":{"start":{"line":82,"column":2},"end":{"line":82,"column":3}},"loc":{"start":{"line":82,"column":25},"end":{"line":480,"column":3}},"line":82},"11":{"name":"(anonymous_11)","decl":{"start":{"line":83,"column":45},"end":{"line":83,"column":46}},"loc":{"start":{"line":83,"column":56},"end":{"line":87,"column":5}},"line":83},"12":{"name":"(anonymous_12)","decl":{"start":{"line":89,"column":35},"end":{"line":89,"column":36}},"loc":{"start":{"line":89,"column":44},"end":{"line":99,"column":5}},"line":89},"13":{"name":"(anonymous_13)","decl":{"start":{"line":90,"column":37},"end":{"line":90,"column":38}},"loc":{"start":{"line":90,"column":54},"end":{"line":92,"column":7}},"line":90},"14":{"name":"(anonymous_14)","decl":{"start":{"line":101,"column":35},"end":{"line":101,"column":36}},"loc":{"start":{"line":101,"column":40},"end":{"line":106,"column":5}},"line":101},"15":{"name":"(anonymous_15)","decl":{"start":{"line":102,"column":35},"end":{"line":102,"column":36}},"loc":{"start":{"line":102,"column":52},"end":{"line":104,"column":7}},"line":102},"16":{"name":"(anonymous_16)","decl":{"start":{"line":108,"column":34},"end":{"line":108,"column":35}},"loc":{"start":{"line":108,"column":39},"end":{"line":113,"column":5}},"line":108},"17":{"name":"(anonymous_17)","decl":{"start":{"line":109,"column":35},"end":{"line":109,"column":36}},"loc":{"start":{"line":109,"column":52},"end":{"line":111,"column":7}},"line":109},"18":{"name":"(anonymous_18)","decl":{"start":{"line":115,"column":32},"end":{"line":115,"column":33}},"loc":{"start":{"line":115,"column":42},"end":{"line":120,"column":5}},"line":115},"19":{"name":"(anonymous_19)","decl":{"start":{"line":116,"column":35},"end":{"line":116,"column":36}},"loc":{"start":{"line":116,"column":52},"end":{"line":118,"column":7}},"line":116},"20":{"name":"(anonymous_20)","decl":{"start":{"line":122,"column":32},"end":{"line":122,"column":33}},"loc":{"start":{"line":122,"column":44},"end":{"line":127,"column":5}},"line":122},"21":{"name":"(anonymous_21)","decl":{"start":{"line":123,"column":35},"end":{"line":123,"column":36}},"loc":{"start":{"line":123,"column":52},"end":{"line":125,"column":7}},"line":123},"22":{"name":"(anonymous_22)","decl":{"start":{"line":129,"column":36},"end":{"line":129,"column":37}},"loc":{"start":{"line":129,"column":55},"end":{"line":164,"column":5}},"line":129},"23":{"name":"(anonymous_23)","decl":{"start":{"line":130,"column":35},"end":{"line":130,"column":36}},"loc":{"start":{"line":130,"column":52},"end":{"line":162,"column":7}},"line":130},"24":{"name":"(anonymous_24)","decl":{"start":{"line":166,"column":37},"end":{"line":166,"column":38}},"loc":{"start":{"line":166,"column":62},"end":{"line":183,"column":5}},"line":166},"25":{"name":"(anonymous_25)","decl":{"start":{"line":168,"column":23},"end":{"line":168,"column":24}},"loc":{"start":{"line":168,"column":33},"end":{"line":181,"column":9}},"line":168},"26":{"name":"(anonymous_26)","decl":{"start":{"line":185,"column":39},"end":{"line":185,"column":40}},"loc":{"start":{"line":185,"column":47},"end":{"line":194,"column":5}},"line":185},"27":{"name":"(anonymous_27)","decl":{"start":{"line":196,"column":35},"end":{"line":196,"column":36}},"loc":{"start":{"line":196,"column":41},"end":{"line":200,"column":5}},"line":196},"28":{"name":"(anonymous_28)","decl":{"start":{"line":202,"column":38},"end":{"line":202,"column":39}},"loc":{"start":{"line":202,"column":44},"end":{"line":204,"column":5}},"line":202},"29":{"name":"(anonymous_29)","decl":{"start":{"line":206,"column":34},"end":{"line":206,"column":35}},"loc":{"start":{"line":206,"column":48},"end":{"line":221,"column":5}},"line":206},"30":{"name":"(anonymous_30)","decl":{"start":{"line":210,"column":20},"end":{"line":210,"column":21}},"loc":{"start":{"line":210,"column":28},"end":{"line":214,"column":7}},"line":210},"31":{"name":"(anonymous_31)","decl":{"start":{"line":223,"column":37},"end":{"line":223,"column":38}},"loc":{"start":{"line":223,"column":52},"end":{"line":246,"column":5}},"line":223},"32":{"name":"(anonymous_32)","decl":{"start":{"line":237,"column":40},"end":{"line":237,"column":41}},"loc":{"start":{"line":237,"column":47},"end":{"line":237,"column":71}},"line":237},"33":{"name":"(anonymous_33)","decl":{"start":{"line":248,"column":36},"end":{"line":248,"column":37}},"loc":{"start":{"line":248,"column":51},"end":{"line":294,"column":5}},"line":248},"34":{"name":"(anonymous_34)","decl":{"start":{"line":271,"column":22},"end":{"line":271,"column":23}},"loc":{"start":{"line":271,"column":30},"end":{"line":278,"column":9}},"line":271},"35":{"name":"(anonymous_35)","decl":{"start":{"line":296,"column":36},"end":{"line":296,"column":37}},"loc":{"start":{"line":296,"column":43},"end":{"line":313,"column":5}},"line":296},"36":{"name":"(anonymous_36)","decl":{"start":{"line":303,"column":33},"end":{"line":303,"column":34}},"loc":{"start":{"line":303,"column":40},"end":{"line":303,"column":65}},"line":303},"37":{"name":"(anonymous_37)","decl":{"start":{"line":315,"column":39},"end":{"line":315,"column":40}},"loc":{"start":{"line":315,"column":46},"end":{"line":330,"column":5}},"line":315},"38":{"name":"(anonymous_38)","decl":{"start":{"line":321,"column":21},"end":{"line":321,"column":22}},"loc":{"start":{"line":321,"column":29},"end":{"line":323,"column":7}},"line":321},"39":{"name":"(anonymous_39)","decl":{"start":{"line":322,"column":33},"end":{"line":322,"column":34}},"loc":{"start":{"line":322,"column":40},"end":{"line":322,"column":60}},"line":322},"40":{"name":"(anonymous_40)","decl":{"start":{"line":332,"column":41},"end":{"line":332,"column":42}},"loc":{"start":{"line":332,"column":55},"end":{"line":350,"column":5}},"line":332},"41":{"name":"(anonymous_41)","decl":{"start":{"line":343,"column":21},"end":{"line":343,"column":22}},"loc":{"start":{"line":343,"column":29},"end":{"line":343,"column":90}},"line":343},"42":{"name":"(anonymous_42)","decl":{"start":{"line":343,"column":58},"end":{"line":343,"column":59}},"loc":{"start":{"line":343,"column":66},"end":{"line":343,"column":88}},"line":343},"43":{"name":"(anonymous_43)","decl":{"start":{"line":352,"column":36},"end":{"line":352,"column":37}},"loc":{"start":{"line":352,"column":42},"end":{"line":374,"column":5}},"line":352},"44":{"name":"(anonymous_44)","decl":{"start":{"line":358,"column":11},"end":{"line":358,"column":12}},"loc":{"start":{"line":358,"column":31},"end":{"line":361,"column":11}},"line":358},"45":{"name":"(anonymous_45)","decl":{"start":{"line":376,"column":36},"end":{"line":376,"column":37}},"loc":{"start":{"line":376,"column":42},"end":{"line":379,"column":5}},"line":376},"46":{"name":"(anonymous_46)","decl":{"start":{"line":381,"column":38},"end":{"line":381,"column":39}},"loc":{"start":{"line":381,"column":44},"end":{"line":384,"column":5}},"line":381},"47":{"name":"(anonymous_47)","decl":{"start":{"line":404,"column":25},"end":{"line":404,"column":26}},"loc":{"start":{"line":404,"column":31},"end":{"line":404,"column":33}},"line":404},"48":{"name":"(anonymous_48)","decl":{"start":{"line":406,"column":23},"end":{"line":406,"column":24}},"loc":{"start":{"line":406,"column":29},"end":{"line":406,"column":33}},"line":406},"49":{"name":"(anonymous_49)","decl":{"start":{"line":409,"column":25},"end":{"line":409,"column":26}},"loc":{"start":{"line":409,"column":33},"end":{"line":423,"column":7}},"line":409},"50":{"name":"(anonymous_50)","decl":{"start":{"line":432,"column":29},"end":{"line":432,"column":30}},"loc":{"start":{"line":432,"column":46},"end":{"line":445,"column":9}},"line":432},"51":{"name":"(anonymous_51)","decl":{"start":{"line":450,"column":23},"end":{"line":450,"column":24}},"loc":{"start":{"line":450,"column":30},"end":{"line":462,"column":5}},"line":450},"52":{"name":"(anonymous_52)","decl":{"start":{"line":469,"column":32},"end":{"line":469,"column":33}},"loc":{"start":{"line":469,"column":38},"end":{"line":471,"column":5}},"line":469},"53":{"name":"(anonymous_53)","decl":{"start":{"line":485,"column":2},"end":{"line":485,"column":3}},"loc":{"start":{"line":485,"column":15},"end":{"line":500,"column":3}},"line":485},"54":{"name":"(anonymous_54)","decl":{"start":{"line":510,"column":11},"end":{"line":510,"column":12}},"loc":{"start":{"line":510,"column":30},"end":{"line":510,"column":58}},"line":510},"55":{"name":"(anonymous_55)","decl":{"start":{"line":511,"column":13},"end":{"line":511,"column":14}},"loc":{"start":{"line":511,"column":28},"end":{"line":511,"column":50}},"line":511},"56":{"name":"(anonymous_56)","decl":{"start":{"line":512,"column":12},"end":{"line":512,"column":13}},"loc":{"start":{"line":512,"column":40},"end":{"line":512,"column":75}},"line":512},"57":{"name":"(anonymous_57)","decl":{"start":{"line":513,"column":11},"end":{"line":513,"column":12}},"loc":{"start":{"line":513,"column":40},"end":{"line":513,"column":76}},"line":513},"58":{"name":"(anonymous_58)","decl":{"start":{"line":518,"column":2},"end":{"line":518,"column":3}},"loc":{"start":{"line":518,"column":26},"end":{"line":705,"column":3}},"line":518},"59":{"name":"(anonymous_59)","decl":{"start":{"line":519,"column":44},"end":{"line":519,"column":45}},"loc":{"start":{"line":519,"column":57},"end":{"line":571,"column":5}},"line":519},"60":{"name":"(anonymous_60)","decl":{"start":{"line":521,"column":13},"end":{"line":521,"column":14}},"loc":{"start":{"line":521,"column":23},"end":{"line":570,"column":7}},"line":521},"61":{"name":"(anonymous_61)","decl":{"start":{"line":525,"column":10},"end":{"line":525,"column":11}},"loc":{"start":{"line":525,"column":29},"end":{"line":567,"column":11}},"line":525},"62":{"name":"(anonymous_62)","decl":{"start":{"line":528,"column":56},"end":{"line":528,"column":57}},"loc":{"start":{"line":528,"column":62},"end":{"line":532,"column":13}},"line":528},"63":{"name":"(anonymous_63)","decl":{"start":{"line":534,"column":58},"end":{"line":534,"column":59}},"loc":{"start":{"line":534,"column":64},"end":{"line":539,"column":13}},"line":534},"64":{"name":"(anonymous_64)","decl":{"start":{"line":536,"column":34},"end":{"line":536,"column":35}},"loc":{"start":{"line":536,"column":43},"end":{"line":538,"column":15}},"line":536},"65":{"name":"(anonymous_65)","decl":{"start":{"line":544,"column":29},"end":{"line":544,"column":30}},"loc":{"start":{"line":544,"column":35},"end":{"line":564,"column":13}},"line":544},"66":{"name":"(anonymous_66)","decl":{"start":{"line":546,"column":34},"end":{"line":546,"column":35}},"loc":{"start":{"line":546,"column":47},"end":{"line":558,"column":17}},"line":546},"67":{"name":"(anonymous_67)","decl":{"start":{"line":547,"column":27},"end":{"line":547,"column":28}},"loc":{"start":{"line":547,"column":33},"end":{"line":547,"column":50}},"line":547},"68":{"name":"(anonymous_68)","decl":{"start":{"line":573,"column":42},"end":{"line":573,"column":43}},"loc":{"start":{"line":573,"column":55},"end":{"line":629,"column":5}},"line":573},"69":{"name":"(anonymous_69)","decl":{"start":{"line":578,"column":31},"end":{"line":578,"column":32}},"loc":{"start":{"line":578,"column":43},"end":{"line":591,"column":11}},"line":578},"70":{"name":"(anonymous_70)","decl":{"start":{"line":583,"column":27},"end":{"line":583,"column":28}},"loc":{"start":{"line":583,"column":33},"end":{"line":586,"column":17}},"line":583},"71":{"name":"(anonymous_71)","decl":{"start":{"line":593,"column":17},"end":{"line":593,"column":18}},"loc":{"start":{"line":593,"column":29},"end":{"line":622,"column":9}},"line":593},"72":{"name":"(anonymous_72)","decl":{"start":{"line":598,"column":25},"end":{"line":598,"column":26}},"loc":{"start":{"line":598,"column":38},"end":{"line":608,"column":13}},"line":598},"73":{"name":"(anonymous_73)","decl":{"start":{"line":623,"column":23},"end":{"line":623,"column":24}},"loc":{"start":{"line":623,"column":35},"end":{"line":627,"column":9}},"line":623},"74":{"name":"(anonymous_74)","decl":{"start":{"line":624,"column":30},"end":{"line":624,"column":31}},"loc":{"start":{"line":624,"column":39},"end":{"line":626,"column":11}},"line":624},"75":{"name":"(anonymous_75)","decl":{"start":{"line":631,"column":41},"end":{"line":631,"column":42}},"loc":{"start":{"line":631,"column":49},"end":{"line":654,"column":5}},"line":631},"76":{"name":"(anonymous_76)","decl":{"start":{"line":656,"column":35},"end":{"line":656,"column":36}},"loc":{"start":{"line":656,"column":43},"end":{"line":664,"column":5}},"line":656},"77":{"name":"(anonymous_77)","decl":{"start":{"line":666,"column":39},"end":{"line":666,"column":40}},"loc":{"start":{"line":666,"column":45},"end":{"line":668,"column":5}},"line":666},"78":{"name":"(anonymous_78)","decl":{"start":{"line":670,"column":34},"end":{"line":670,"column":35}},"loc":{"start":{"line":670,"column":42},"end":{"line":676,"column":5}},"line":670},"79":{"name":"(anonymous_79)","decl":{"start":{"line":678,"column":35},"end":{"line":678,"column":36}},"loc":{"start":{"line":678,"column":41},"end":{"line":686,"column":5}},"line":678},"80":{"name":"(anonymous_80)","decl":{"start":{"line":688,"column":41},"end":{"line":688,"column":42}},"loc":{"start":{"line":688,"column":47},"end":{"line":692,"column":5}},"line":688},"81":{"name":"(anonymous_81)","decl":{"start":{"line":694,"column":36},"end":{"line":694,"column":37}},"loc":{"start":{"line":694,"column":42},"end":{"line":696,"column":5}},"line":694},"82":{"name":"(anonymous_82)","decl":{"start":{"line":698,"column":38},"end":{"line":698,"column":39}},"loc":{"start":{"line":698,"column":44},"end":{"line":700,"column":5}},"line":698}},"branchMap":{"0":{"loc":{"start":{"line":2,"column":2},"end":{"line":11,"column":3}},"type":"if","locations":[{"start":{"line":2,"column":2},"end":{"line":11,"column":3}},{"start":{"line":2,"column":2},"end":{"line":11,"column":3}}],"line":2},"1":{"loc":{"start":{"line":32,"column":6},"end":{"line":40,"column":7}},"type":"if","locations":[{"start":{"line":32,"column":6},"end":{"line":40,"column":7}},{"start":{"line":32,"column":6},"end":{"line":40,"column":7}}],"line":32},"2":{"loc":{"start":{"line":35,"column":8},"end":{"line":39,"column":9}},"type":"if","locations":[{"start":{"line":35,"column":8},"end":{"line":39,"column":9}},{"start":{"line":35,"column":8},"end":{"line":39,"column":9}}],"line":35},"3":{"loc":{"start":{"line":35,"column":12},"end":{"line":35,"column":57}},"type":"binary-expr","locations":[{"start":{"line":35,"column":12},"end":{"line":35,"column":30}},{"start":{"line":35,"column":34},"end":{"line":35,"column":57}}],"line":35},"4":{"loc":{"start":{"line":46,"column":6},"end":{"line":56,"column":7}},"type":"if","locations":[{"start":{"line":46,"column":6},"end":{"line":56,"column":7}},{"start":{"line":46,"column":6},"end":{"line":56,"column":7}}],"line":46},"5":{"loc":{"start":{"line":47,"column":8},"end":{"line":55,"column":9}},"type":"if","locations":[{"start":{"line":47,"column":8},"end":{"line":55,"column":9}},{"start":{"line":47,"column":8},"end":{"line":55,"column":9}}],"line":47},"6":{"loc":{"start":{"line":52,"column":10},"end":{"line":54,"column":11}},"type":"if","locations":[{"start":{"line":52,"column":10},"end":{"line":54,"column":11}},{"start":{"line":52,"column":10},"end":{"line":54,"column":11}}],"line":52},"7":{"loc":{"start":{"line":62,"column":6},"end":{"line":66,"column":7}},"type":"if","locations":[{"start":{"line":62,"column":6},"end":{"line":66,"column":7}},{"start":{"line":62,"column":6},"end":{"line":66,"column":7}}],"line":62},"8":{"loc":{"start":{"line":62,"column":10},"end":{"line":62,"column":33}},"type":"binary-expr","locations":[{"start":{"line":62,"column":10},"end":{"line":62,"column":16}},{"start":{"line":62,"column":20},"end":{"line":62,"column":33}}],"line":62},"9":{"loc":{"start":{"line":82,"column":14},"end":{"line":82,"column":23}},"type":"default-arg","locations":[{"start":{"line":82,"column":21},"end":{"line":82,"column":23}}],"line":82},"10":{"loc":{"start":{"line":131,"column":8},"end":{"line":133,"column":9}},"type":"if","locations":[{"start":{"line":131,"column":8},"end":{"line":133,"column":9}},{"start":{"line":131,"column":8},"end":{"line":133,"column":9}}],"line":131},"11":{"loc":{"start":{"line":135,"column":8},"end":{"line":137,"column":9}},"type":"if","locations":[{"start":{"line":135,"column":8},"end":{"line":137,"column":9}},{"start":{"line":135,"column":8},"end":{"line":137,"column":9}}],"line":135},"12":{"loc":{"start":{"line":139,"column":8},"end":{"line":141,"column":9}},"type":"if","locations":[{"start":{"line":139,"column":8},"end":{"line":141,"column":9}},{"start":{"line":139,"column":8},"end":{"line":141,"column":9}}],"line":139},"13":{"loc":{"start":{"line":143,"column":8},"end":{"line":145,"column":9}},"type":"if","locations":[{"start":{"line":143,"column":8},"end":{"line":145,"column":9}},{"start":{"line":143,"column":8},"end":{"line":145,"column":9}}],"line":143},"14":{"loc":{"start":{"line":147,"column":8},"end":{"line":149,"column":9}},"type":"if","locations":[{"start":{"line":147,"column":8},"end":{"line":149,"column":9}},{"start":{"line":147,"column":8},"end":{"line":149,"column":9}}],"line":147},"15":{"loc":{"start":{"line":151,"column":8},"end":{"line":153,"column":9}},"type":"if","locations":[{"start":{"line":151,"column":8},"end":{"line":153,"column":9}},{"start":{"line":151,"column":8},"end":{"line":153,"column":9}}],"line":151},"16":{"loc":{"start":{"line":155,"column":8},"end":{"line":157,"column":9}},"type":"if","locations":[{"start":{"line":155,"column":8},"end":{"line":157,"column":9}},{"start":{"line":155,"column":8},"end":{"line":157,"column":9}}],"line":155},"17":{"loc":{"start":{"line":159,"column":8},"end":{"line":161,"column":9}},"type":"if","locations":[{"start":{"line":159,"column":8},"end":{"line":161,"column":9}},{"start":{"line":159,"column":8},"end":{"line":161,"column":9}}],"line":159},"18":{"loc":{"start":{"line":166,"column":38},"end":{"line":166,"column":57}},"type":"default-arg","locations":[{"start":{"line":166,"column":47},"end":{"line":166,"column":57}}],"line":166},"19":{"loc":{"start":{"line":167,"column":6},"end":{"line":182,"column":7}},"type":"if","locations":[{"start":{"line":167,"column":6},"end":{"line":182,"column":7}},{"start":{"line":167,"column":6},"end":{"line":182,"column":7}}],"line":167},"20":{"loc":{"start":{"line":172,"column":10},"end":{"line":174,"column":11}},"type":"if","locations":[{"start":{"line":172,"column":10},"end":{"line":174,"column":11}},{"start":{"line":172,"column":10},"end":{"line":174,"column":11}}],"line":172},"21":{"loc":{"start":{"line":176,"column":10},"end":{"line":178,"column":11}},"type":"if","locations":[{"start":{"line":176,"column":10},"end":{"line":178,"column":11}},{"start":{"line":176,"column":10},"end":{"line":178,"column":11}}],"line":176},"22":{"loc":{"start":{"line":189,"column":6},"end":{"line":193,"column":7}},"type":"if","locations":[{"start":{"line":189,"column":6},"end":{"line":193,"column":7}},{"start":{"line":189,"column":6},"end":{"line":193,"column":7}}],"line":189},"23":{"loc":{"start":{"line":191,"column":13},"end":{"line":193,"column":7}},"type":"if","locations":[{"start":{"line":191,"column":13},"end":{"line":193,"column":7}},{"start":{"line":191,"column":13},"end":{"line":193,"column":7}}],"line":191},"24":{"loc":{"start":{"line":191,"column":17},"end":{"line":191,"column":62}},"type":"binary-expr","locations":[{"start":{"line":191,"column":17},"end":{"line":191,"column":22}},{"start":{"line":191,"column":26},"end":{"line":191,"column":43}},{"start":{"line":191,"column":47},"end":{"line":191,"column":62}}],"line":191},"25":{"loc":{"start":{"line":206,"column":35},"end":{"line":206,"column":43}},"type":"default-arg","locations":[{"start":{"line":206,"column":41},"end":{"line":206,"column":43}}],"line":206},"26":{"loc":{"start":{"line":211,"column":8},"end":{"line":213,"column":9}},"type":"if","locations":[{"start":{"line":211,"column":8},"end":{"line":213,"column":9}},{"start":{"line":211,"column":8},"end":{"line":213,"column":9}}],"line":211},"27":{"loc":{"start":{"line":225,"column":24},"end":{"line":225,"column":46}},"type":"binary-expr","locations":[{"start":{"line":225,"column":24},"end":{"line":225,"column":27}},{"start":{"line":225,"column":31},"end":{"line":225,"column":46}}],"line":225},"28":{"loc":{"start":{"line":227,"column":6},"end":{"line":245,"column":7}},"type":"if","locations":[{"start":{"line":227,"column":6},"end":{"line":245,"column":7}},{"start":{"line":227,"column":6},"end":{"line":245,"column":7}}],"line":227},"29":{"loc":{"start":{"line":230,"column":8},"end":{"line":244,"column":9}},"type":"if","locations":[{"start":{"line":230,"column":8},"end":{"line":244,"column":9}},{"start":{"line":230,"column":8},"end":{"line":244,"column":9}}],"line":230},"30":{"loc":{"start":{"line":232,"column":17},"end":{"line":232,"column":40}},"type":"binary-expr","locations":[{"start":{"line":232,"column":17},"end":{"line":232,"column":32}},{"start":{"line":232,"column":36},"end":{"line":232,"column":40}}],"line":232},"31":{"loc":{"start":{"line":235,"column":12},"end":{"line":239,"column":13}},"type":"if","locations":[{"start":{"line":235,"column":12},"end":{"line":239,"column":13}},{"start":{"line":235,"column":12},"end":{"line":239,"column":13}}],"line":235},"32":{"loc":{"start":{"line":238,"column":21},"end":{"line":238,"column":44}},"type":"binary-expr","locations":[{"start":{"line":238,"column":21},"end":{"line":238,"column":36}},{"start":{"line":238,"column":40},"end":{"line":238,"column":44}}],"line":238},"33":{"loc":{"start":{"line":243,"column":17},"end":{"line":243,"column":40}},"type":"binary-expr","locations":[{"start":{"line":243,"column":17},"end":{"line":243,"column":32}},{"start":{"line":243,"column":36},"end":{"line":243,"column":40}}],"line":243},"34":{"loc":{"start":{"line":251,"column":6},"end":{"line":291,"column":7}},"type":"if","locations":[{"start":{"line":251,"column":6},"end":{"line":291,"column":7}},{"start":{"line":251,"column":6},"end":{"line":291,"column":7}}],"line":251},"35":{"loc":{"start":{"line":256,"column":8},"end":{"line":266,"column":9}},"type":"if","locations":[{"start":{"line":256,"column":8},"end":{"line":266,"column":9}},{"start":{"line":256,"column":8},"end":{"line":266,"column":9}}],"line":256},"36":{"loc":{"start":{"line":267,"column":13},"end":{"line":291,"column":7}},"type":"if","locations":[{"start":{"line":267,"column":13},"end":{"line":291,"column":7}},{"start":{"line":267,"column":13},"end":{"line":291,"column":7}}],"line":267},"37":{"loc":{"start":{"line":274,"column":10},"end":{"line":277,"column":11}},"type":"if","locations":[{"start":{"line":274,"column":10},"end":{"line":277,"column":11}},{"start":{"line":274,"column":10},"end":{"line":277,"column":11}}],"line":274},"38":{"loc":{"start":{"line":280,"column":8},"end":{"line":288,"column":9}},"type":"if","locations":[{"start":{"line":280,"column":8},"end":{"line":288,"column":9}},{"start":{"line":280,"column":8},"end":{"line":288,"column":9}}],"line":280},"39":{"loc":{"start":{"line":302,"column":6},"end":{"line":312,"column":7}},"type":"if","locations":[{"start":{"line":302,"column":6},"end":{"line":312,"column":7}},{"start":{"line":302,"column":6},"end":{"line":312,"column":7}}],"line":302},"40":{"loc":{"start":{"line":333,"column":6},"end":{"line":336,"column":7}},"type":"if","locations":[{"start":{"line":333,"column":6},"end":{"line":336,"column":7}},{"start":{"line":333,"column":6},"end":{"line":336,"column":7}}],"line":333},"41":{"loc":{"start":{"line":333,"column":10},"end":{"line":333,"column":41}},"type":"binary-expr","locations":[{"start":{"line":333,"column":10},"end":{"line":333,"column":23}},{"start":{"line":333,"column":27},"end":{"line":333,"column":41}}],"line":333},"42":{"loc":{"start":{"line":360,"column":12},"end":{"line":360,"column":48}},"type":"binary-expr","locations":[{"start":{"line":360,"column":12},"end":{"line":360,"column":22}},{"start":{"line":360,"column":26},"end":{"line":360,"column":48}}],"line":360},"43":{"loc":{"start":{"line":386,"column":18},"end":{"line":386,"column":38}},"type":"binary-expr","locations":[{"start":{"line":386,"column":18},"end":{"line":386,"column":29}},{"start":{"line":386,"column":33},"end":{"line":386,"column":38}}],"line":386},"44":{"loc":{"start":{"line":388,"column":22},"end":{"line":388,"column":48}},"type":"binary-expr","locations":[{"start":{"line":388,"column":22},"end":{"line":388,"column":37}},{"start":{"line":388,"column":41},"end":{"line":388,"column":48}}],"line":388},"45":{"loc":{"start":{"line":396,"column":20},"end":{"line":396,"column":43}},"type":"binary-expr","locations":[{"start":{"line":396,"column":20},"end":{"line":396,"column":33}},{"start":{"line":396,"column":37},"end":{"line":396,"column":43}}],"line":396},"46":{"loc":{"start":{"line":401,"column":18},"end":{"line":401,"column":35}},"type":"binary-expr","locations":[{"start":{"line":401,"column":18},"end":{"line":401,"column":29}},{"start":{"line":401,"column":33},"end":{"line":401,"column":35}}],"line":401},"47":{"loc":{"start":{"line":408,"column":4},"end":{"line":424,"column":5}},"type":"if","locations":[{"start":{"line":408,"column":4},"end":{"line":424,"column":5}},{"start":{"line":408,"column":4},"end":{"line":424,"column":5}}],"line":408},"48":{"loc":{"start":{"line":411,"column":10},"end":{"line":413,"column":11}},"type":"if","locations":[{"start":{"line":411,"column":10},"end":{"line":413,"column":11}},{"start":{"line":411,"column":10},"end":{"line":413,"column":11}}],"line":411},"49":{"loc":{"start":{"line":411,"column":14},"end":{"line":411,"column":62}},"type":"binary-expr","locations":[{"start":{"line":411,"column":14},"end":{"line":411,"column":37}},{"start":{"line":411,"column":41},"end":{"line":411,"column":62}}],"line":411},"50":{"loc":{"start":{"line":415,"column":10},"end":{"line":419,"column":11}},"type":"if","locations":[{"start":{"line":415,"column":10},"end":{"line":419,"column":11}},{"start":{"line":415,"column":10},"end":{"line":419,"column":11}}],"line":415},"51":{"loc":{"start":{"line":415,"column":14},"end":{"line":415,"column":58}},"type":"binary-expr","locations":[{"start":{"line":415,"column":14},"end":{"line":415,"column":33}},{"start":{"line":415,"column":37},"end":{"line":415,"column":58}}],"line":415},"52":{"loc":{"start":{"line":416,"column":12},"end":{"line":418,"column":13}},"type":"if","locations":[{"start":{"line":416,"column":12},"end":{"line":418,"column":13}},{"start":{"line":416,"column":12},"end":{"line":418,"column":13}}],"line":416},"53":{"loc":{"start":{"line":426,"column":4},"end":{"line":447,"column":5}},"type":"if","locations":[{"start":{"line":426,"column":4},"end":{"line":447,"column":5}},{"start":{"line":426,"column":4},"end":{"line":447,"column":5}}],"line":426},"54":{"loc":{"start":{"line":428,"column":11},"end":{"line":447,"column":5}},"type":"if","locations":[{"start":{"line":428,"column":11},"end":{"line":447,"column":5}},{"start":{"line":428,"column":11},"end":{"line":447,"column":5}}],"line":428},"55":{"loc":{"start":{"line":429,"column":24},"end":{"line":429,"column":53}},"type":"binary-expr","locations":[{"start":{"line":429,"column":24},"end":{"line":429,"column":44}},{"start":{"line":429,"column":48},"end":{"line":429,"column":53}}],"line":429},"56":{"loc":{"start":{"line":431,"column":6},"end":{"line":446,"column":7}},"type":"if","locations":[{"start":{"line":431,"column":6},"end":{"line":446,"column":7}},{"start":{"line":431,"column":6},"end":{"line":446,"column":7}}],"line":431},"57":{"loc":{"start":{"line":436,"column":10},"end":{"line":444,"column":11}},"type":"if","locations":[{"start":{"line":436,"column":10},"end":{"line":444,"column":11}},{"start":{"line":436,"column":10},"end":{"line":444,"column":11}}],"line":436},"58":{"loc":{"start":{"line":437,"column":12},"end":{"line":441,"column":13}},"type":"if","locations":[{"start":{"line":437,"column":12},"end":{"line":441,"column":13}},{"start":{"line":437,"column":12},"end":{"line":441,"column":13}}],"line":437},"59":{"loc":{"start":{"line":451,"column":6},"end":{"line":455,"column":7}},"type":"if","locations":[{"start":{"line":451,"column":6},"end":{"line":455,"column":7}},{"start":{"line":451,"column":6},"end":{"line":455,"column":7}}],"line":451},"60":{"loc":{"start":{"line":453,"column":13},"end":{"line":455,"column":7}},"type":"if","locations":[{"start":{"line":453,"column":13},"end":{"line":455,"column":7}},{"start":{"line":453,"column":13},"end":{"line":455,"column":7}}],"line":453},"61":{"loc":{"start":{"line":457,"column":6},"end":{"line":461,"column":7}},"type":"if","locations":[{"start":{"line":457,"column":6},"end":{"line":461,"column":7}},{"start":{"line":457,"column":6},"end":{"line":461,"column":7}}],"line":457},"62":{"loc":{"start":{"line":459,"column":13},"end":{"line":461,"column":7}},"type":"if","locations":[{"start":{"line":459,"column":13},"end":{"line":461,"column":7}},{"start":{"line":459,"column":13},"end":{"line":461,"column":7}}],"line":459},"63":{"loc":{"start":{"line":473,"column":4},"end":{"line":477,"column":5}},"type":"if","locations":[{"start":{"line":473,"column":4},"end":{"line":477,"column":5}},{"start":{"line":473,"column":4},"end":{"line":477,"column":5}}],"line":473},"64":{"loc":{"start":{"line":475,"column":11},"end":{"line":477,"column":5}},"type":"if","locations":[{"start":{"line":475,"column":11},"end":{"line":477,"column":5}},{"start":{"line":475,"column":11},"end":{"line":477,"column":5}}],"line":475},"65":{"loc":{"start":{"line":494,"column":4},"end":{"line":499,"column":5}},"type":"if","locations":[{"start":{"line":494,"column":4},"end":{"line":499,"column":5}},{"start":{"line":494,"column":4},"end":{"line":499,"column":5}}],"line":494},"66":{"loc":{"start":{"line":518,"column":14},"end":{"line":518,"column":24}},"type":"default-arg","locations":[{"start":{"line":518,"column":22},"end":{"line":518,"column":24}}],"line":518},"67":{"loc":{"start":{"line":529,"column":14},"end":{"line":529,"column":68}},"type":"binary-expr","locations":[{"start":{"line":529,"column":14},"end":{"line":529,"column":38}},{"start":{"line":529,"column":42},"end":{"line":529,"column":68}}],"line":529},"68":{"loc":{"start":{"line":531,"column":14},"end":{"line":531,"column":46}},"type":"binary-expr","locations":[{"start":{"line":531,"column":14},"end":{"line":531,"column":26}},{"start":{"line":531,"column":30},"end":{"line":531,"column":46}}],"line":531},"69":{"loc":{"start":{"line":535,"column":14},"end":{"line":535,"column":72}},"type":"binary-expr","locations":[{"start":{"line":535,"column":14},"end":{"line":535,"column":40}},{"start":{"line":535,"column":44},"end":{"line":535,"column":72}}],"line":535},"70":{"loc":{"start":{"line":545,"column":14},"end":{"line":563,"column":15}},"type":"if","locations":[{"start":{"line":545,"column":14},"end":{"line":563,"column":15}},{"start":{"line":545,"column":14},"end":{"line":563,"column":15}}],"line":545},"71":{"loc":{"start":{"line":549,"column":30},"end":{"line":549,"column":85}},"type":"cond-expr","locations":[{"start":{"line":549,"column":52},"end":{"line":549,"column":73}},{"start":{"line":549,"column":76},"end":{"line":549,"column":85}}],"line":549},"72":{"loc":{"start":{"line":551,"column":18},"end":{"line":557,"column":19}},"type":"if","locations":[{"start":{"line":551,"column":18},"end":{"line":557,"column":19}},{"start":{"line":551,"column":18},"end":{"line":557,"column":19}}],"line":551},"73":{"loc":{"start":{"line":560,"column":16},"end":{"line":562,"column":17}},"type":"if","locations":[{"start":{"line":560,"column":16},"end":{"line":562,"column":17}},{"start":{"line":560,"column":16},"end":{"line":562,"column":17}}],"line":560},"74":{"loc":{"start":{"line":580,"column":12},"end":{"line":590,"column":13}},"type":"if","locations":[{"start":{"line":580,"column":12},"end":{"line":590,"column":13}},{"start":{"line":580,"column":12},"end":{"line":590,"column":13}}],"line":580},"75":{"loc":{"start":{"line":581,"column":14},"end":{"line":587,"column":15}},"type":"if","locations":[{"start":{"line":581,"column":14},"end":{"line":587,"column":15}},{"start":{"line":581,"column":14},"end":{"line":587,"column":15}}],"line":581},"76":{"loc":{"start":{"line":597,"column":10},"end":{"line":619,"column":11}},"type":"if","locations":[{"start":{"line":597,"column":10},"end":{"line":619,"column":11}},{"start":{"line":597,"column":10},"end":{"line":619,"column":11}}],"line":597},"77":{"loc":{"start":{"line":599,"column":26},"end":{"line":599,"column":81}},"type":"cond-expr","locations":[{"start":{"line":599,"column":48},"end":{"line":599,"column":69}},{"start":{"line":599,"column":72},"end":{"line":599,"column":81}}],"line":599},"78":{"loc":{"start":{"line":601,"column":14},"end":{"line":607,"column":15}},"type":"if","locations":[{"start":{"line":601,"column":14},"end":{"line":607,"column":15}},{"start":{"line":601,"column":14},"end":{"line":607,"column":15}}],"line":601},"79":{"loc":{"start":{"line":632,"column":6},"end":{"line":635,"column":7}},"type":"if","locations":[{"start":{"line":632,"column":6},"end":{"line":635,"column":7}},{"start":{"line":632,"column":6},"end":{"line":635,"column":7}}],"line":632},"80":{"loc":{"start":{"line":637,"column":6},"end":{"line":640,"column":7}},"type":"if","locations":[{"start":{"line":637,"column":6},"end":{"line":640,"column":7}},{"start":{"line":637,"column":6},"end":{"line":640,"column":7}}],"line":637},"81":{"loc":{"start":{"line":642,"column":6},"end":{"line":645,"column":7}},"type":"if","locations":[{"start":{"line":642,"column":6},"end":{"line":645,"column":7}},{"start":{"line":642,"column":6},"end":{"line":645,"column":7}}],"line":642},"82":{"loc":{"start":{"line":659,"column":6},"end":{"line":663,"column":7}},"type":"if","locations":[{"start":{"line":659,"column":6},"end":{"line":663,"column":7}},{"start":{"line":659,"column":6},"end":{"line":663,"column":7}}],"line":659}},"s":{"0":380,"1":0,"2":380,"3":380,"4":8,"5":29,"6":8,"7":49,"8":8,"9":12,"10":8,"11":28,"12":8,"13":26,"14":26,"15":20,"16":12,"17":12,"18":12,"19":0,"20":12,"21":20,"22":0,"23":0,"24":0,"25":0,"26":0,"27":0,"28":0,"29":20,"30":45,"31":45,"32":33,"33":33,"34":20,"35":8,"36":8,"37":12,"38":26,"39":26,"40":26,"41":12,"42":26,"43":104,"44":26,"45":26,"46":12,"47":1,"48":3,"49":1,"50":12,"51":2,"52":6,"53":2,"54":12,"55":6,"56":23,"57":6,"58":12,"59":1,"60":3,"61":1,"62":12,"63":3,"64":11,"65":11,"66":0,"67":0,"68":0,"69":0,"70":0,"71":0,"72":0,"73":0,"74":0,"75":0,"76":0,"77":0,"78":0,"79":0,"80":3,"81":12,"82":0,"83":0,"84":0,"85":0,"86":0,"87":0,"88":0,"89":0,"90":0,"91":12,"92":25,"93":25,"94":25,"95":2,"96":23,"97":23,"98":12,"99":18,"100":18,"101":18,"102":12,"103":0,"104":12,"105":14,"106":14,"107":14,"108":36,"109":36,"110":14,"111":14,"112":14,"113":12,"114":18,"115":18,"116":18,"117":15,"118":15,"119":8,"120":8,"121":7,"122":25,"123":3,"124":8,"125":3,"126":4,"127":4,"128":12,"129":13,"130":13,"131":9,"132":9,"133":9,"134":2,"135":7,"136":7,"137":7,"138":4,"139":4,"140":4,"141":4,"142":9,"143":9,"144":8,"145":8,"146":4,"147":4,"148":0,"149":0,"150":13,"151":12,"152":4,"153":4,"154":4,"155":4,"156":4,"157":6,"158":4,"159":4,"160":0,"161":12,"162":1,"163":1,"164":1,"165":1,"166":3,"167":6,"168":1,"169":1,"170":12,"171":1,"172":0,"173":0,"174":1,"175":1,"176":1,"177":1,"178":3,"179":5,"180":1,"181":1,"182":12,"183":2,"184":2,"185":2,"186":2,"187":3,"188":3,"189":3,"190":2,"191":2,"192":0,"193":0,"194":12,"195":0,"196":0,"197":12,"198":0,"199":0,"200":12,"201":12,"202":12,"203":12,"204":12,"205":12,"206":12,"207":12,"208":12,"209":12,"210":12,"211":42,"212":12,"213":2,"214":12,"215":29,"216":1,"217":28,"218":26,"219":2,"220":9,"221":12,"222":0,"223":12,"224":1,"225":1,"226":1,"227":4,"228":4,"229":4,"230":4,"231":4,"232":0,"233":0,"234":12,"235":33,"236":33,"237":0,"238":0,"239":0,"240":0,"241":0,"242":0,"243":12,"244":12,"245":33,"246":12,"247":12,"248":0,"249":0,"250":12,"251":8,"252":8,"253":8,"254":8,"255":3,"256":5,"257":5,"258":8,"259":8,"260":0,"261":0,"262":0,"263":0,"264":8,"265":0,"266":0,"267":0,"268":0,"269":0,"270":0,"271":0,"272":0,"273":0,"274":0,"275":0,"276":0,"277":0,"278":0,"279":0,"280":0,"281":0,"282":0,"283":0,"284":0,"285":0,"286":0,"287":0,"288":0,"289":0,"290":8,"291":0,"292":0,"293":0,"294":0,"295":0,"296":0,"297":0,"298":0,"299":0,"300":0,"301":0,"302":0,"303":0,"304":0,"305":0,"306":0,"307":0,"308":0,"309":0,"310":0,"311":0,"312":0,"313":0,"314":0,"315":0,"316":8,"317":12,"318":0,"319":0,"320":12,"321":0,"322":0,"323":12,"324":0,"325":0,"326":12,"327":12,"328":12,"329":12,"330":12,"331":8,"332":8,"333":8,"334":0,"335":8,"336":8,"337":0,"338":8,"339":0,"340":0,"341":8,"342":0,"343":0,"344":0,"345":8,"346":8,"347":0,"348":8,"349":0,"350":8,"351":8,"352":8},"f":{"0":380,"1":29,"2":49,"3":12,"4":28,"5":26,"6":20,"7":12,"8":0,"9":45,"10":12,"11":26,"12":26,"13":104,"14":1,"15":3,"16":2,"17":6,"18":6,"19":23,"20":1,"21":3,"22":3,"23":11,"24":0,"25":0,"26":25,"27":18,"28":0,"29":14,"30":36,"31":18,"32":8,"33":13,"34":9,"35":4,"36":6,"37":1,"38":3,"39":6,"40":1,"41":3,"42":5,"43":2,"44":3,"45":0,"46":0,"47":11,"48":42,"49":12,"50":4,"51":33,"52":33,"53":8,"54":0,"55":0,"56":0,"57":0,"58":8,"59":0,"60":0,"61":0,"62":0,"63":0,"64":0,"65":0,"66":0,"67":0,"68":0,"69":0,"70":0,"71":0,"72":0,"73":0,"74":0,"75":12,"76":8,"77":0,"78":0,"79":0,"80":0,"81":0,"82":0},"b":{"0":[0,380],"1":[12,0],"2":[0,12],"3":[12,0],"4":[0,0],"5":[0,0],"6":[0,0],"7":[33,12],"8":[45,33],"9":[0],"10":[11,0],"11":[0,0],"12":[0,0],"13":[0,0],"14":[0,0],"15":[0,0],"16":[0,0],"17":[0,0],"18":[0],"19":[0,0],"20":[0,0],"21":[0,0],"22":[2,23],"23":[23,0],"24":[23,0,0],"25":[0],"26":[36,0],"27":[18,15],"28":[15,3],"29":[8,7],"30":[8,8],"31":[3,22],"32":[3,0],"33":[4,0],"34":[9,4],"35":[2,7],"36":[4,0],"37":[8,1],"38":[4,0],"39":[4,0],"40":[0,1],"41":[1,1],"42":[3,3],"43":[12,10],"44":[12,12],"45":[12,12],"46":[12,0],"47":[2,10],"48":[1,28],"49":[29,25],"50":[26,2],"51":[28,28],"52":[2,24],"53":[0,12],"54":[1,11],"55":[1,0],"56":[1,0],"57":[4,0],"58":[4,0],"59":[33,0],"60":[0,0],"61":[0,0],"62":[0,0],"63":[12,0],"64":[0,0],"65":[3,5],"66":[0],"67":[0,0],"68":[0,0],"69":[0,0],"70":[0,0],"71":[0,0],"72":[0,0],"73":[0,0],"74":[0,0],"75":[0,0],"76":[0,0],"77":[0,0],"78":[0,0],"79":[0,12],"80":[0,12],"81":[0,12],"82":[0,8]},"_coverageSchema":"332fd63041d2c1bcb487cc26dd0d5f7d97098a6c","hash":"199ca3289cd89a0b421ac15b4c146cf25b697360"}
,"/Users/xieyu/Desktop/projects/state-db/test/init.js": {"path":"/Users/xieyu/Desktop/projects/state-db/test/init.js","statementMap":{"0":{"start":{"line":2,"column":11},"end":{"line":7,"column":2}},"1":{"start":{"line":3,"column":33},"end":{"line":3,"column":38}},"2":{"start":{"line":4,"column":25},"end":{"line":4,"column":30}},"3":{"start":{"line":5,"column":43},"end":{"line":5,"column":48}},"4":{"start":{"line":6,"column":43},"end":{"line":6,"column":48}},"5":{"start":{"line":9,"column":0},"end":{"line":16,"column":3}}},"fnMap":{"0":{"name":"(anonymous_0)","decl":{"start":{"line":3,"column":14},"end":{"line":3,"column":15}},"loc":{"start":{"line":3,"column":33},"end":{"line":3,"column":38}},"line":3},"1":{"name":"(anonymous_1)","decl":{"start":{"line":4,"column":16},"end":{"line":4,"column":17}},"loc":{"start":{"line":4,"column":25},"end":{"line":4,"column":30}},"line":4},"2":{"name":"(anonymous_2)","decl":{"start":{"line":5,"column":15},"end":{"line":5,"column":16}},"loc":{"start":{"line":5,"column":43},"end":{"line":5,"column":48}},"line":5},"3":{"name":"(anonymous_3)","decl":{"start":{"line":6,"column":14},"end":{"line":6,"column":15}},"loc":{"start":{"line":6,"column":43},"end":{"line":6,"column":48}},"line":6}},"branchMap":{},"s":{"0":8,"1":2,"2":0,"3":21,"4":0,"5":8},"f":{"0":2,"1":0,"2":21,"3":0},"b":{},"_coverageSchema":"332fd63041d2c1bcb487cc26dd0d5f7d97098a6c","hash":"bc97aaefc394a9d10623fa18598ca9a7433e5027"}
}
