TN:
SF:/Users/xieyu/Desktop/projects/state-db/build/bundle.esm.js
FN:1,_defineProperty
FN:16,(anonymous_1)
FN:18,(anonymous_2)
FN:20,(anonymous_3)
FN:22,(anonymous_4)
FN:24,(anonymous_5)
FN:30,(anonymous_6)
FN:31,(anonymous_7)
FN:43,(anonymous_8)
FN:59,(anonymous_9)
FN:82,(anonymous_10)
FN:83,(anonymous_11)
FN:84,(anonymous_12)
FN:95,(anonymous_13)
FN:96,(anonymous_14)
FN:102,(anonymous_15)
FN:103,(anonymous_16)
FN:109,(anonymous_17)
FN:111,(anonymous_18)
FN:128,(anonymous_19)
FN:139,(anonymous_20)
FN:145,(anonymous_21)
FN:149,(anonymous_22)
FN:153,(anonymous_23)
FN:164,(anonymous_24)
FN:178,(anonymous_25)
FN:189,(anonymous_26)
FN:212,(anonymous_27)
FN:237,(anonymous_28)
FN:244,(anonymous_29)
FN:254,(anonymous_30)
FN:260,(anonymous_31)
FN:261,(anonymous_32)
FN:269,(anonymous_33)
FN:280,(anonymous_34)
FN:280,(anonymous_35)
FN:287,(anonymous_36)
FN:293,(anonymous_37)
FN:308,(anonymous_38)
FN:313,(anonymous_39)
FN:335,(anonymous_40)
FN:337,(anonymous_41)
FN:340,(anonymous_42)
FN:363,(anonymous_43)
FN:381,(anonymous_44)
FN:400,(anonymous_45)
FN:420,(anonymous_46)
FN:445,(anonymous_47)
FN:446,(anonymous_48)
FN:447,(anonymous_49)
FN:448,(anonymous_50)
FN:452,(anonymous_51)
FN:453,(anonymous_52)
FN:455,(anonymous_53)
FN:459,(anonymous_54)
FN:462,(anonymous_55)
FN:468,(anonymous_56)
FN:470,(anonymous_57)
FN:478,(anonymous_58)
FN:480,(anonymous_59)
FN:481,(anonymous_60)
FN:507,(anonymous_61)
FN:511,(anonymous_62)
FN:515,(anonymous_63)
FN:519,(anonymous_64)
FN:544,(anonymous_65)
FN:545,(anonymous_66)
FN:552,(anonymous_67)
FN:577,(anonymous_68)
FN:587,(anonymous_69)
FN:591,(anonymous_70)
FN:599,(anonymous_71)
FN:609,(anonymous_72)
FN:613,(anonymous_73)
FNF:74
FNH:44
FNDA:274,_defineProperty
FNDA:25,(anonymous_1)
FNDA:43,(anonymous_2)
FNDA:10,(anonymous_3)
FNDA:26,(anonymous_4)
FNDA:26,(anonymous_5)
FNDA:17,(anonymous_6)
FNDA:10,(anonymous_7)
FNDA:0,(anonymous_8)
FNDA:39,(anonymous_9)
FNDA:10,(anonymous_10)
FNDA:26,(anonymous_11)
FNDA:104,(anonymous_12)
FNDA:1,(anonymous_13)
FNDA:3,(anonymous_14)
FNDA:2,(anonymous_15)
FNDA:6,(anonymous_16)
FNDA:0,(anonymous_17)
FNDA:0,(anonymous_18)
FNDA:19,(anonymous_19)
FNDA:18,(anonymous_20)
FNDA:0,(anonymous_21)
FNDA:12,(anonymous_22)
FNDA:29,(anonymous_23)
FNDA:18,(anonymous_24)
FNDA:8,(anonymous_25)
FNDA:13,(anonymous_26)
FNDA:9,(anonymous_27)
FNDA:2,(anonymous_28)
FNDA:4,(anonymous_29)
FNDA:1,(anonymous_30)
FNDA:3,(anonymous_31)
FNDA:6,(anonymous_32)
FNDA:1,(anonymous_33)
FNDA:3,(anonymous_34)
FNDA:5,(anonymous_35)
FNDA:2,(anonymous_36)
FNDA:3,(anonymous_37)
FNDA:0,(anonymous_38)
FNDA:0,(anonymous_39)
FNDA:11,(anonymous_40)
FNDA:35,(anonymous_41)
FNDA:12,(anonymous_42)
FNDA:4,(anonymous_43)
FNDA:29,(anonymous_44)
FNDA:29,(anonymous_45)
FNDA:8,(anonymous_46)
FNDA:0,(anonymous_47)
FNDA:0,(anonymous_48)
FNDA:0,(anonymous_49)
FNDA:0,(anonymous_50)
FNDA:7,(anonymous_51)
FNDA:0,(anonymous_52)
FNDA:0,(anonymous_53)
FNDA:0,(anonymous_54)
FNDA:0,(anonymous_55)
FNDA:0,(anonymous_56)
FNDA:0,(anonymous_57)
FNDA:0,(anonymous_58)
FNDA:0,(anonymous_59)
FNDA:0,(anonymous_60)
FNDA:0,(anonymous_61)
FNDA:0,(anonymous_62)
FNDA:0,(anonymous_63)
FNDA:0,(anonymous_64)
FNDA:0,(anonymous_65)
FNDA:0,(anonymous_66)
FNDA:10,(anonymous_67)
FNDA:7,(anonymous_68)
FNDA:0,(anonymous_69)
FNDA:0,(anonymous_70)
FNDA:0,(anonymous_71)
FNDA:0,(anonymous_72)
FNDA:0,(anonymous_73)
DA:2,274
DA:3,0
DA:10,274
DA:13,274
DA:16,25
DA:18,43
DA:20,10
DA:22,26
DA:24,7
DA:25,26
DA:26,26
DA:31,17
DA:32,10
DA:33,10
DA:35,10
DA:36,0
DA:38,10
DA:43,17
DA:44,0
DA:46,0
DA:47,0
DA:48,0
DA:50,0
DA:52,0
DA:53,0
DA:59,17
DA:60,39
DA:62,39
DA:63,29
DA:64,29
DA:69,17
DA:78,7
DA:79,7
DA:83,10
DA:84,26
DA:85,104
DA:91,26
DA:92,26
DA:95,10
DA:96,1
DA:97,3
DA:99,1
DA:102,10
DA:103,2
DA:104,6
DA:106,2
DA:109,10
DA:110,0
DA:111,0
DA:112,0
DA:113,0
DA:115,0
DA:116,0
DA:119,0
DA:120,0
DA:123,0
DA:128,10
DA:129,19
DA:130,19
DA:132,19
DA:133,2
DA:134,17
DA:135,17
DA:139,10
DA:140,18
DA:141,18
DA:142,18
DA:145,10
DA:146,0
DA:149,10
DA:150,12
DA:152,12
DA:153,12
DA:154,29
DA:155,29
DA:158,12
DA:160,12
DA:161,12
DA:164,10
DA:165,18
DA:166,18
DA:168,18
DA:169,15
DA:171,15
DA:172,8
DA:173,8
DA:175,7
DA:176,25
DA:178,8
DA:179,3
DA:183,4
DA:184,4
DA:189,10
DA:190,13
DA:192,13
DA:193,9
DA:195,9
DA:197,9
DA:198,2
DA:200,7
DA:205,7
DA:206,7
DA:208,4
DA:209,4
DA:211,4
DA:212,4
DA:213,9
DA:215,9
DA:216,8
DA:217,8
DA:221,4
DA:222,4
DA:228,0
DA:231,0
DA:234,13
DA:237,10
DA:238,2
DA:239,2
DA:241,2
DA:243,2
DA:244,4
DA:245,2
DA:248,2
DA:250,0
DA:254,10
DA:255,1
DA:256,1
DA:258,1
DA:260,1
DA:261,6
DA:263,1
DA:266,1
DA:269,10
DA:270,1
DA:271,0
DA:272,0
DA:275,1
DA:276,1
DA:278,1
DA:280,5
DA:281,1
DA:284,1
DA:287,10
DA:288,2
DA:289,2
DA:290,2
DA:292,2
DA:293,3
DA:294,3
DA:295,3
DA:299,2
DA:300,2
DA:302,0
DA:305,0
DA:308,10
DA:309,0
DA:310,0
DA:313,10
DA:314,0
DA:315,0
DA:318,10
DA:320,10
DA:328,10
DA:329,10
DA:330,10
DA:331,10
DA:332,10
DA:333,10
DA:335,10
DA:337,35
DA:339,10
DA:340,2
DA:341,12
DA:342,29
DA:343,1
DA:346,28
DA:347,26
DA:348,2
DA:353,9
DA:357,10
DA:358,0
DA:359,10
DA:360,1
DA:362,1
DA:363,1
DA:364,4
DA:365,4
DA:367,4
DA:368,4
DA:369,4
DA:371,0
DA:374,0
DA:381,10
DA:382,29
DA:383,29
DA:384,0
DA:385,0
DA:388,0
DA:389,0
DA:390,0
DA:391,0
DA:395,10
DA:400,10
DA:401,29
DA:404,10
DA:405,10
DA:406,0
DA:407,0
DA:410,10
DA:421,8
DA:422,8
DA:427,8
DA:429,8
DA:430,3
DA:432,5
DA:433,5
DA:443,7
DA:444,7
DA:445,0
DA:446,0
DA:447,0
DA:448,0
DA:453,7
DA:454,0
DA:455,0
DA:458,0
DA:460,0
DA:462,0
DA:463,0
DA:465,0
DA:468,0
DA:469,0
DA:470,0
DA:471,0
DA:475,0
DA:476,0
DA:478,0
DA:479,0
DA:480,0
DA:481,0
DA:483,0
DA:485,0
DA:486,0
DA:487,0
DA:494,0
DA:495,0
DA:500,0
DA:507,7
DA:508,0
DA:509,0
DA:512,0
DA:516,0
DA:518,0
DA:519,0
DA:520,0
DA:522,0
DA:523,0
DA:524,0
DA:532,0
DA:533,0
DA:534,0
DA:535,0
DA:542,0
DA:545,0
DA:546,0
DA:552,7
DA:553,10
DA:554,0
DA:555,0
DA:558,10
DA:559,0
DA:560,0
DA:563,10
DA:564,0
DA:565,0
DA:568,10
DA:569,10
DA:570,10
DA:571,10
DA:574,10
DA:577,7
DA:578,7
DA:580,7
DA:581,0
DA:583,7
DA:587,7
DA:588,0
DA:591,7
DA:592,0
DA:593,0
DA:599,7
DA:600,0
DA:601,0
DA:604,0
DA:609,7
DA:610,0
DA:613,7
DA:614,0
DA:617,7
DA:618,7
DA:619,7
LF:301
LH:200
BRDA:2,0,0,0
BRDA:2,0,1,274
BRDA:32,1,0,10
BRDA:32,1,1,0
BRDA:35,2,0,0
BRDA:35,2,1,10
BRDA:35,3,0,10
BRDA:35,3,1,0
BRDA:46,4,0,0
BRDA:46,4,1,0
BRDA:47,5,0,0
BRDA:47,5,1,0
BRDA:52,6,0,0
BRDA:52,6,1,0
BRDA:62,7,0,29
BRDA:62,7,1,10
BRDA:62,8,0,39
BRDA:62,8,1,29
BRDA:82,9,0,0
BRDA:109,10,0,0
BRDA:110,11,0,0
BRDA:110,11,1,0
BRDA:115,12,0,0
BRDA:115,12,1,0
BRDA:119,13,0,0
BRDA:119,13,1,0
BRDA:132,14,0,2
BRDA:132,14,1,17
BRDA:134,15,0,17
BRDA:134,15,1,0
BRDA:134,16,0,17
BRDA:134,16,1,0
BRDA:134,16,2,0
BRDA:149,17,0,0
BRDA:154,18,0,29
BRDA:154,18,1,0
BRDA:166,19,0,18
BRDA:166,19,1,15
BRDA:168,20,0,15
BRDA:168,20,1,3
BRDA:171,21,0,8
BRDA:171,21,1,7
BRDA:173,22,0,8
BRDA:173,22,1,8
BRDA:176,23,0,3
BRDA:176,23,1,22
BRDA:179,24,0,3
BRDA:179,24,1,0
BRDA:184,25,0,4
BRDA:184,25,1,0
BRDA:192,26,0,9
BRDA:192,26,1,4
BRDA:197,27,0,2
BRDA:197,27,1,7
BRDA:208,28,0,4
BRDA:208,28,1,0
BRDA:215,29,0,8
BRDA:215,29,1,1
BRDA:221,30,0,4
BRDA:221,30,1,0
BRDA:243,31,0,2
BRDA:243,31,1,0
BRDA:270,32,0,0
BRDA:270,32,1,1
BRDA:270,33,0,1
BRDA:270,33,1,1
BRDA:295,34,0,3
BRDA:295,34,1,3
BRDA:318,35,0,10
BRDA:318,35,1,8
BRDA:320,36,0,10
BRDA:320,36,1,10
BRDA:328,37,0,10
BRDA:328,37,1,10
BRDA:333,38,0,10
BRDA:333,38,1,0
BRDA:339,39,0,2
BRDA:339,39,1,8
BRDA:342,40,0,1
BRDA:342,40,1,28
BRDA:342,41,0,29
BRDA:342,41,1,25
BRDA:346,42,0,26
BRDA:346,42,1,2
BRDA:346,43,0,28
BRDA:346,43,1,28
BRDA:347,44,0,2
BRDA:347,44,1,24
BRDA:357,45,0,0
BRDA:357,45,1,10
BRDA:359,46,0,1
BRDA:359,46,1,9
BRDA:360,47,0,1
BRDA:360,47,1,0
BRDA:362,48,0,1
BRDA:362,48,1,0
BRDA:367,49,0,4
BRDA:367,49,1,0
BRDA:368,50,0,4
BRDA:368,50,1,0
BRDA:382,51,0,29
BRDA:382,51,1,0
BRDA:384,52,0,0
BRDA:384,52,1,0
BRDA:388,53,0,0
BRDA:388,53,1,0
BRDA:390,54,0,0
BRDA:390,54,1,0
BRDA:404,55,0,10
BRDA:404,55,1,0
BRDA:406,56,0,0
BRDA:406,56,1,0
BRDA:429,57,0,3
BRDA:429,57,1,5
BRDA:452,58,0,0
BRDA:463,59,0,0
BRDA:463,59,1,0
BRDA:465,60,0,0
BRDA:465,60,1,0
BRDA:469,61,0,0
BRDA:469,61,1,0
BRDA:479,62,0,0
BRDA:479,62,1,0
BRDA:483,63,0,0
BRDA:483,63,1,0
BRDA:485,64,0,0
BRDA:485,64,1,0
BRDA:494,65,0,0
BRDA:494,65,1,0
BRDA:518,66,0,0
BRDA:518,66,1,0
BRDA:520,67,0,0
BRDA:520,67,1,0
BRDA:522,68,0,0
BRDA:522,68,1,0
BRDA:553,69,0,0
BRDA:553,69,1,10
BRDA:558,70,0,0
BRDA:558,70,1,10
BRDA:563,71,0,0
BRDA:563,71,1,10
BRDA:580,72,0,0
BRDA:580,72,1,7
BRF:143
BRH:73
end_of_record
TN:
SF:/Users/xieyu/Desktop/projects/state-db/test/init.js
FN:3,(anonymous_0)
FN:4,(anonymous_1)
FN:5,(anonymous_2)
FN:6,(anonymous_3)
FNF:4
FNH:2
FNDA:2,(anonymous_0)
FNDA:0,(anonymous_1)
FNDA:19,(anonymous_2)
FNDA:0,(anonymous_3)
DA:2,7
DA:3,2
DA:4,0
DA:5,19
DA:6,0
DA:9,7
LF:6
LH:4
BRF:0
BRH:0
end_of_record
