TN:
SF:/Users/xieyu/Desktop/projects/state-db/src/db.js
FN:8,(anonymous_0)
FN:9,(anonymous_1)
FN:10,(anonymous_2)
FN:11,(anonymous_3)
FN:15,(anonymous_4)
FN:22,(anonymous_5)
FN:24,(anonymous_6)
FN:26,(anonymous_7)
FN:30,(anonymous_8)
FN:32,(anonymous_9)
FN:33,(anonymous_10)
FN:48,(anonymous_11)
FN:54,(anonymous_12)
FN:56,(anonymous_13)
FN:67,(anonymous_14)
FN:71,(anonymous_15)
FN:75,(anonymous_16)
FN:78,(anonymous_17)
FN:97,(anonymous_18)
FN:98,(anonymous_19)
FN:106,(anonymous_20)
FN:126,(anonymous_21)
FN:137,(anonymous_22)
FN:141,(anonymous_23)
FN:146,(anonymous_24)
FN:153,(anonymous_25)
FN:157,(anonymous_26)
FNF:27
FNH:3
FNDA:0,(anonymous_0)
FNDA:0,(anonymous_1)
FNDA:0,(anonymous_2)
FNDA:0,(anonymous_3)
FNDA:7,(anonymous_4)
FNDA:0,(anonymous_5)
FNDA:0,(anonymous_6)
FNDA:0,(anonymous_7)
FNDA:0,(anonymous_8)
FNDA:0,(anonymous_9)
FNDA:0,(anonymous_10)
FNDA:0,(anonymous_11)
FNDA:0,(anonymous_12)
FNDA:0,(anonymous_13)
FNDA:0,(anonymous_14)
FNDA:0,(anonymous_15)
FNDA:0,(anonymous_16)
FNDA:0,(anonymous_17)
FNDA:0,(anonymous_18)
FNDA:0,(anonymous_19)
FNDA:10,(anonymous_20)
FNDA:7,(anonymous_21)
FNDA:0,(anonymous_22)
FNDA:0,(anonymous_23)
FNDA:0,(anonymous_24)
FNDA:0,(anonymous_25)
FNDA:0,(anonymous_26)
DA:5,7
DA:7,7
DA:8,0
DA:9,0
DA:10,0
DA:11,0
DA:16,7
DA:17,7
DA:18,7
DA:23,0
DA:24,0
DA:25,0
DA:27,0
DA:28,0
DA:29,0
DA:30,0
DA:31,0
DA:32,0
DA:33,0
DA:34,0
DA:35,0
DA:36,0
DA:37,0
DA:40,0
DA:41,0
DA:45,0
DA:49,0
DA:51,0
DA:55,0
DA:56,0
DA:57,0
DA:68,0
DA:69,0
DA:72,0
DA:76,0
DA:77,0
DA:78,0
DA:79,0
DA:80,0
DA:81,0
DA:82,0
DA:88,0
DA:89,0
DA:90,0
DA:91,0
DA:94,0
DA:98,0
DA:99,0
DA:107,10
DA:108,0
DA:109,0
DA:111,10
DA:112,0
DA:113,0
DA:115,10
DA:116,0
DA:117,0
DA:119,10
DA:120,10
DA:121,10
DA:122,10
DA:123,10
DA:127,7
DA:128,7
DA:129,0
DA:132,7
DA:138,0
DA:142,0
DA:143,0
DA:147,0
DA:148,0
DA:150,0
DA:154,0
DA:158,0
LF:74
LH:16
BRDA:15,0,0,0
BRDA:31,1,0,0
BRDA:31,1,1,0
BRDA:34,2,0,0
BRDA:34,2,1,0
BRDA:35,3,0,0
BRDA:35,3,1,0
BRDA:40,4,0,0
BRDA:40,4,1,0
BRDA:49,5,0,0
BRDA:49,5,1,0
BRDA:51,6,0,0
BRDA:51,6,1,0
BRDA:55,7,0,0
BRDA:55,7,1,0
BRDA:77,8,0,0
BRDA:77,8,1,0
BRDA:79,9,0,0
BRDA:79,9,1,0
BRDA:80,10,0,0
BRDA:80,10,1,0
BRDA:107,11,0,0
BRDA:107,11,1,10
BRDA:111,12,0,0
BRDA:111,12,1,10
BRDA:115,13,0,0
BRDA:115,13,1,10
BRDA:128,14,0,0
BRDA:128,14,1,7
BRF:29
BRH:4
end_of_record
TN:
SF:/Users/xieyu/Desktop/projects/state-db/src/observer.js
FN:4,(anonymous_0)
FN:8,(anonymous_1)
FN:20,(anonymous_2)
FN:35,(anonymous_3)
FNF:4
FNH:3
FNDA:17,(anonymous_0)
FNDA:10,(anonymous_1)
FNDA:0,(anonymous_2)
FNDA:36,(anonymous_3)
DA:5,17
DA:9,10
DA:10,10
DA:11,10
DA:12,0
DA:15,10
DA:21,0
DA:22,0
DA:23,0
DA:24,0
DA:27,0
DA:28,0
DA:29,0
DA:36,36
DA:38,36
DA:39,26
DA:40,26
LF:17
LH:9
BRDA:9,0,0,10
BRDA:9,0,1,0
BRDA:11,1,0,0
BRDA:11,1,1,10
BRDA:11,2,0,10
BRDA:11,2,1,0
BRDA:22,3,0,0
BRDA:22,3,1,0
BRDA:23,4,0,0
BRDA:23,4,1,0
BRDA:28,5,0,0
BRDA:28,5,1,0
BRDA:38,6,0,26
BRDA:38,6,1,10
BRDA:38,7,0,36
BRDA:38,7,1,26
BRF:16
BRH:7
end_of_record
TN:
SF:/Users/xieyu/Desktop/projects/state-db/src/table.js
FN:11,(anonymous_0)
FN:27,(anonymous_1)
FN:28,(anonymous_2)
FN:30,(anonymous_3)
FN:51,(anonymous_4)
FN:70,(anonymous_5)
FN:90,(anonymous_6)
FN:106,(anonymous_7)
FN:107,(anonymous_8)
FN:118,(anonymous_9)
FN:119,(anonymous_10)
FN:125,(anonymous_11)
FN:126,(anonymous_12)
FN:135,(anonymous_13)
FN:137,(anonymous_14)
FN:154,(anonymous_15)
FN:168,(anonymous_16)
FN:188,(anonymous_17)
FN:198,(anonymous_18)
FN:205,(anonymous_19)
FN:208,(anonymous_20)
FN:221,(anonymous_21)
FN:245,(anonymous_22)
FN:262,(anonymous_23)
FN:287,(anonymous_24)
FN:293,(anonymous_25)
FN:305,(anonymous_26)
FN:310,(anonymous_27)
FN:311,(anonymous_28)
FN:321,(anonymous_29)
FN:330,(anonymous_30)
FN:330,(anonymous_31)
FN:340,(anonymous_32)
FN:347,(anonymous_33)
FN:362,(anonymous_34)
FN:367,(anonymous_35)
FNF:36
FNH:31
FNDA:10,(anonymous_0)
FNDA:8,(anonymous_1)
FNDA:32,(anonymous_2)
FNDA:12,(anonymous_3)
FNDA:4,(anonymous_4)
FNDA:26,(anonymous_5)
FNDA:26,(anonymous_6)
FNDA:21,(anonymous_7)
FNDA:69,(anonymous_8)
FNDA:1,(anonymous_9)
FNDA:3,(anonymous_10)
FNDA:2,(anonymous_11)
FNDA:6,(anonymous_12)
FNDA:0,(anonymous_13)
FNDA:0,(anonymous_14)
FNDA:14,(anonymous_15)
FNDA:8,(anonymous_16)
FNDA:15,(anonymous_17)
FNDA:0,(anonymous_18)
FNDA:12,(anonymous_19)
FNDA:29,(anonymous_20)
FNDA:15,(anonymous_21)
FNDA:10,(anonymous_22)
FNDA:8,(anonymous_23)
FNDA:2,(anonymous_24)
FNDA:4,(anonymous_25)
FNDA:1,(anonymous_26)
FNDA:3,(anonymous_27)
FNDA:6,(anonymous_28)
FNDA:1,(anonymous_29)
FNDA:3,(anonymous_30)
FNDA:5,(anonymous_31)
FNDA:2,(anonymous_32)
FNDA:3,(anonymous_33)
FNDA:0,(anonymous_34)
FNDA:0,(anonymous_35)
DA:7,7
DA:8,7
DA:12,10
DA:14,10
DA:21,10
DA:22,10
DA:23,10
DA:24,10
DA:25,10
DA:26,10
DA:27,10
DA:28,32
DA:29,10
DA:30,2
DA:31,12
DA:32,29
DA:33,1
DA:35,28
DA:36,26
DA:37,2
DA:41,9
DA:45,10
DA:46,0
DA:48,10
DA:49,1
DA:50,1
DA:51,1
DA:52,4
DA:53,4
DA:54,4
DA:55,4
DA:56,4
DA:59,0
DA:63,0
DA:70,10
DA:71,26
DA:72,26
DA:74,0
DA:75,0
DA:77,0
DA:78,0
DA:80,0
DA:81,0
DA:85,10
DA:90,10
DA:91,26
DA:93,10
DA:94,10
DA:96,0
DA:97,0
DA:100,10
DA:107,21
DA:108,69
DA:113,21
DA:115,21
DA:119,1
DA:120,3
DA:122,1
DA:126,2
DA:127,6
DA:129,2
DA:136,0
DA:137,0
DA:138,0
DA:139,0
DA:140,0
DA:141,0
DA:143,0
DA:144,0
DA:146,0
DA:155,14
DA:156,14
DA:157,14
DA:158,2
DA:160,12
DA:161,12
DA:169,8
DA:170,8
DA:174,8
DA:176,8
DA:177,3
DA:180,5
DA:181,5
DA:189,15
DA:190,15
DA:192,15
DA:199,0
DA:206,12
DA:207,12
DA:208,12
DA:209,29
DA:210,29
DA:213,12
DA:214,12
DA:215,12
DA:222,15
DA:223,15
DA:224,15
DA:225,12
DA:226,12
DA:227,8
DA:228,8
DA:231,4
DA:232,10
DA:233,0
DA:234,0
DA:237,4
DA:238,4
DA:246,10
DA:247,10
DA:248,7
DA:249,7
DA:250,7
DA:251,2
DA:254,5
DA:255,5
DA:256,5
DA:259,3
DA:260,3
DA:261,3
DA:262,3
DA:263,8
DA:264,8
DA:265,7
DA:266,7
DA:269,3
DA:270,3
DA:273,0
DA:277,0
DA:279,10
DA:288,2
DA:289,2
DA:290,2
DA:292,2
DA:293,4
DA:294,2
DA:295,2
DA:298,0
DA:306,1
DA:307,1
DA:308,1
DA:310,1
DA:311,6
DA:313,1
DA:314,1
DA:322,1
DA:323,0
DA:324,0
DA:326,1
DA:327,1
DA:328,1
DA:330,5
DA:332,1
DA:333,1
DA:341,2
DA:342,2
DA:343,2
DA:345,2
DA:347,3
DA:348,3
DA:349,3
DA:353,2
DA:354,2
DA:356,0
DA:358,0
DA:363,0
DA:364,0
DA:368,0
DA:369,0
LF:169
LH:135
BRDA:11,0,0,0
BRDA:12,1,0,10
BRDA:12,1,1,8
BRDA:14,2,0,10
BRDA:14,2,1,10
BRDA:21,3,0,10
BRDA:21,3,1,10
BRDA:26,4,0,10
BRDA:26,4,1,0
BRDA:29,5,0,2
BRDA:29,5,1,8
BRDA:32,6,0,1
BRDA:32,6,1,28
BRDA:32,7,0,29
BRDA:32,7,1,25
BRDA:35,8,0,26
BRDA:35,8,1,2
BRDA:35,9,0,28
BRDA:35,9,1,28
BRDA:36,10,0,2
BRDA:36,10,1,24
BRDA:45,11,0,0
BRDA:45,11,1,10
BRDA:48,12,0,1
BRDA:48,12,1,9
BRDA:49,13,0,1
BRDA:49,13,1,0
BRDA:50,14,0,1
BRDA:50,14,1,0
BRDA:54,15,0,4
BRDA:54,15,1,0
BRDA:55,16,0,4
BRDA:55,16,1,0
BRDA:71,17,0,26
BRDA:71,17,1,0
BRDA:74,18,0,0
BRDA:74,18,1,0
BRDA:77,19,0,0
BRDA:77,19,1,0
BRDA:80,20,0,0
BRDA:80,20,1,0
BRDA:93,21,0,10
BRDA:93,21,1,0
BRDA:96,22,0,0
BRDA:96,22,1,0
BRDA:135,23,0,0
BRDA:136,24,0,0
BRDA:136,24,1,0
BRDA:140,25,0,0
BRDA:140,25,1,0
BRDA:143,26,0,0
BRDA:143,26,1,0
BRDA:157,27,0,2
BRDA:157,27,1,12
BRDA:160,28,0,12
BRDA:160,28,1,0
BRDA:160,29,0,12
BRDA:160,29,1,0
BRDA:160,29,2,0
BRDA:176,30,0,3
BRDA:176,30,1,5
BRDA:205,31,0,0
BRDA:209,32,0,29
BRDA:209,32,1,0
BRDA:223,33,0,15
BRDA:223,33,1,15
BRDA:224,34,0,12
BRDA:224,34,1,3
BRDA:226,35,0,8
BRDA:226,35,1,4
BRDA:228,36,0,8
BRDA:228,36,1,8
BRDA:232,37,0,0
BRDA:232,37,1,10
BRDA:234,38,0,0
BRDA:234,38,1,0
BRDA:238,39,0,4
BRDA:238,39,1,0
BRDA:247,40,0,7
BRDA:247,40,1,3
BRDA:250,41,0,2
BRDA:250,41,1,5
BRDA:259,42,0,3
BRDA:259,42,1,0
BRDA:264,43,0,7
BRDA:264,43,1,1
BRDA:269,44,0,3
BRDA:269,44,1,0
BRDA:292,45,0,2
BRDA:292,45,1,0
BRDA:322,46,0,0
BRDA:322,46,1,1
BRDA:322,47,0,1
BRDA:322,47,1,1
BRDA:349,48,0,3
BRDA:349,48,1,3
BRF:96
BRH:59
end_of_record
TN:
SF:/Users/xieyu/Desktop/projects/state-db/src/utils.js
FN:1,(anonymous_0)
FN:2,(anonymous_1)
FN:3,(anonymous_2)
FN:4,(anonymous_3)
FN:6,(anonymous_4)
FN:10,(anonymous_5)
FNF:6
FNH:5
FNDA:24,(anonymous_0)
FNDA:40,(anonymous_1)
FNDA:10,(anonymous_2)
FNDA:23,(anonymous_3)
FNDA:26,(anonymous_4)
FNDA:0,(anonymous_5)
DA:1,24
DA:2,40
DA:3,10
DA:4,23
DA:6,7
DA:7,26
DA:8,26
DA:10,7
LF:8
LH:8
BRF:0
BRH:0
end_of_record
TN:
SF:/Users/xieyu/Desktop/projects/state-db/test/init.js
FN:3,(anonymous_0)
FN:4,(anonymous_1)
FN:5,(anonymous_2)
FN:6,(anonymous_3)
FNF:4
FNH:2
FNDA:2,(anonymous_0)
FNDA:0,(anonymous_1)
FNDA:17,(anonymous_2)
FNDA:0,(anonymous_3)
DA:2,7
DA:3,2
DA:4,0
DA:5,17
DA:6,0
DA:9,7
LF:6
LH:4
BRF:0
BRH:0
end_of_record
